running egg_info
writing ../../build/manipulator_control/manipulator_control.egg-info/PKG-INFO
writing dependency_links to ../../build/manipulator_control/manipulator_control.egg-info/dependency_links.txt
writing entry points to ../../build/manipulator_control/manipulator_control.egg-info/entry_points.txt
writing requirements to ../../build/manipulator_control/manipulator_control.egg-info/requires.txt
writing top-level names to ../../build/manipulator_control/manipulator_control.egg-info/top_level.txt
reading manifest file '../../build/manipulator_control/manipulator_control.egg-info/SOURCES.txt'
writing manifest file '../../build/manipulator_control/manipulator_control.egg-info/SOURCES.txt'
running build
running build_py
copying manipulator_control/manipulator_control_node.py -> /home/student35/Documents/Group5/ros2_ws/build/manipulator_control/build/lib/manipulator_control
running install
running install_lib
copying /home/student35/Documents/Group5/ros2_ws/build/manipulator_control/build/lib/manipulator_control/manipulator_control_node.py -> /home/student35/Documents/Group5/ros2_ws/install/manipulator_control/lib/python3.12/site-packages/manipulator_control
byte-compiling /home/student35/Documents/Group5/ros2_ws/install/manipulator_control/lib/python3.12/site-packages/manipulator_control/manipulator_control_node.py to manipulator_control_node.cpython-312.pyc
running install_data
running install_egg_info
removing '/home/student35/Documents/Group5/ros2_ws/install/manipulator_control/lib/python3.12/site-packages/manipulator_control-0.0.0-py3.12.egg-info' (and everything under it)
Copying ../../build/manipulator_control/manipulator_control.egg-info to /home/student35/Documents/Group5/ros2_ws/install/manipulator_control/lib/python3.12/site-packages/manipulator_control-0.0.0-py3.12.egg-info
running install_scripts
Installing manipulator_control_node script to /home/student35/Documents/Group5/ros2_ws/install/manipulator_control/lib/manipulator_control
writing list of installed files to '/home/student35/Documents/Group5/ros2_ws/build/manipulator_control/install.log'
