[  2%] Built target leo_rover_custom_interface_package__rosidl_generator_type_description
[  2%] Built target ament_cmake_python_copy_leo_rover_custom_interface_package
[  5%] Built target leo_rover_custom_interface_package__cpp
[ 20%] Built target leo_rover_custom_interface_package__rosidl_generator_c
[ 29%] Built target leo_rover_custom_interface_package__rosidl_typesupport_fastrtps_cpp
[ 41%] Built target leo_rover_custom_interface_package__rosidl_typesupport_cpp
[ 50%] Built target leo_rover_custom_interface_package__rosidl_typesupport_c
[ 55%] Built target leo_rover_custom_interface_package__rosidl_typesupport_introspection_c
[ 64%] Built target leo_rover_custom_interface_package__rosidl_typesupport_fastrtps_c
[ 73%] Built target leo_rover_custom_interface_package__rosidl_typesupport_introspection_cpp
[ 73%] Built target leo_rover_custom_interface_package
[ 76%] Built target leo_rover_custom_interface_package__py
[ 82%] Built target leo_rover_custom_interface_package__rosidl_generator_py
[ 88%] Built target leo_rover_custom_interface_package_s__rosidl_typesupport_fastrtps_c
[ 94%] Built target leo_rover_custom_interface_package_s__rosidl_typesupport_c
[100%] Built target leo_rover_custom_interface_package_s__rosidl_typesupport_introspection_c
running egg_info
writing leo_rover_custom_interface_package.egg-info/PKG-INFO
writing dependency_links to leo_rover_custom_interface_package.egg-info/dependency_links.txt
writing top-level names to leo_rover_custom_interface_package.egg-info/top_level.txt
reading manifest file 'leo_rover_custom_interface_package.egg-info/SOURCES.txt'
writing manifest file 'leo_rover_custom_interface_package.egg-info/SOURCES.txt'
[100%] Built target ament_cmake_python_build_leo_rover_custom_interface_package_egg
-- Install configuration: ""
-- Up-to-date: /home/student35/Documents/Group5/ros2_ws/install/leo_rover_custom_interface_package/share/ament_index/resource_index/rosidl_interfaces/leo_rover_custom_interface_package
-- Up-to-date: /home/student35/Documents/Group5/ros2_ws/install/leo_rover_custom_interface_package/share/leo_rover_custom_interface_package/msg/Gripper.json
-- Up-to-date: /home/student35/Documents/Group5/ros2_ws/install/leo_rover_custom_interface_package/include/leo_rover_custom_interface_package/leo_rover_custom_interface_package
-- Up-to-date: /home/student35/Documents/Group5/ros2_ws/install/leo_rover_custom_interface_package/include/leo_rover_custom_interface_package/leo_rover_custom_interface_package/msg
-- Up-to-date: /home/student35/Documents/Group5/ros2_ws/install/leo_rover_custom_interface_package/include/leo_rover_custom_interface_package/leo_rover_custom_interface_package/msg/rosidl_generator_c__visibility_control.h
-- Up-to-date: /home/student35/Documents/Group5/ros2_ws/install/leo_rover_custom_interface_package/include/leo_rover_custom_interface_package/leo_rover_custom_interface_package/msg/gripper.h
-- Up-to-date: /home/student35/Documents/Group5/ros2_ws/install/leo_rover_custom_interface_package/include/leo_rover_custom_interface_package/leo_rover_custom_interface_package/msg/detail
-- Up-to-date: /home/student35/Documents/Group5/ros2_ws/install/leo_rover_custom_interface_package/include/leo_rover_custom_interface_package/leo_rover_custom_interface_package/msg/detail/gripper__functions.c
-- Up-to-date: /home/student35/Documents/Group5/ros2_ws/install/leo_rover_custom_interface_package/include/leo_rover_custom_interface_package/leo_rover_custom_interface_package/msg/detail/gripper__struct.h
-- Up-to-date: /home/student35/Documents/Group5/ros2_ws/install/leo_rover_custom_interface_package/include/leo_rover_custom_interface_package/leo_rover_custom_interface_package/msg/detail/gripper__functions.h
-- Up-to-date: /home/student35/Documents/Group5/ros2_ws/install/leo_rover_custom_interface_package/include/leo_rover_custom_interface_package/leo_rover_custom_interface_package/msg/detail/gripper__type_support.h
-- Up-to-date: /home/student35/Documents/Group5/ros2_ws/install/leo_rover_custom_interface_package/include/leo_rover_custom_interface_package/leo_rover_custom_interface_package/msg/detail/gripper__type_support.c
-- Up-to-date: /home/student35/Documents/Group5/ros2_ws/install/leo_rover_custom_interface_package/include/leo_rover_custom_interface_package/leo_rover_custom_interface_package/msg/detail/gripper__description.c
-- Up-to-date: /home/student35/Documents/Group5/ros2_ws/install/leo_rover_custom_interface_package/share/leo_rover_custom_interface_package/environment/library_path.sh
-- Up-to-date: /home/student35/Documents/Group5/ros2_ws/install/leo_rover_custom_interface_package/share/leo_rover_custom_interface_package/environment/library_path.dsv
-- Up-to-date: /home/student35/Documents/Group5/ros2_ws/install/leo_rover_custom_interface_package/lib/libleo_rover_custom_interface_package__rosidl_generator_c.so
-- Up-to-date: /home/student35/Documents/Group5/ros2_ws/install/leo_rover_custom_interface_package/include/leo_rover_custom_interface_package/leo_rover_custom_interface_package
-- Up-to-date: /home/student35/Documents/Group5/ros2_ws/install/leo_rover_custom_interface_package/include/leo_rover_custom_interface_package/leo_rover_custom_interface_package/msg
-- Up-to-date: /home/student35/Documents/Group5/ros2_ws/install/leo_rover_custom_interface_package/include/leo_rover_custom_interface_package/leo_rover_custom_interface_package/msg/rosidl_typesupport_fastrtps_c__visibility_control.h
-- Up-to-date: /home/student35/Documents/Group5/ros2_ws/install/leo_rover_custom_interface_package/include/leo_rover_custom_interface_package/leo_rover_custom_interface_package/msg/detail
-- Up-to-date: /home/student35/Documents/Group5/ros2_ws/install/leo_rover_custom_interface_package/include/leo_rover_custom_interface_package/leo_rover_custom_interface_package/msg/detail/gripper__rosidl_typesupport_fastrtps_c.h
-- Up-to-date: /home/student35/Documents/Group5/ros2_ws/install/leo_rover_custom_interface_package/lib/libleo_rover_custom_interface_package__rosidl_typesupport_fastrtps_c.so
-- Up-to-date: /home/student35/Documents/Group5/ros2_ws/install/leo_rover_custom_interface_package/include/leo_rover_custom_interface_package/leo_rover_custom_interface_package
-- Up-to-date: /home/student35/Documents/Group5/ros2_ws/install/leo_rover_custom_interface_package/include/leo_rover_custom_interface_package/leo_rover_custom_interface_package/msg
-- Up-to-date: /home/student35/Documents/Group5/ros2_ws/install/leo_rover_custom_interface_package/include/leo_rover_custom_interface_package/leo_rover_custom_interface_package/msg/rosidl_generator_cpp__visibility_control.hpp
-- Up-to-date: /home/student35/Documents/Group5/ros2_ws/install/leo_rover_custom_interface_package/include/leo_rover_custom_interface_package/leo_rover_custom_interface_package/msg/gripper.hpp
-- Up-to-date: /home/student35/Documents/Group5/ros2_ws/install/leo_rover_custom_interface_package/include/leo_rover_custom_interface_package/leo_rover_custom_interface_package/msg/detail
-- Up-to-date: /home/student35/Documents/Group5/ros2_ws/install/leo_rover_custom_interface_package/include/leo_rover_custom_interface_package/leo_rover_custom_interface_package/msg/detail/gripper__builder.hpp
-- Up-to-date: /home/student35/Documents/Group5/ros2_ws/install/leo_rover_custom_interface_package/include/leo_rover_custom_interface_package/leo_rover_custom_interface_package/msg/detail/gripper__traits.hpp
-- Up-to-date: /home/student35/Documents/Group5/ros2_ws/install/leo_rover_custom_interface_package/include/leo_rover_custom_interface_package/leo_rover_custom_interface_package/msg/detail/gripper__type_support.hpp
-- Up-to-date: /home/student35/Documents/Group5/ros2_ws/install/leo_rover_custom_interface_package/include/leo_rover_custom_interface_package/leo_rover_custom_interface_package/msg/detail/gripper__struct.hpp
-- Up-to-date: /home/student35/Documents/Group5/ros2_ws/install/leo_rover_custom_interface_package/include/leo_rover_custom_interface_package/leo_rover_custom_interface_package
-- Up-to-date: /home/student35/Documents/Group5/ros2_ws/install/leo_rover_custom_interface_package/include/leo_rover_custom_interface_package/leo_rover_custom_interface_package/msg
-- Up-to-date: /home/student35/Documents/Group5/ros2_ws/install/leo_rover_custom_interface_package/include/leo_rover_custom_interface_package/leo_rover_custom_interface_package/msg/detail
-- Up-to-date: /home/student35/Documents/Group5/ros2_ws/install/leo_rover_custom_interface_package/include/leo_rover_custom_interface_package/leo_rover_custom_interface_package/msg/detail/dds_fastrtps
-- Up-to-date: /home/student35/Documents/Group5/ros2_ws/install/leo_rover_custom_interface_package/include/leo_rover_custom_interface_package/leo_rover_custom_interface_package/msg/detail/gripper__rosidl_typesupport_fastrtps_cpp.hpp
-- Up-to-date: /home/student35/Documents/Group5/ros2_ws/install/leo_rover_custom_interface_package/include/leo_rover_custom_interface_package/leo_rover_custom_interface_package/msg/rosidl_typesupport_fastrtps_cpp__visibility_control.h
-- Up-to-date: /home/student35/Documents/Group5/ros2_ws/install/leo_rover_custom_interface_package/lib/libleo_rover_custom_interface_package__rosidl_typesupport_fastrtps_cpp.so
-- Up-to-date: /home/student35/Documents/Group5/ros2_ws/install/leo_rover_custom_interface_package/include/leo_rover_custom_interface_package/leo_rover_custom_interface_package
-- Up-to-date: /home/student35/Documents/Group5/ros2_ws/install/leo_rover_custom_interface_package/include/leo_rover_custom_interface_package/leo_rover_custom_interface_package/msg
-- Up-to-date: /home/student35/Documents/Group5/ros2_ws/install/leo_rover_custom_interface_package/include/leo_rover_custom_interface_package/leo_rover_custom_interface_package/msg/rosidl_typesupport_introspection_c__visibility_control.h
-- Up-to-date: /home/student35/Documents/Group5/ros2_ws/install/leo_rover_custom_interface_package/include/leo_rover_custom_interface_package/leo_rover_custom_interface_package/msg/detail
-- Up-to-date: /home/student35/Documents/Group5/ros2_ws/install/leo_rover_custom_interface_package/include/leo_rover_custom_interface_package/leo_rover_custom_interface_package/msg/detail/gripper__rosidl_typesupport_introspection_c.h
-- Up-to-date: /home/student35/Documents/Group5/ros2_ws/install/leo_rover_custom_interface_package/include/leo_rover_custom_interface_package/leo_rover_custom_interface_package/msg/detail/gripper__type_support.c
-- Up-to-date: /home/student35/Documents/Group5/ros2_ws/install/leo_rover_custom_interface_package/lib/libleo_rover_custom_interface_package__rosidl_typesupport_introspection_c.so
-- Up-to-date: /home/student35/Documents/Group5/ros2_ws/install/leo_rover_custom_interface_package/lib/libleo_rover_custom_interface_package__rosidl_typesupport_c.so
-- Up-to-date: /home/student35/Documents/Group5/ros2_ws/install/leo_rover_custom_interface_package/include/leo_rover_custom_interface_package/leo_rover_custom_interface_package
-- Up-to-date: /home/student35/Documents/Group5/ros2_ws/install/leo_rover_custom_interface_package/include/leo_rover_custom_interface_package/leo_rover_custom_interface_package/msg
-- Up-to-date: /home/student35/Documents/Group5/ros2_ws/install/leo_rover_custom_interface_package/include/leo_rover_custom_interface_package/leo_rover_custom_interface_package/msg/detail
-- Up-to-date: /home/student35/Documents/Group5/ros2_ws/install/leo_rover_custom_interface_package/include/leo_rover_custom_interface_package/leo_rover_custom_interface_package/msg/detail/gripper__rosidl_typesupport_introspection_cpp.hpp
-- Up-to-date: /home/student35/Documents/Group5/ros2_ws/install/leo_rover_custom_interface_package/include/leo_rover_custom_interface_package/leo_rover_custom_interface_package/msg/detail/gripper__type_support.cpp
-- Up-to-date: /home/student35/Documents/Group5/ros2_ws/install/leo_rover_custom_interface_package/lib/libleo_rover_custom_interface_package__rosidl_typesupport_introspection_cpp.so
-- Up-to-date: /home/student35/Documents/Group5/ros2_ws/install/leo_rover_custom_interface_package/lib/libleo_rover_custom_interface_package__rosidl_typesupport_cpp.so
-- Up-to-date: /home/student35/Documents/Group5/ros2_ws/install/leo_rover_custom_interface_package/share/leo_rover_custom_interface_package/environment/pythonpath.sh
-- Up-to-date: /home/student35/Documents/Group5/ros2_ws/install/leo_rover_custom_interface_package/share/leo_rover_custom_interface_package/environment/pythonpath.dsv
-- Up-to-date: /home/student35/Documents/Group5/ros2_ws/install/leo_rover_custom_interface_package/lib/python3.12/site-packages/leo_rover_custom_interface_package-0.0.0-py3.12.egg-info
-- Installing: /home/student35/Documents/Group5/ros2_ws/install/leo_rover_custom_interface_package/lib/python3.12/site-packages/leo_rover_custom_interface_package-0.0.0-py3.12.egg-info/dependency_links.txt
-- Installing: /home/student35/Documents/Group5/ros2_ws/install/leo_rover_custom_interface_package/lib/python3.12/site-packages/leo_rover_custom_interface_package-0.0.0-py3.12.egg-info/SOURCES.txt
-- Installing: /home/student35/Documents/Group5/ros2_ws/install/leo_rover_custom_interface_package/lib/python3.12/site-packages/leo_rover_custom_interface_package-0.0.0-py3.12.egg-info/PKG-INFO
-- Installing: /home/student35/Documents/Group5/ros2_ws/install/leo_rover_custom_interface_package/lib/python3.12/site-packages/leo_rover_custom_interface_package-0.0.0-py3.12.egg-info/top_level.txt
-- Up-to-date: /home/student35/Documents/Group5/ros2_ws/install/leo_rover_custom_interface_package/lib/python3.12/site-packages/leo_rover_custom_interface_package
-- Up-to-date: /home/student35/Documents/Group5/ros2_ws/install/leo_rover_custom_interface_package/lib/python3.12/site-packages/leo_rover_custom_interface_package/__init__.py
-- Up-to-date: /home/student35/Documents/Group5/ros2_ws/install/leo_rover_custom_interface_package/lib/python3.12/site-packages/leo_rover_custom_interface_package/leo_rover_custom_interface_package_s__rosidl_typesupport_introspection_c.so
-- Up-to-date: /home/student35/Documents/Group5/ros2_ws/install/leo_rover_custom_interface_package/lib/python3.12/site-packages/leo_rover_custom_interface_package/leo_rover_custom_interface_package_s__rosidl_typesupport_fastrtps_c.so
-- Up-to-date: /home/student35/Documents/Group5/ros2_ws/install/leo_rover_custom_interface_package/lib/python3.12/site-packages/leo_rover_custom_interface_package/_leo_rover_custom_interface_package_s.ep.rosidl_typesupport_fastrtps_c.c
-- Up-to-date: /home/student35/Documents/Group5/ros2_ws/install/leo_rover_custom_interface_package/lib/python3.12/site-packages/leo_rover_custom_interface_package/_leo_rover_custom_interface_package_s.ep.rosidl_typesupport_c.c
-- Up-to-date: /home/student35/Documents/Group5/ros2_ws/install/leo_rover_custom_interface_package/lib/python3.12/site-packages/leo_rover_custom_interface_package/leo_rover_custom_interface_package_s__rosidl_typesupport_c.so
-- Up-to-date: /home/student35/Documents/Group5/ros2_ws/install/leo_rover_custom_interface_package/lib/python3.12/site-packages/leo_rover_custom_interface_package/_leo_rover_custom_interface_package_s.ep.rosidl_typesupport_introspection_c.c
-- Up-to-date: /home/student35/Documents/Group5/ros2_ws/install/leo_rover_custom_interface_package/lib/python3.12/site-packages/leo_rover_custom_interface_package/msg
-- Up-to-date: /home/student35/Documents/Group5/ros2_ws/install/leo_rover_custom_interface_package/lib/python3.12/site-packages/leo_rover_custom_interface_package/msg/__init__.py
-- Up-to-date: /home/student35/Documents/Group5/ros2_ws/install/leo_rover_custom_interface_package/lib/python3.12/site-packages/leo_rover_custom_interface_package/msg/_gripper_s.c
-- Up-to-date: /home/student35/Documents/Group5/ros2_ws/install/leo_rover_custom_interface_package/lib/python3.12/site-packages/leo_rover_custom_interface_package/msg/_gripper.py
Listing '/home/student35/Documents/Group5/ros2_ws/install/leo_rover_custom_interface_package/lib/python3.12/site-packages/leo_rover_custom_interface_package'...
Listing '/home/student35/Documents/Group5/ros2_ws/install/leo_rover_custom_interface_package/lib/python3.12/site-packages/leo_rover_custom_interface_package/msg'...
-- Up-to-date: /home/student35/Documents/Group5/ros2_ws/install/leo_rover_custom_interface_package/lib/python3.12/site-packages/leo_rover_custom_interface_package/leo_rover_custom_interface_package_s__rosidl_typesupport_fastrtps_c.so
-- Up-to-date: /home/student35/Documents/Group5/ros2_ws/install/leo_rover_custom_interface_package/lib/python3.12/site-packages/leo_rover_custom_interface_package/leo_rover_custom_interface_package_s__rosidl_typesupport_introspection_c.so
-- Up-to-date: /home/student35/Documents/Group5/ros2_ws/install/leo_rover_custom_interface_package/lib/python3.12/site-packages/leo_rover_custom_interface_package/leo_rover_custom_interface_package_s__rosidl_typesupport_c.so
-- Up-to-date: /home/student35/Documents/Group5/ros2_ws/install/leo_rover_custom_interface_package/lib/libleo_rover_custom_interface_package__rosidl_generator_py.so
-- Up-to-date: /home/student35/Documents/Group5/ros2_ws/install/leo_rover_custom_interface_package/share/leo_rover_custom_interface_package/msg/Gripper.idl
-- Up-to-date: /home/student35/Documents/Group5/ros2_ws/install/leo_rover_custom_interface_package/share/leo_rover_custom_interface_package/msg/Gripper.msg
-- Up-to-date: /home/student35/Documents/Group5/ros2_ws/install/leo_rover_custom_interface_package/share/ament_index/resource_index/package_run_dependencies/leo_rover_custom_interface_package
-- Up-to-date: /home/student35/Documents/Group5/ros2_ws/install/leo_rover_custom_interface_package/share/ament_index/resource_index/parent_prefix_path/leo_rover_custom_interface_package
-- Up-to-date: /home/student35/Documents/Group5/ros2_ws/install/leo_rover_custom_interface_package/share/leo_rover_custom_interface_package/environment/ament_prefix_path.sh
-- Up-to-date: /home/student35/Documents/Group5/ros2_ws/install/leo_rover_custom_interface_package/share/leo_rover_custom_interface_package/environment/ament_prefix_path.dsv
-- Up-to-date: /home/student35/Documents/Group5/ros2_ws/install/leo_rover_custom_interface_package/share/leo_rover_custom_interface_package/environment/path.sh
-- Up-to-date: /home/student35/Documents/Group5/ros2_ws/install/leo_rover_custom_interface_package/share/leo_rover_custom_interface_package/environment/path.dsv
-- Up-to-date: /home/student35/Documents/Group5/ros2_ws/install/leo_rover_custom_interface_package/share/leo_rover_custom_interface_package/local_setup.bash
-- Up-to-date: /home/student35/Documents/Group5/ros2_ws/install/leo_rover_custom_interface_package/share/leo_rover_custom_interface_package/local_setup.sh
-- Up-to-date: /home/student35/Documents/Group5/ros2_ws/install/leo_rover_custom_interface_package/share/leo_rover_custom_interface_package/local_setup.zsh
-- Up-to-date: /home/student35/Documents/Group5/ros2_ws/install/leo_rover_custom_interface_package/share/leo_rover_custom_interface_package/local_setup.dsv
-- Installing: /home/student35/Documents/Group5/ros2_ws/install/leo_rover_custom_interface_package/share/leo_rover_custom_interface_package/package.dsv
-- Up-to-date: /home/student35/Documents/Group5/ros2_ws/install/leo_rover_custom_interface_package/share/ament_index/resource_index/packages/leo_rover_custom_interface_package
-- Up-to-date: /home/student35/Documents/Group5/ros2_ws/install/leo_rover_custom_interface_package/share/leo_rover_custom_interface_package/cmake/export_leo_rover_custom_interface_package__rosidl_generator_cExport.cmake
-- Up-to-date: /home/student35/Documents/Group5/ros2_ws/install/leo_rover_custom_interface_package/share/leo_rover_custom_interface_package/cmake/export_leo_rover_custom_interface_package__rosidl_generator_cExport-noconfig.cmake
-- Up-to-date: /home/student35/Documents/Group5/ros2_ws/install/leo_rover_custom_interface_package/share/leo_rover_custom_interface_package/cmake/export_leo_rover_custom_interface_package__rosidl_typesupport_fastrtps_cExport.cmake
-- Up-to-date: /home/student35/Documents/Group5/ros2_ws/install/leo_rover_custom_interface_package/share/leo_rover_custom_interface_package/cmake/export_leo_rover_custom_interface_package__rosidl_typesupport_fastrtps_cExport-noconfig.cmake
-- Up-to-date: /home/student35/Documents/Group5/ros2_ws/install/leo_rover_custom_interface_package/share/leo_rover_custom_interface_package/cmake/export_leo_rover_custom_interface_package__rosidl_generator_cppExport.cmake
-- Up-to-date: /home/student35/Documents/Group5/ros2_ws/install/leo_rover_custom_interface_package/share/leo_rover_custom_interface_package/cmake/export_leo_rover_custom_interface_package__rosidl_typesupport_fastrtps_cppExport.cmake
-- Up-to-date: /home/student35/Documents/Group5/ros2_ws/install/leo_rover_custom_interface_package/share/leo_rover_custom_interface_package/cmake/export_leo_rover_custom_interface_package__rosidl_typesupport_fastrtps_cppExport-noconfig.cmake
-- Up-to-date: /home/student35/Documents/Group5/ros2_ws/install/leo_rover_custom_interface_package/share/leo_rover_custom_interface_package/cmake/leo_rover_custom_interface_package__rosidl_typesupport_introspection_cExport.cmake
-- Up-to-date: /home/student35/Documents/Group5/ros2_ws/install/leo_rover_custom_interface_package/share/leo_rover_custom_interface_package/cmake/leo_rover_custom_interface_package__rosidl_typesupport_introspection_cExport-noconfig.cmake
-- Up-to-date: /home/student35/Documents/Group5/ros2_ws/install/leo_rover_custom_interface_package/share/leo_rover_custom_interface_package/cmake/leo_rover_custom_interface_package__rosidl_typesupport_cExport.cmake
-- Up-to-date: /home/student35/Documents/Group5/ros2_ws/install/leo_rover_custom_interface_package/share/leo_rover_custom_interface_package/cmake/leo_rover_custom_interface_package__rosidl_typesupport_cExport-noconfig.cmake
-- Up-to-date: /home/student35/Documents/Group5/ros2_ws/install/leo_rover_custom_interface_package/share/leo_rover_custom_interface_package/cmake/leo_rover_custom_interface_package__rosidl_typesupport_introspection_cppExport.cmake
-- Up-to-date: /home/student35/Documents/Group5/ros2_ws/install/leo_rover_custom_interface_package/share/leo_rover_custom_interface_package/cmake/leo_rover_custom_interface_package__rosidl_typesupport_introspection_cppExport-noconfig.cmake
-- Up-to-date: /home/student35/Documents/Group5/ros2_ws/install/leo_rover_custom_interface_package/share/leo_rover_custom_interface_package/cmake/leo_rover_custom_interface_package__rosidl_typesupport_cppExport.cmake
-- Up-to-date: /home/student35/Documents/Group5/ros2_ws/install/leo_rover_custom_interface_package/share/leo_rover_custom_interface_package/cmake/leo_rover_custom_interface_package__rosidl_typesupport_cppExport-noconfig.cmake
-- Up-to-date: /home/student35/Documents/Group5/ros2_ws/install/leo_rover_custom_interface_package/share/leo_rover_custom_interface_package/cmake/export_leo_rover_custom_interface_package__rosidl_generator_pyExport.cmake
-- Up-to-date: /home/student35/Documents/Group5/ros2_ws/install/leo_rover_custom_interface_package/share/leo_rover_custom_interface_package/cmake/export_leo_rover_custom_interface_package__rosidl_generator_pyExport-noconfig.cmake
-- Up-to-date: /home/student35/Documents/Group5/ros2_ws/install/leo_rover_custom_interface_package/share/leo_rover_custom_interface_package/cmake/rosidl_cmake-extras.cmake
-- Up-to-date: /home/student35/Documents/Group5/ros2_ws/install/leo_rover_custom_interface_package/share/leo_rover_custom_interface_package/cmake/ament_cmake_export_dependencies-extras.cmake
-- Up-to-date: /home/student35/Documents/Group5/ros2_ws/install/leo_rover_custom_interface_package/share/leo_rover_custom_interface_package/cmake/ament_cmake_export_include_directories-extras.cmake
-- Up-to-date: /home/student35/Documents/Group5/ros2_ws/install/leo_rover_custom_interface_package/share/leo_rover_custom_interface_package/cmake/ament_cmake_export_libraries-extras.cmake
-- Up-to-date: /home/student35/Documents/Group5/ros2_ws/install/leo_rover_custom_interface_package/share/leo_rover_custom_interface_package/cmake/ament_cmake_export_targets-extras.cmake
-- Up-to-date: /home/student35/Documents/Group5/ros2_ws/install/leo_rover_custom_interface_package/share/leo_rover_custom_interface_package/cmake/rosidl_cmake_export_typesupport_targets-extras.cmake
-- Up-to-date: /home/student35/Documents/Group5/ros2_ws/install/leo_rover_custom_interface_package/share/leo_rover_custom_interface_package/cmake/rosidl_cmake_export_typesupport_libraries-extras.cmake
-- Up-to-date: /home/student35/Documents/Group5/ros2_ws/install/leo_rover_custom_interface_package/share/leo_rover_custom_interface_package/cmake/leo_rover_custom_interface_packageConfig.cmake
-- Up-to-date: /home/student35/Documents/Group5/ros2_ws/install/leo_rover_custom_interface_package/share/leo_rover_custom_interface_package/cmake/leo_rover_custom_interface_packageConfig-version.cmake
-- Up-to-date: /home/student35/Documents/Group5/ros2_ws/install/leo_rover_custom_interface_package/share/leo_rover_custom_interface_package/package.xml
