[0.024s] Invoking command in '/home/student35/Documents/Group5/ros2_ws/build/leo_rover_custom_interface_package': CMAKE_PREFIX_PATH=${CMAKE_PREFIX_PATH}:/home/student35/Documents/Group5/ros2_ws/install/manipulator_control:/home/student35/ros2_tutorial_workspace/install/the_simplest_python_package:/home/student35/ros2_tutorial_workspace/install/python_package_with_a_node:/home/student35/ros2_tutorial_workspace/install/python_package_that_uses_the_library:/home/student35/ros2_tutorial_workspace/install/python_package_with_a_library:/home/student35/ros2_tutorial_workspace/install/python_package_that_uses_the_services:/home/student35/ros2_tutorial_workspace/install/python_package_that_uses_the_messages:/home/student35/ros2_tutorial_workspace/install/python_package_that_uses_the_actions:/home/student35/ros2_tutorial_workspace/install/python_package_that_uses_tf2:/home/student35/ros2_tutorial_workspace/install/python_package_that_uses_parameters_and_launch_files:/home/student35/ros2_tutorial_workspace/install/python_package_that_uses_nottf2:/home/student35/ros2_tutorial_workspace/install/python_package_that_uses_nav2:/home/student35/ros2_tutorial_workspace/install/python_package_that_uses_geometry_msgs:/home/student35/ros2_tutorial_workspace/install/python_package_that_uses_gazebo:/home/student35/Documents/SoftwareForRobotics/Week03/ros2_ws/install/custom_package_with_node:/home/student35/Documents/SoftwareForRobotics/Week03/ros2_ws/install/custom_package_with_library:/home/student35/assessments/week2/install/kia:/home/student35/assessments/week2/install/ford:/opt/ros/jazzy DEBUGINFOD_URLS=https://debuginfod.ubuntu.com /usr/bin/cmake --build /home/student35/Documents/Group5/ros2_ws/build/leo_rover_custom_interface_package -- -j12 -l12
[0.148s] [  2%] Built target leo_rover_custom_interface_package__rosidl_generator_type_description
[0.181s] [  2%] Built target ament_cmake_python_copy_leo_rover_custom_interface_package
[0.205s] [ 22%] Built target leo_rover_custom_interface_package__rosidl_generator_c
[0.205s] [ 22%] Built target leo_rover_custom_interface_package__cpp
[0.269s] [ 31%] Built target leo_rover_custom_interface_package__rosidl_typesupport_c
[0.276s] [ 40%] Built target leo_rover_custom_interface_package__rosidl_typesupport_introspection_cpp
[0.282s] [ 50%] Built target leo_rover_custom_interface_package__rosidl_typesupport_cpp
[0.292s] [ 68%] Built target leo_rover_custom_interface_package__rosidl_typesupport_fastrtps_c
[0.292s] [ 68%] Built target leo_rover_custom_interface_package__rosidl_typesupport_introspection_c
[0.297s] [ 77%] Built target leo_rover_custom_interface_package__rosidl_typesupport_fastrtps_cpp
[0.355s] [ 77%] Built target leo_rover_custom_interface_package
[0.409s] [ 79%] Built target leo_rover_custom_interface_package__py
[0.484s] [ 86%] Built target leo_rover_custom_interface_package__rosidl_generator_py
[0.562s] [ 95%] Built target leo_rover_custom_interface_package_s__rosidl_typesupport_fastrtps_c
[0.563s] [ 95%] Built target leo_rover_custom_interface_package_s__rosidl_typesupport_c
[0.568s] [100%] Built target leo_rover_custom_interface_package_s__rosidl_typesupport_introspection_c
[0.666s] running egg_info
[0.733s] writing leo_rover_custom_interface_package.egg-info/PKG-INFO
[0.734s] writing dependency_links to leo_rover_custom_interface_package.egg-info/dependency_links.txt
[0.735s] writing top-level names to leo_rover_custom_interface_package.egg-info/top_level.txt
[0.921s] reading manifest file 'leo_rover_custom_interface_package.egg-info/SOURCES.txt'
[0.925s] writing manifest file 'leo_rover_custom_interface_package.egg-info/SOURCES.txt'
[0.977s] [100%] Built target ament_cmake_python_build_leo_rover_custom_interface_package_egg
[0.999s] Invoked command in '/home/student35/Documents/Group5/ros2_ws/build/leo_rover_custom_interface_package' returned '0': CMAKE_PREFIX_PATH=${CMAKE_PREFIX_PATH}:/home/student35/Documents/Group5/ros2_ws/install/manipulator_control:/home/student35/ros2_tutorial_workspace/install/the_simplest_python_package:/home/student35/ros2_tutorial_workspace/install/python_package_with_a_node:/home/student35/ros2_tutorial_workspace/install/python_package_that_uses_the_library:/home/student35/ros2_tutorial_workspace/install/python_package_with_a_library:/home/student35/ros2_tutorial_workspace/install/python_package_that_uses_the_services:/home/student35/ros2_tutorial_workspace/install/python_package_that_uses_the_messages:/home/student35/ros2_tutorial_workspace/install/python_package_that_uses_the_actions:/home/student35/ros2_tutorial_workspace/install/python_package_that_uses_tf2:/home/student35/ros2_tutorial_workspace/install/python_package_that_uses_parameters_and_launch_files:/home/student35/ros2_tutorial_workspace/install/python_package_that_uses_nottf2:/home/student35/ros2_tutorial_workspace/install/python_package_that_uses_nav2:/home/student35/ros2_tutorial_workspace/install/python_package_that_uses_geometry_msgs:/home/student35/ros2_tutorial_workspace/install/python_package_that_uses_gazebo:/home/student35/Documents/SoftwareForRobotics/Week03/ros2_ws/install/custom_package_with_node:/home/student35/Documents/SoftwareForRobotics/Week03/ros2_ws/install/custom_package_with_library:/home/student35/assessments/week2/install/kia:/home/student35/assessments/week2/install/ford:/opt/ros/jazzy DEBUGINFOD_URLS=https://debuginfod.ubuntu.com /usr/bin/cmake --build /home/student35/Documents/Group5/ros2_ws/build/leo_rover_custom_interface_package -- -j12 -l12
[1.029s] Invoking command in '/home/student35/Documents/Group5/ros2_ws/build/leo_rover_custom_interface_package': CMAKE_PREFIX_PATH=${CMAKE_PREFIX_PATH}:/home/student35/Documents/Group5/ros2_ws/install/manipulator_control:/home/student35/ros2_tutorial_workspace/install/the_simplest_python_package:/home/student35/ros2_tutorial_workspace/install/python_package_with_a_node:/home/student35/ros2_tutorial_workspace/install/python_package_that_uses_the_library:/home/student35/ros2_tutorial_workspace/install/python_package_with_a_library:/home/student35/ros2_tutorial_workspace/install/python_package_that_uses_the_services:/home/student35/ros2_tutorial_workspace/install/python_package_that_uses_the_messages:/home/student35/ros2_tutorial_workspace/install/python_package_that_uses_the_actions:/home/student35/ros2_tutorial_workspace/install/python_package_that_uses_tf2:/home/student35/ros2_tutorial_workspace/install/python_package_that_uses_parameters_and_launch_files:/home/student35/ros2_tutorial_workspace/install/python_package_that_uses_nottf2:/home/student35/ros2_tutorial_workspace/install/python_package_that_uses_nav2:/home/student35/ros2_tutorial_workspace/install/python_package_that_uses_geometry_msgs:/home/student35/ros2_tutorial_workspace/install/python_package_that_uses_gazebo:/home/student35/Documents/SoftwareForRobotics/Week03/ros2_ws/install/custom_package_with_node:/home/student35/Documents/SoftwareForRobotics/Week03/ros2_ws/install/custom_package_with_library:/home/student35/assessments/week2/install/kia:/home/student35/assessments/week2/install/ford:/opt/ros/jazzy DEBUGINFOD_URLS=https://debuginfod.ubuntu.com /usr/bin/cmake --install /home/student35/Documents/Group5/ros2_ws/build/leo_rover_custom_interface_package
[1.054s] -- Install configuration: ""
[1.055s] -- Up-to-date: /home/student35/Documents/Group5/ros2_ws/install/leo_rover_custom_interface_package/share/ament_index/resource_index/rosidl_interfaces/leo_rover_custom_interface_package
[1.055s] -- Up-to-date: /home/student35/Documents/Group5/ros2_ws/install/leo_rover_custom_interface_package/share/leo_rover_custom_interface_package/msg/GripperState.json
[1.056s] -- Up-to-date: /home/student35/Documents/Group5/ros2_ws/install/leo_rover_custom_interface_package/share/leo_rover_custom_interface_package/msg/GripperPose.json
[1.058s] -- Up-to-date: /home/student35/Documents/Group5/ros2_ws/install/leo_rover_custom_interface_package/include/leo_rover_custom_interface_package/leo_rover_custom_interface_package
[1.058s] -- Up-to-date: /home/student35/Documents/Group5/ros2_ws/install/leo_rover_custom_interface_package/include/leo_rover_custom_interface_package/leo_rover_custom_interface_package/msg
[1.058s] -- Up-to-date: /home/student35/Documents/Group5/ros2_ws/install/leo_rover_custom_interface_package/include/leo_rover_custom_interface_package/leo_rover_custom_interface_package/msg/gripper_pose.h
[1.058s] -- Up-to-date: /home/student35/Documents/Group5/ros2_ws/install/leo_rover_custom_interface_package/include/leo_rover_custom_interface_package/leo_rover_custom_interface_package/msg/rosidl_generator_c__visibility_control.h
[1.059s] -- Up-to-date: /home/student35/Documents/Group5/ros2_ws/install/leo_rover_custom_interface_package/include/leo_rover_custom_interface_package/leo_rover_custom_interface_package/msg/gripper.h
[1.061s] -- Up-to-date: /home/student35/Documents/Group5/ros2_ws/install/leo_rover_custom_interface_package/include/leo_rover_custom_interface_package/leo_rover_custom_interface_package/msg/detail
[1.061s] -- Up-to-date: /home/student35/Documents/Group5/ros2_ws/install/leo_rover_custom_interface_package/include/leo_rover_custom_interface_package/leo_rover_custom_interface_package/msg/detail/gripper_pose__functions.c
[1.061s] -- Up-to-date: /home/student35/Documents/Group5/ros2_ws/install/leo_rover_custom_interface_package/include/leo_rover_custom_interface_package/leo_rover_custom_interface_package/msg/detail/gripper_state__type_support.h
[1.062s] -- Up-to-date: /home/student35/Documents/Group5/ros2_ws/install/leo_rover_custom_interface_package/include/leo_rover_custom_interface_package/leo_rover_custom_interface_package/msg/detail/gripper__functions.c
[1.062s] -- Up-to-date: /home/student35/Documents/Group5/ros2_ws/install/leo_rover_custom_interface_package/include/leo_rover_custom_interface_package/leo_rover_custom_interface_package/msg/detail/gripper__struct.h
[1.062s] -- Installing: /home/student35/Documents/Group5/ros2_ws/install/leo_rover_custom_interface_package/include/leo_rover_custom_interface_package/leo_rover_custom_interface_package/msg/detail/gripper_pose__type_support.c
[1.062s] -- Up-to-date: /home/student35/Documents/Group5/ros2_ws/install/leo_rover_custom_interface_package/include/leo_rover_custom_interface_package/leo_rover_custom_interface_package/msg/detail/gripper__functions.h
[1.063s] -- Up-to-date: /home/student35/Documents/Group5/ros2_ws/install/leo_rover_custom_interface_package/include/leo_rover_custom_interface_package/leo_rover_custom_interface_package/msg/detail/gripper_state__functions.c
[1.063s] -- Up-to-date: /home/student35/Documents/Group5/ros2_ws/install/leo_rover_custom_interface_package/include/leo_rover_custom_interface_package/leo_rover_custom_interface_package/msg/detail/gripper_state__description.c
[1.063s] -- Up-to-date: /home/student35/Documents/Group5/ros2_ws/install/leo_rover_custom_interface_package/include/leo_rover_custom_interface_package/leo_rover_custom_interface_package/msg/detail/gripper_pose__functions.h
[1.063s] -- Up-to-date: /home/student35/Documents/Group5/ros2_ws/install/leo_rover_custom_interface_package/include/leo_rover_custom_interface_package/leo_rover_custom_interface_package/msg/detail/gripper__type_support.h
[1.064s] -- Up-to-date: /home/student35/Documents/Group5/ros2_ws/install/leo_rover_custom_interface_package/include/leo_rover_custom_interface_package/leo_rover_custom_interface_package/msg/detail/gripper__type_support.c
[1.064s] -- Up-to-date: /home/student35/Documents/Group5/ros2_ws/install/leo_rover_custom_interface_package/include/leo_rover_custom_interface_package/leo_rover_custom_interface_package/msg/detail/gripper_state__functions.h
[1.064s] -- Up-to-date: /home/student35/Documents/Group5/ros2_ws/install/leo_rover_custom_interface_package/include/leo_rover_custom_interface_package/leo_rover_custom_interface_package/msg/detail/gripper__description.c
[1.065s] -- Installing: /home/student35/Documents/Group5/ros2_ws/install/leo_rover_custom_interface_package/include/leo_rover_custom_interface_package/leo_rover_custom_interface_package/msg/detail/gripper_state__type_support.c
[1.065s] -- Up-to-date: /home/student35/Documents/Group5/ros2_ws/install/leo_rover_custom_interface_package/include/leo_rover_custom_interface_package/leo_rover_custom_interface_package/msg/detail/gripper_state__struct.h
[1.065s] -- Up-to-date: /home/student35/Documents/Group5/ros2_ws/install/leo_rover_custom_interface_package/include/leo_rover_custom_interface_package/leo_rover_custom_interface_package/msg/detail/gripper_pose__type_support.h
[1.066s] -- Up-to-date: /home/student35/Documents/Group5/ros2_ws/install/leo_rover_custom_interface_package/include/leo_rover_custom_interface_package/leo_rover_custom_interface_package/msg/detail/gripper_pose__description.c
[1.066s] -- Up-to-date: /home/student35/Documents/Group5/ros2_ws/install/leo_rover_custom_interface_package/include/leo_rover_custom_interface_package/leo_rover_custom_interface_package/msg/detail/gripper_pose__struct.h
[1.066s] -- Up-to-date: /home/student35/Documents/Group5/ros2_ws/install/leo_rover_custom_interface_package/include/leo_rover_custom_interface_package/leo_rover_custom_interface_package/msg/gripper_state.h
[1.067s] -- Up-to-date: /home/student35/Documents/Group5/ros2_ws/install/leo_rover_custom_interface_package/share/leo_rover_custom_interface_package/environment/library_path.sh
[1.067s] -- Up-to-date: /home/student35/Documents/Group5/ros2_ws/install/leo_rover_custom_interface_package/share/leo_rover_custom_interface_package/environment/library_path.dsv
[1.067s] -- Up-to-date: /home/student35/Documents/Group5/ros2_ws/install/leo_rover_custom_interface_package/lib/libleo_rover_custom_interface_package__rosidl_generator_c.so
[1.067s] -- Up-to-date: /home/student35/Documents/Group5/ros2_ws/install/leo_rover_custom_interface_package/include/leo_rover_custom_interface_package/leo_rover_custom_interface_package
[1.068s] -- Up-to-date: /home/student35/Documents/Group5/ros2_ws/install/leo_rover_custom_interface_package/include/leo_rover_custom_interface_package/leo_rover_custom_interface_package/msg
[1.068s] -- Up-to-date: /home/student35/Documents/Group5/ros2_ws/install/leo_rover_custom_interface_package/include/leo_rover_custom_interface_package/leo_rover_custom_interface_package/msg/rosidl_typesupport_fastrtps_c__visibility_control.h
[1.068s] -- Up-to-date: /home/student35/Documents/Group5/ros2_ws/install/leo_rover_custom_interface_package/include/leo_rover_custom_interface_package/leo_rover_custom_interface_package/msg/detail
[1.069s] -- Up-to-date: /home/student35/Documents/Group5/ros2_ws/install/leo_rover_custom_interface_package/include/leo_rover_custom_interface_package/leo_rover_custom_interface_package/msg/detail/gripper_pose__rosidl_typesupport_fastrtps_c.h
[1.069s] -- Up-to-date: /home/student35/Documents/Group5/ros2_ws/install/leo_rover_custom_interface_package/include/leo_rover_custom_interface_package/leo_rover_custom_interface_package/msg/detail/gripper__rosidl_typesupport_fastrtps_c.h
[1.069s] -- Up-to-date: /home/student35/Documents/Group5/ros2_ws/install/leo_rover_custom_interface_package/include/leo_rover_custom_interface_package/leo_rover_custom_interface_package/msg/detail/gripper_state__rosidl_typesupport_fastrtps_c.h
[1.069s] -- Up-to-date: /home/student35/Documents/Group5/ros2_ws/install/leo_rover_custom_interface_package/lib/libleo_rover_custom_interface_package__rosidl_typesupport_fastrtps_c.so
[1.070s] -- Up-to-date: /home/student35/Documents/Group5/ros2_ws/install/leo_rover_custom_interface_package/include/leo_rover_custom_interface_package/leo_rover_custom_interface_package
[1.070s] -- Up-to-date: /home/student35/Documents/Group5/ros2_ws/install/leo_rover_custom_interface_package/include/leo_rover_custom_interface_package/leo_rover_custom_interface_package/msg
[1.070s] -- Up-to-date: /home/student35/Documents/Group5/ros2_ws/install/leo_rover_custom_interface_package/include/leo_rover_custom_interface_package/leo_rover_custom_interface_package/msg/gripper_state.hpp
[1.071s] -- Up-to-date: /home/student35/Documents/Group5/ros2_ws/install/leo_rover_custom_interface_package/include/leo_rover_custom_interface_package/leo_rover_custom_interface_package/msg/rosidl_generator_cpp__visibility_control.hpp
[1.071s] -- Up-to-date: /home/student35/Documents/Group5/ros2_ws/install/leo_rover_custom_interface_package/include/leo_rover_custom_interface_package/leo_rover_custom_interface_package/msg/gripper.hpp
[1.071s] -- Up-to-date: /home/student35/Documents/Group5/ros2_ws/install/leo_rover_custom_interface_package/include/leo_rover_custom_interface_package/leo_rover_custom_interface_package/msg/detail
[1.072s] -- Up-to-date: /home/student35/Documents/Group5/ros2_ws/install/leo_rover_custom_interface_package/include/leo_rover_custom_interface_package/leo_rover_custom_interface_package/msg/detail/gripper_state__builder.hpp
[1.072s] -- Up-to-date: /home/student35/Documents/Group5/ros2_ws/install/leo_rover_custom_interface_package/include/leo_rover_custom_interface_package/leo_rover_custom_interface_package/msg/detail/gripper_pose__type_support.hpp
[1.072s] -- Up-to-date: /home/student35/Documents/Group5/ros2_ws/install/leo_rover_custom_interface_package/include/leo_rover_custom_interface_package/leo_rover_custom_interface_package/msg/detail/gripper_pose__traits.hpp
[1.073s] -- Up-to-date: /home/student35/Documents/Group5/ros2_ws/install/leo_rover_custom_interface_package/include/leo_rover_custom_interface_package/leo_rover_custom_interface_package/msg/detail/gripper_state__traits.hpp
[1.073s] -- Up-to-date: /home/student35/Documents/Group5/ros2_ws/install/leo_rover_custom_interface_package/include/leo_rover_custom_interface_package/leo_rover_custom_interface_package/msg/detail/gripper__builder.hpp
[1.073s] -- Up-to-date: /home/student35/Documents/Group5/ros2_ws/install/leo_rover_custom_interface_package/include/leo_rover_custom_interface_package/leo_rover_custom_interface_package/msg/detail/gripper_pose__struct.hpp
[1.073s] -- Up-to-date: /home/student35/Documents/Group5/ros2_ws/install/leo_rover_custom_interface_package/include/leo_rover_custom_interface_package/leo_rover_custom_interface_package/msg/detail/gripper__traits.hpp
[1.074s] -- Up-to-date: /home/student35/Documents/Group5/ros2_ws/install/leo_rover_custom_interface_package/include/leo_rover_custom_interface_package/leo_rover_custom_interface_package/msg/detail/gripper__type_support.hpp
[1.074s] -- Up-to-date: /home/student35/Documents/Group5/ros2_ws/install/leo_rover_custom_interface_package/include/leo_rover_custom_interface_package/leo_rover_custom_interface_package/msg/detail/gripper_state__struct.hpp
[1.074s] -- Up-to-date: /home/student35/Documents/Group5/ros2_ws/install/leo_rover_custom_interface_package/include/leo_rover_custom_interface_package/leo_rover_custom_interface_package/msg/detail/gripper__struct.hpp
[1.074s] -- Up-to-date: /home/student35/Documents/Group5/ros2_ws/install/leo_rover_custom_interface_package/include/leo_rover_custom_interface_package/leo_rover_custom_interface_package/msg/detail/gripper_pose__builder.hpp
[1.075s] -- Up-to-date: /home/student35/Documents/Group5/ros2_ws/install/leo_rover_custom_interface_package/include/leo_rover_custom_interface_package/leo_rover_custom_interface_package/msg/detail/gripper_state__type_support.hpp
[1.075s] -- Up-to-date: /home/student35/Documents/Group5/ros2_ws/install/leo_rover_custom_interface_package/include/leo_rover_custom_interface_package/leo_rover_custom_interface_package/msg/gripper_pose.hpp
[1.075s] -- Up-to-date: /home/student35/Documents/Group5/ros2_ws/install/leo_rover_custom_interface_package/include/leo_rover_custom_interface_package/leo_rover_custom_interface_package
[1.075s] -- Up-to-date: /home/student35/Documents/Group5/ros2_ws/install/leo_rover_custom_interface_package/include/leo_rover_custom_interface_package/leo_rover_custom_interface_package/msg
[1.076s] -- Up-to-date: /home/student35/Documents/Group5/ros2_ws/install/leo_rover_custom_interface_package/include/leo_rover_custom_interface_package/leo_rover_custom_interface_package/msg/detail
[1.076s] -- Up-to-date: /home/student35/Documents/Group5/ros2_ws/install/leo_rover_custom_interface_package/include/leo_rover_custom_interface_package/leo_rover_custom_interface_package/msg/detail/gripper_pose__rosidl_typesupport_fastrtps_cpp.hpp
[1.076s] -- Up-to-date: /home/student35/Documents/Group5/ros2_ws/install/leo_rover_custom_interface_package/include/leo_rover_custom_interface_package/leo_rover_custom_interface_package/msg/detail/dds_fastrtps
[1.076s] -- Up-to-date: /home/student35/Documents/Group5/ros2_ws/install/leo_rover_custom_interface_package/include/leo_rover_custom_interface_package/leo_rover_custom_interface_package/msg/detail/gripper__rosidl_typesupport_fastrtps_cpp.hpp
[1.077s] -- Up-to-date: /home/student35/Documents/Group5/ros2_ws/install/leo_rover_custom_interface_package/include/leo_rover_custom_interface_package/leo_rover_custom_interface_package/msg/detail/gripper_state__rosidl_typesupport_fastrtps_cpp.hpp
[1.077s] -- Up-to-date: /home/student35/Documents/Group5/ros2_ws/install/leo_rover_custom_interface_package/include/leo_rover_custom_interface_package/leo_rover_custom_interface_package/msg/rosidl_typesupport_fastrtps_cpp__visibility_control.h
[1.077s] -- Up-to-date: /home/student35/Documents/Group5/ros2_ws/install/leo_rover_custom_interface_package/lib/libleo_rover_custom_interface_package__rosidl_typesupport_fastrtps_cpp.so
[1.078s] -- Up-to-date: /home/student35/Documents/Group5/ros2_ws/install/leo_rover_custom_interface_package/include/leo_rover_custom_interface_package/leo_rover_custom_interface_package
[1.078s] -- Up-to-date: /home/student35/Documents/Group5/ros2_ws/install/leo_rover_custom_interface_package/include/leo_rover_custom_interface_package/leo_rover_custom_interface_package/msg
[1.078s] -- Up-to-date: /home/student35/Documents/Group5/ros2_ws/install/leo_rover_custom_interface_package/include/leo_rover_custom_interface_package/leo_rover_custom_interface_package/msg/rosidl_typesupport_introspection_c__visibility_control.h
[1.078s] -- Up-to-date: /home/student35/Documents/Group5/ros2_ws/install/leo_rover_custom_interface_package/include/leo_rover_custom_interface_package/leo_rover_custom_interface_package/msg/detail
[1.079s] -- Installing: /home/student35/Documents/Group5/ros2_ws/install/leo_rover_custom_interface_package/include/leo_rover_custom_interface_package/leo_rover_custom_interface_package/msg/detail/gripper_pose__type_support.c
[1.079s] -- Up-to-date: /home/student35/Documents/Group5/ros2_ws/install/leo_rover_custom_interface_package/include/leo_rover_custom_interface_package/leo_rover_custom_interface_package/msg/detail/gripper_state__rosidl_typesupport_introspection_c.h
[1.079s] -- Up-to-date: /home/student35/Documents/Group5/ros2_ws/install/leo_rover_custom_interface_package/include/leo_rover_custom_interface_package/leo_rover_custom_interface_package/msg/detail/gripper__rosidl_typesupport_introspection_c.h
[1.079s] -- Up-to-date: /home/student35/Documents/Group5/ros2_ws/install/leo_rover_custom_interface_package/include/leo_rover_custom_interface_package/leo_rover_custom_interface_package/msg/detail/gripper__type_support.c
[1.080s] -- Up-to-date: /home/student35/Documents/Group5/ros2_ws/install/leo_rover_custom_interface_package/include/leo_rover_custom_interface_package/leo_rover_custom_interface_package/msg/detail/gripper_pose__rosidl_typesupport_introspection_c.h
[1.080s] -- Installing: /home/student35/Documents/Group5/ros2_ws/install/leo_rover_custom_interface_package/include/leo_rover_custom_interface_package/leo_rover_custom_interface_package/msg/detail/gripper_state__type_support.c
[1.080s] -- Up-to-date: /home/student35/Documents/Group5/ros2_ws/install/leo_rover_custom_interface_package/lib/libleo_rover_custom_interface_package__rosidl_typesupport_introspection_c.so
[1.080s] -- Up-to-date: /home/student35/Documents/Group5/ros2_ws/install/leo_rover_custom_interface_package/lib/libleo_rover_custom_interface_package__rosidl_typesupport_c.so
[1.081s] -- Up-to-date: /home/student35/Documents/Group5/ros2_ws/install/leo_rover_custom_interface_package/include/leo_rover_custom_interface_package/leo_rover_custom_interface_package
[1.081s] -- Up-to-date: /home/student35/Documents/Group5/ros2_ws/install/leo_rover_custom_interface_package/include/leo_rover_custom_interface_package/leo_rover_custom_interface_package/msg
[1.081s] -- Up-to-date: /home/student35/Documents/Group5/ros2_ws/install/leo_rover_custom_interface_package/include/leo_rover_custom_interface_package/leo_rover_custom_interface_package/msg/detail
[1.081s] -- Up-to-date: /home/student35/Documents/Group5/ros2_ws/install/leo_rover_custom_interface_package/include/leo_rover_custom_interface_package/leo_rover_custom_interface_package/msg/detail/gripper_pose__rosidl_typesupport_introspection_cpp.hpp
[1.082s] -- Up-to-date: /home/student35/Documents/Group5/ros2_ws/install/leo_rover_custom_interface_package/include/leo_rover_custom_interface_package/leo_rover_custom_interface_package/msg/detail/gripper_pose__type_support.cpp
[1.082s] -- Up-to-date: /home/student35/Documents/Group5/ros2_ws/install/leo_rover_custom_interface_package/include/leo_rover_custom_interface_package/leo_rover_custom_interface_package/msg/detail/gripper__rosidl_typesupport_introspection_cpp.hpp
[1.082s] -- Up-to-date: /home/student35/Documents/Group5/ros2_ws/install/leo_rover_custom_interface_package/include/leo_rover_custom_interface_package/leo_rover_custom_interface_package/msg/detail/gripper_state__type_support.cpp
[1.082s] -- Up-to-date: /home/student35/Documents/Group5/ros2_ws/install/leo_rover_custom_interface_package/include/leo_rover_custom_interface_package/leo_rover_custom_interface_package/msg/detail/gripper__type_support.cpp
[1.083s] -- Up-to-date: /home/student35/Documents/Group5/ros2_ws/install/leo_rover_custom_interface_package/include/leo_rover_custom_interface_package/leo_rover_custom_interface_package/msg/detail/gripper_state__rosidl_typesupport_introspection_cpp.hpp
[1.083s] -- Up-to-date: /home/student35/Documents/Group5/ros2_ws/install/leo_rover_custom_interface_package/lib/libleo_rover_custom_interface_package__rosidl_typesupport_introspection_cpp.so
[1.083s] -- Up-to-date: /home/student35/Documents/Group5/ros2_ws/install/leo_rover_custom_interface_package/lib/libleo_rover_custom_interface_package__rosidl_typesupport_cpp.so
[1.083s] -- Up-to-date: /home/student35/Documents/Group5/ros2_ws/install/leo_rover_custom_interface_package/share/leo_rover_custom_interface_package/environment/pythonpath.sh
[1.084s] -- Up-to-date: /home/student35/Documents/Group5/ros2_ws/install/leo_rover_custom_interface_package/share/leo_rover_custom_interface_package/environment/pythonpath.dsv
[1.084s] -- Up-to-date: /home/student35/Documents/Group5/ros2_ws/install/leo_rover_custom_interface_package/lib/python3.12/site-packages/leo_rover_custom_interface_package-0.0.0-py3.12.egg-info
[1.084s] -- Installing: /home/student35/Documents/Group5/ros2_ws/install/leo_rover_custom_interface_package/lib/python3.12/site-packages/leo_rover_custom_interface_package-0.0.0-py3.12.egg-info/dependency_links.txt
[1.084s] -- Installing: /home/student35/Documents/Group5/ros2_ws/install/leo_rover_custom_interface_package/lib/python3.12/site-packages/leo_rover_custom_interface_package-0.0.0-py3.12.egg-info/SOURCES.txt
[1.085s] -- Installing: /home/student35/Documents/Group5/ros2_ws/install/leo_rover_custom_interface_package/lib/python3.12/site-packages/leo_rover_custom_interface_package-0.0.0-py3.12.egg-info/PKG-INFO
[1.085s] -- Installing: /home/student35/Documents/Group5/ros2_ws/install/leo_rover_custom_interface_package/lib/python3.12/site-packages/leo_rover_custom_interface_package-0.0.0-py3.12.egg-info/top_level.txt
[1.085s] -- Up-to-date: /home/student35/Documents/Group5/ros2_ws/install/leo_rover_custom_interface_package/lib/python3.12/site-packages/leo_rover_custom_interface_package
[1.085s] -- Up-to-date: /home/student35/Documents/Group5/ros2_ws/install/leo_rover_custom_interface_package/lib/python3.12/site-packages/leo_rover_custom_interface_package/__init__.py
[1.085s] -- Up-to-date: /home/student35/Documents/Group5/ros2_ws/install/leo_rover_custom_interface_package/lib/python3.12/site-packages/leo_rover_custom_interface_package/leo_rover_custom_interface_package_s__rosidl_typesupport_introspection_c.so
[1.086s] -- Up-to-date: /home/student35/Documents/Group5/ros2_ws/install/leo_rover_custom_interface_package/lib/python3.12/site-packages/leo_rover_custom_interface_package/leo_rover_custom_interface_package_s__rosidl_typesupport_fastrtps_c.so
[1.086s] -- Up-to-date: /home/student35/Documents/Group5/ros2_ws/install/leo_rover_custom_interface_package/lib/python3.12/site-packages/leo_rover_custom_interface_package/_leo_rover_custom_interface_package_s.ep.rosidl_typesupport_fastrtps_c.c
[1.086s] -- Up-to-date: /home/student35/Documents/Group5/ros2_ws/install/leo_rover_custom_interface_package/lib/python3.12/site-packages/leo_rover_custom_interface_package/_leo_rover_custom_interface_package_s.ep.rosidl_typesupport_c.c
[1.086s] -- Up-to-date: /home/student35/Documents/Group5/ros2_ws/install/leo_rover_custom_interface_package/lib/python3.12/site-packages/leo_rover_custom_interface_package/leo_rover_custom_interface_package_s__rosidl_typesupport_c.so
[1.087s] -- Up-to-date: /home/student35/Documents/Group5/ros2_ws/install/leo_rover_custom_interface_package/lib/python3.12/site-packages/leo_rover_custom_interface_package/_leo_rover_custom_interface_package_s.ep.rosidl_typesupport_introspection_c.c
[1.087s] -- Up-to-date: /home/student35/Documents/Group5/ros2_ws/install/leo_rover_custom_interface_package/lib/python3.12/site-packages/leo_rover_custom_interface_package/msg
[1.087s] -- Up-to-date: /home/student35/Documents/Group5/ros2_ws/install/leo_rover_custom_interface_package/lib/python3.12/site-packages/leo_rover_custom_interface_package/msg/__init__.py
[1.087s] -- Up-to-date: /home/student35/Documents/Group5/ros2_ws/install/leo_rover_custom_interface_package/lib/python3.12/site-packages/leo_rover_custom_interface_package/msg/_gripper_state.py
[1.088s] -- Up-to-date: /home/student35/Documents/Group5/ros2_ws/install/leo_rover_custom_interface_package/lib/python3.12/site-packages/leo_rover_custom_interface_package/msg/_gripper_s.c
[1.088s] -- Up-to-date: /home/student35/Documents/Group5/ros2_ws/install/leo_rover_custom_interface_package/lib/python3.12/site-packages/leo_rover_custom_interface_package/msg/_gripper_state_s.c
[1.088s] -- Up-to-date: /home/student35/Documents/Group5/ros2_ws/install/leo_rover_custom_interface_package/lib/python3.12/site-packages/leo_rover_custom_interface_package/msg/_gripper_pose.py
[1.088s] -- Up-to-date: /home/student35/Documents/Group5/ros2_ws/install/leo_rover_custom_interface_package/lib/python3.12/site-packages/leo_rover_custom_interface_package/msg/_gripper_pose_s.c
[1.089s] -- Up-to-date: /home/student35/Documents/Group5/ros2_ws/install/leo_rover_custom_interface_package/lib/python3.12/site-packages/leo_rover_custom_interface_package/msg/_gripper.py
[1.205s] Listing '/home/student35/Documents/Group5/ros2_ws/install/leo_rover_custom_interface_package/lib/python3.12/site-packages/leo_rover_custom_interface_package'...
[1.205s] Listing '/home/student35/Documents/Group5/ros2_ws/install/leo_rover_custom_interface_package/lib/python3.12/site-packages/leo_rover_custom_interface_package/msg'...
[1.216s] -- Up-to-date: /home/student35/Documents/Group5/ros2_ws/install/leo_rover_custom_interface_package/lib/python3.12/site-packages/leo_rover_custom_interface_package/leo_rover_custom_interface_package_s__rosidl_typesupport_fastrtps_c.so
[1.216s] -- Up-to-date: /home/student35/Documents/Group5/ros2_ws/install/leo_rover_custom_interface_package/lib/python3.12/site-packages/leo_rover_custom_interface_package/leo_rover_custom_interface_package_s__rosidl_typesupport_introspection_c.so
[1.217s] -- Up-to-date: /home/student35/Documents/Group5/ros2_ws/install/leo_rover_custom_interface_package/lib/python3.12/site-packages/leo_rover_custom_interface_package/leo_rover_custom_interface_package_s__rosidl_typesupport_c.so
[1.218s] -- Up-to-date: /home/student35/Documents/Group5/ros2_ws/install/leo_rover_custom_interface_package/lib/libleo_rover_custom_interface_package__rosidl_generator_py.so
[1.218s] -- Up-to-date: /home/student35/Documents/Group5/ros2_ws/install/leo_rover_custom_interface_package/share/leo_rover_custom_interface_package/msg/GripperState.idl
[1.218s] -- Up-to-date: /home/student35/Documents/Group5/ros2_ws/install/leo_rover_custom_interface_package/share/leo_rover_custom_interface_package/msg/GripperPose.idl
[1.219s] -- Up-to-date: /home/student35/Documents/Group5/ros2_ws/install/leo_rover_custom_interface_package/share/leo_rover_custom_interface_package/msg/GripperState.msg
[1.219s] -- Up-to-date: /home/student35/Documents/Group5/ros2_ws/install/leo_rover_custom_interface_package/share/leo_rover_custom_interface_package/msg/GripperPose.msg
[1.220s] -- Up-to-date: /home/student35/Documents/Group5/ros2_ws/install/leo_rover_custom_interface_package/share/ament_index/resource_index/package_run_dependencies/leo_rover_custom_interface_package
[1.220s] -- Up-to-date: /home/student35/Documents/Group5/ros2_ws/install/leo_rover_custom_interface_package/share/ament_index/resource_index/parent_prefix_path/leo_rover_custom_interface_package
[1.220s] -- Up-to-date: /home/student35/Documents/Group5/ros2_ws/install/leo_rover_custom_interface_package/share/leo_rover_custom_interface_package/environment/ament_prefix_path.sh
[1.221s] -- Up-to-date: /home/student35/Documents/Group5/ros2_ws/install/leo_rover_custom_interface_package/share/leo_rover_custom_interface_package/environment/ament_prefix_path.dsv
[1.221s] -- Up-to-date: /home/student35/Documents/Group5/ros2_ws/install/leo_rover_custom_interface_package/share/leo_rover_custom_interface_package/environment/path.sh
[1.221s] -- Up-to-date: /home/student35/Documents/Group5/ros2_ws/install/leo_rover_custom_interface_package/share/leo_rover_custom_interface_package/environment/path.dsv
[1.221s] -- Up-to-date: /home/student35/Documents/Group5/ros2_ws/install/leo_rover_custom_interface_package/share/leo_rover_custom_interface_package/local_setup.bash
[1.222s] -- Up-to-date: /home/student35/Documents/Group5/ros2_ws/install/leo_rover_custom_interface_package/share/leo_rover_custom_interface_package/local_setup.sh
[1.222s] -- Up-to-date: /home/student35/Documents/Group5/ros2_ws/install/leo_rover_custom_interface_package/share/leo_rover_custom_interface_package/local_setup.zsh
[1.222s] -- Up-to-date: /home/student35/Documents/Group5/ros2_ws/install/leo_rover_custom_interface_package/share/leo_rover_custom_interface_package/local_setup.dsv
[1.222s] -- Installing: /home/student35/Documents/Group5/ros2_ws/install/leo_rover_custom_interface_package/share/leo_rover_custom_interface_package/package.dsv
[1.223s] -- Up-to-date: /home/student35/Documents/Group5/ros2_ws/install/leo_rover_custom_interface_package/share/ament_index/resource_index/packages/leo_rover_custom_interface_package
[1.224s] -- Up-to-date: /home/student35/Documents/Group5/ros2_ws/install/leo_rover_custom_interface_package/share/leo_rover_custom_interface_package/cmake/export_leo_rover_custom_interface_package__rosidl_generator_cExport.cmake
[1.227s] -- Up-to-date: /home/student35/Documents/Group5/ros2_ws/install/leo_rover_custom_interface_package/share/leo_rover_custom_interface_package/cmake/export_leo_rover_custom_interface_package__rosidl_generator_cExport-noconfig.cmake
[1.227s] -- Up-to-date: /home/student35/Documents/Group5/ros2_ws/install/leo_rover_custom_interface_package/share/leo_rover_custom_interface_package/cmake/export_leo_rover_custom_interface_package__rosidl_typesupport_fastrtps_cExport.cmake
[1.227s] -- Up-to-date: /home/student35/Documents/Group5/ros2_ws/install/leo_rover_custom_interface_package/share/leo_rover_custom_interface_package/cmake/export_leo_rover_custom_interface_package__rosidl_typesupport_fastrtps_cExport-noconfig.cmake
[1.228s] -- Up-to-date: /home/student35/Documents/Group5/ros2_ws/install/leo_rover_custom_interface_package/share/leo_rover_custom_interface_package/cmake/export_leo_rover_custom_interface_package__rosidl_generator_cppExport.cmake
[1.228s] -- Up-to-date: /home/student35/Documents/Group5/ros2_ws/install/leo_rover_custom_interface_package/share/leo_rover_custom_interface_package/cmake/export_leo_rover_custom_interface_package__rosidl_typesupport_fastrtps_cppExport.cmake
[1.228s] -- Up-to-date: /home/student35/Documents/Group5/ros2_ws/install/leo_rover_custom_interface_package/share/leo_rover_custom_interface_package/cmake/export_leo_rover_custom_interface_package__rosidl_typesupport_fastrtps_cppExport-noconfig.cmake
[1.228s] -- Up-to-date: /home/student35/Documents/Group5/ros2_ws/install/leo_rover_custom_interface_package/share/leo_rover_custom_interface_package/cmake/leo_rover_custom_interface_package__rosidl_typesupport_introspection_cExport.cmake
[1.228s] -- Up-to-date: /home/student35/Documents/Group5/ros2_ws/install/leo_rover_custom_interface_package/share/leo_rover_custom_interface_package/cmake/leo_rover_custom_interface_package__rosidl_typesupport_introspection_cExport-noconfig.cmake
[1.228s] -- Up-to-date: /home/student35/Documents/Group5/ros2_ws/install/leo_rover_custom_interface_package/share/leo_rover_custom_interface_package/cmake/leo_rover_custom_interface_package__rosidl_typesupport_cExport.cmake
[1.228s] -- Up-to-date: /home/student35/Documents/Group5/ros2_ws/install/leo_rover_custom_interface_package/share/leo_rover_custom_interface_package/cmake/leo_rover_custom_interface_package__rosidl_typesupport_cExport-noconfig.cmake
[1.228s] -- Up-to-date: /home/student35/Documents/Group5/ros2_ws/install/leo_rover_custom_interface_package/share/leo_rover_custom_interface_package/cmake/leo_rover_custom_interface_package__rosidl_typesupport_introspection_cppExport.cmake
[1.228s] -- Up-to-date: /home/student35/Documents/Group5/ros2_ws/install/leo_rover_custom_interface_package/share/leo_rover_custom_interface_package/cmake/leo_rover_custom_interface_package__rosidl_typesupport_introspection_cppExport-noconfig.cmake
[1.229s] -- Up-to-date: /home/student35/Documents/Group5/ros2_ws/install/leo_rover_custom_interface_package/share/leo_rover_custom_interface_package/cmake/leo_rover_custom_interface_package__rosidl_typesupport_cppExport.cmake
[1.229s] -- Up-to-date: /home/student35/Documents/Group5/ros2_ws/install/leo_rover_custom_interface_package/share/leo_rover_custom_interface_package/cmake/leo_rover_custom_interface_package__rosidl_typesupport_cppExport-noconfig.cmake
[1.229s] -- Up-to-date: /home/student35/Documents/Group5/ros2_ws/install/leo_rover_custom_interface_package/share/leo_rover_custom_interface_package/cmake/export_leo_rover_custom_interface_package__rosidl_generator_pyExport.cmake
[1.229s] -- Up-to-date: /home/student35/Documents/Group5/ros2_ws/install/leo_rover_custom_interface_package/share/leo_rover_custom_interface_package/cmake/export_leo_rover_custom_interface_package__rosidl_generator_pyExport-noconfig.cmake
[1.229s] -- Up-to-date: /home/student35/Documents/Group5/ros2_ws/install/leo_rover_custom_interface_package/share/leo_rover_custom_interface_package/cmake/rosidl_cmake-extras.cmake
[1.229s] -- Up-to-date: /home/student35/Documents/Group5/ros2_ws/install/leo_rover_custom_interface_package/share/leo_rover_custom_interface_package/cmake/ament_cmake_export_dependencies-extras.cmake
[1.229s] -- Up-to-date: /home/student35/Documents/Group5/ros2_ws/install/leo_rover_custom_interface_package/share/leo_rover_custom_interface_package/cmake/ament_cmake_export_include_directories-extras.cmake
[1.229s] -- Up-to-date: /home/student35/Documents/Group5/ros2_ws/install/leo_rover_custom_interface_package/share/leo_rover_custom_interface_package/cmake/ament_cmake_export_libraries-extras.cmake
[1.229s] -- Up-to-date: /home/student35/Documents/Group5/ros2_ws/install/leo_rover_custom_interface_package/share/leo_rover_custom_interface_package/cmake/ament_cmake_export_targets-extras.cmake
[1.229s] -- Up-to-date: /home/student35/Documents/Group5/ros2_ws/install/leo_rover_custom_interface_package/share/leo_rover_custom_interface_package/cmake/rosidl_cmake_export_typesupport_targets-extras.cmake
[1.230s] -- Up-to-date: /home/student35/Documents/Group5/ros2_ws/install/leo_rover_custom_interface_package/share/leo_rover_custom_interface_package/cmake/rosidl_cmake_export_typesupport_libraries-extras.cmake
[1.231s] -- Up-to-date: /home/student35/Documents/Group5/ros2_ws/install/leo_rover_custom_interface_package/share/leo_rover_custom_interface_package/cmake/leo_rover_custom_interface_packageConfig.cmake
[1.231s] -- Up-to-date: /home/student35/Documents/Group5/ros2_ws/install/leo_rover_custom_interface_package/share/leo_rover_custom_interface_package/cmake/leo_rover_custom_interface_packageConfig-version.cmake
[1.231s] -- Up-to-date: /home/student35/Documents/Group5/ros2_ws/install/leo_rover_custom_interface_package/share/leo_rover_custom_interface_package/package.xml
[1.232s] Invoked command in '/home/student35/Documents/Group5/ros2_ws/build/leo_rover_custom_interface_package' returned '0': CMAKE_PREFIX_PATH=${CMAKE_PREFIX_PATH}:/home/student35/Documents/Group5/ros2_ws/install/manipulator_control:/home/student35/ros2_tutorial_workspace/install/the_simplest_python_package:/home/student35/ros2_tutorial_workspace/install/python_package_with_a_node:/home/student35/ros2_tutorial_workspace/install/python_package_that_uses_the_library:/home/student35/ros2_tutorial_workspace/install/python_package_with_a_library:/home/student35/ros2_tutorial_workspace/install/python_package_that_uses_the_services:/home/student35/ros2_tutorial_workspace/install/python_package_that_uses_the_messages:/home/student35/ros2_tutorial_workspace/install/python_package_that_uses_the_actions:/home/student35/ros2_tutorial_workspace/install/python_package_that_uses_tf2:/home/student35/ros2_tutorial_workspace/install/python_package_that_uses_parameters_and_launch_files:/home/student35/ros2_tutorial_workspace/install/python_package_that_uses_nottf2:/home/student35/ros2_tutorial_workspace/install/python_package_that_uses_nav2:/home/student35/ros2_tutorial_workspace/install/python_package_that_uses_geometry_msgs:/home/student35/ros2_tutorial_workspace/install/python_package_that_uses_gazebo:/home/student35/Documents/SoftwareForRobotics/Week03/ros2_ws/install/custom_package_with_node:/home/student35/Documents/SoftwareForRobotics/Week03/ros2_ws/install/custom_package_with_library:/home/student35/assessments/week2/install/kia:/home/student35/assessments/week2/install/ford:/opt/ros/jazzy DEBUGINFOD_URLS=https://debuginfod.ubuntu.com /usr/bin/cmake --install /home/student35/Documents/Group5/ros2_ws/build/leo_rover_custom_interface_package
