[0.204s] DEBUG:colcon:Command line arguments: ['/usr/bin/colcon', 'build']
[0.204s] DEBUG:colcon:Parsed command line arguments: Namespace(log_base=None, log_level=None, verb_name='build', build_base='build', install_base='install', merge_install=False, symlink_install=False, test_result_base=None, continue_on_error=False, executor='parallel', parallel_workers=12, event_handlers=None, ignore_user_meta=False, metas=['./colcon.meta'], base_paths=['.'], packages_ignore=None, packages_ignore_regex=None, paths=None, packages_up_to=None, packages_up_to_regex=None, packages_above=None, packages_above_and_dependencies=None, packages_above_depth=None, packages_select_by_dep=None, packages_skip_by_dep=None, packages_skip_up_to=None, packages_select_build_failed=False, packages_skip_build_finished=False, packages_select_test_failures=False, packages_skip_test_passed=False, packages_select=None, packages_skip=None, packages_select_regex=None, packages_skip_regex=None, packages_start=None, packages_end=None, allow_overriding=[], cmake_args=None, cmake_target=None, cmake_target_skip_unavailable=False, cmake_clean_cache=False, cmake_clean_first=False, cmake_force_configure=False, ament_cmake_args=None, catkin_cmake_args=None, catkin_skip_building_tests=False, mixin_files=None, mixin=None, verb_parser=<colcon_mixin.mixin.mixin_argument.MixinArgumentDecorator object at 0x74ce41d8f680>, verb_extension=<colcon_core.verb.build.BuildVerb object at 0x74ce41ecbc20>, main=<bound method BuildVerb.main of <colcon_core.verb.build.BuildVerb object at 0x74ce41ecbc20>>, mixin_verb=('build',))
[0.246s] Level 1:colcon.colcon_core.package_discovery:discover_packages(colcon_meta) check parameters
[0.247s] Level 1:colcon.colcon_core.package_discovery:discover_packages(recursive) check parameters
[0.247s] Level 1:colcon.colcon_core.package_discovery:discover_packages(ignore) check parameters
[0.247s] Level 1:colcon.colcon_core.package_discovery:discover_packages(path) check parameters
[0.247s] Level 1:colcon.colcon_core.package_discovery:discover_packages(colcon_meta) discover
[0.247s] Level 1:colcon.colcon_core.package_discovery:discover_packages(recursive) discover
[0.247s] INFO:colcon.colcon_core.package_discovery:Crawling recursively for packages in '/home/student35/Documents/Group5/ros2_ws'
[0.247s] Level 1:colcon.colcon_core.package_identification:_identify(.) by extensions ['ignore', 'ignore_ament_install']
[0.247s] Level 1:colcon.colcon_core.package_identification:_identify(.) by extension 'ignore'
[0.247s] Level 1:colcon.colcon_core.package_identification:_identify(.) by extension 'ignore_ament_install'
[0.247s] Level 1:colcon.colcon_core.package_identification:_identify(.) by extensions ['colcon_pkg']
[0.247s] Level 1:colcon.colcon_core.package_identification:_identify(.) by extension 'colcon_pkg'
[0.248s] Level 1:colcon.colcon_core.package_identification:_identify(.) by extensions ['colcon_meta']
[0.248s] Level 1:colcon.colcon_core.package_identification:_identify(.) by extension 'colcon_meta'
[0.248s] Level 1:colcon.colcon_core.package_identification:_identify(.) by extensions ['ros']
[0.248s] Level 1:colcon.colcon_core.package_identification:_identify(.) by extension 'ros'
[0.276s] Level 1:colcon.colcon_core.package_identification:_identify(.) by extensions ['cmake', 'python']
[0.276s] Level 1:colcon.colcon_core.package_identification:_identify(.) by extension 'cmake'
[0.276s] Level 1:colcon.colcon_core.package_identification:_identify(.) by extension 'python'
[0.277s] Level 1:colcon.colcon_core.package_identification:_identify(.) by extensions ['python_setup_py']
[0.277s] Level 1:colcon.colcon_core.package_identification:_identify(.) by extension 'python_setup_py'
[0.277s] Level 1:colcon.colcon_core.package_identification:_identify(build) by extensions ['ignore', 'ignore_ament_install']
[0.277s] Level 1:colcon.colcon_core.package_identification:_identify(build) by extension 'ignore'
[0.277s] Level 1:colcon.colcon_core.package_identification:_identify(build) ignored
[0.277s] Level 1:colcon.colcon_core.package_identification:_identify(install) by extensions ['ignore', 'ignore_ament_install']
[0.278s] Level 1:colcon.colcon_core.package_identification:_identify(install) by extension 'ignore'
[0.278s] Level 1:colcon.colcon_core.package_identification:_identify(install) ignored
[0.278s] Level 1:colcon.colcon_core.package_identification:_identify(log) by extensions ['ignore', 'ignore_ament_install']
[0.278s] Level 1:colcon.colcon_core.package_identification:_identify(log) by extension 'ignore'
[0.278s] Level 1:colcon.colcon_core.package_identification:_identify(log) ignored
[0.278s] Level 1:colcon.colcon_core.package_identification:_identify(src) by extensions ['ignore', 'ignore_ament_install']
[0.278s] Level 1:colcon.colcon_core.package_identification:_identify(src) by extension 'ignore'
[0.278s] Level 1:colcon.colcon_core.package_identification:_identify(src) by extension 'ignore_ament_install'
[0.278s] Level 1:colcon.colcon_core.package_identification:_identify(src) by extensions ['colcon_pkg']
[0.278s] Level 1:colcon.colcon_core.package_identification:_identify(src) by extension 'colcon_pkg'
[0.278s] Level 1:colcon.colcon_core.package_identification:_identify(src) by extensions ['colcon_meta']
[0.279s] Level 1:colcon.colcon_core.package_identification:_identify(src) by extension 'colcon_meta'
[0.279s] Level 1:colcon.colcon_core.package_identification:_identify(src) by extensions ['ros']
[0.279s] Level 1:colcon.colcon_core.package_identification:_identify(src) by extension 'ros'
[0.279s] Level 1:colcon.colcon_core.package_identification:_identify(src) by extensions ['cmake', 'python']
[0.279s] Level 1:colcon.colcon_core.package_identification:_identify(src) by extension 'cmake'
[0.279s] Level 1:colcon.colcon_core.package_identification:_identify(src) by extension 'python'
[0.279s] Level 1:colcon.colcon_core.package_identification:_identify(src) by extensions ['python_setup_py']
[0.279s] Level 1:colcon.colcon_core.package_identification:_identify(src) by extension 'python_setup_py'
[0.279s] Level 1:colcon.colcon_core.package_identification:_identify(src/leo_rover_custom_interface_package) by extensions ['ignore', 'ignore_ament_install']
[0.279s] Level 1:colcon.colcon_core.package_identification:_identify(src/leo_rover_custom_interface_package) by extension 'ignore'
[0.279s] Level 1:colcon.colcon_core.package_identification:_identify(src/leo_rover_custom_interface_package) by extension 'ignore_ament_install'
[0.279s] Level 1:colcon.colcon_core.package_identification:_identify(src/leo_rover_custom_interface_package) by extensions ['colcon_pkg']
[0.280s] Level 1:colcon.colcon_core.package_identification:_identify(src/leo_rover_custom_interface_package) by extension 'colcon_pkg'
[0.280s] Level 1:colcon.colcon_core.package_identification:_identify(src/leo_rover_custom_interface_package) by extensions ['colcon_meta']
[0.280s] Level 1:colcon.colcon_core.package_identification:_identify(src/leo_rover_custom_interface_package) by extension 'colcon_meta'
[0.280s] Level 1:colcon.colcon_core.package_identification:_identify(src/leo_rover_custom_interface_package) by extensions ['ros']
[0.280s] Level 1:colcon.colcon_core.package_identification:_identify(src/leo_rover_custom_interface_package) by extension 'ros'
[0.284s] DEBUG:colcon.colcon_core.package_identification:Package 'src/leo_rover_custom_interface_package' with type 'ros.ament_cmake' and name 'leo_rover_custom_interface_package'
[0.284s] Level 1:colcon.colcon_core.package_identification:_identify(src/manipulator_control) by extensions ['ignore', 'ignore_ament_install']
[0.285s] Level 1:colcon.colcon_core.package_identification:_identify(src/manipulator_control) by extension 'ignore'
[0.285s] Level 1:colcon.colcon_core.package_identification:_identify(src/manipulator_control) by extension 'ignore_ament_install'
[0.285s] Level 1:colcon.colcon_core.package_identification:_identify(src/manipulator_control) by extensions ['colcon_pkg']
[0.285s] Level 1:colcon.colcon_core.package_identification:_identify(src/manipulator_control) by extension 'colcon_pkg'
[0.285s] Level 1:colcon.colcon_core.package_identification:_identify(src/manipulator_control) by extensions ['colcon_meta']
[0.285s] Level 1:colcon.colcon_core.package_identification:_identify(src/manipulator_control) by extension 'colcon_meta'
[0.285s] Level 1:colcon.colcon_core.package_identification:_identify(src/manipulator_control) by extensions ['ros']
[0.285s] Level 1:colcon.colcon_core.package_identification:_identify(src/manipulator_control) by extension 'ros'
[0.286s] DEBUG:colcon.colcon_core.package_identification:Package 'src/manipulator_control' with type 'ros.ament_python' and name 'manipulator_control'
[0.286s] Level 1:colcon.colcon_core.package_discovery:discover_packages(recursive) using defaults
[0.286s] Level 1:colcon.colcon_core.package_discovery:discover_packages(ignore) discover
[0.287s] Level 1:colcon.colcon_core.package_discovery:discover_packages(ignore) using defaults
[0.287s] Level 1:colcon.colcon_core.package_discovery:discover_packages(path) discover
[0.287s] Level 1:colcon.colcon_core.package_discovery:discover_packages(path) using defaults
[0.314s] Level 1:colcon.colcon_core.package_discovery:discover_packages(prefix_path) check parameters
[0.314s] Level 1:colcon.colcon_core.package_discovery:discover_packages(prefix_path) discover
[0.316s] DEBUG:colcon.colcon_installed_package_information.package_discovery:Found 2 installed packages in /home/student35/Documents/Group5/ros2_ws/install
[0.317s] DEBUG:colcon.colcon_installed_package_information.package_discovery:Found 14 installed packages in /home/student35/ros2_tutorial_workspace/install
[0.318s] DEBUG:colcon.colcon_installed_package_information.package_discovery:Found 2 installed packages in /home/student35/Documents/SoftwareForRobotics/Week03/ros2_ws/install
[0.318s] DEBUG:colcon.colcon_installed_package_information.package_discovery:Found 2 installed packages in /home/student35/assessments/week2/install
[0.319s] DEBUG:colcon.colcon_installed_package_information.package_discovery:Found 2 installed packages in /home/student35/Documents/SoftwareForRobotics/Week02/ros2_ws/install
[0.320s] DEBUG:colcon.colcon_installed_package_information.package_discovery:Found 386 installed packages in /opt/ros/jazzy
[0.322s] Level 1:colcon.colcon_core.package_discovery:discover_packages(prefix_path) using defaults
[0.364s] Level 5:colcon.colcon_core.verb:set package 'leo_rover_custom_interface_package' build argument 'cmake_args' from command line to 'None'
[0.364s] Level 5:colcon.colcon_core.verb:set package 'leo_rover_custom_interface_package' build argument 'cmake_target' from command line to 'None'
[0.364s] Level 5:colcon.colcon_core.verb:set package 'leo_rover_custom_interface_package' build argument 'cmake_target_skip_unavailable' from command line to 'False'
[0.364s] Level 5:colcon.colcon_core.verb:set package 'leo_rover_custom_interface_package' build argument 'cmake_clean_cache' from command line to 'False'
[0.364s] Level 5:colcon.colcon_core.verb:set package 'leo_rover_custom_interface_package' build argument 'cmake_clean_first' from command line to 'False'
[0.364s] Level 5:colcon.colcon_core.verb:set package 'leo_rover_custom_interface_package' build argument 'cmake_force_configure' from command line to 'False'
[0.364s] Level 5:colcon.colcon_core.verb:set package 'leo_rover_custom_interface_package' build argument 'ament_cmake_args' from command line to 'None'
[0.364s] Level 5:colcon.colcon_core.verb:set package 'leo_rover_custom_interface_package' build argument 'catkin_cmake_args' from command line to 'None'
[0.364s] Level 5:colcon.colcon_core.verb:set package 'leo_rover_custom_interface_package' build argument 'catkin_skip_building_tests' from command line to 'False'
[0.364s] DEBUG:colcon.colcon_core.verb:Building package 'leo_rover_custom_interface_package' with the following arguments: {'ament_cmake_args': None, 'build_base': '/home/student35/Documents/Group5/ros2_ws/build/leo_rover_custom_interface_package', 'catkin_cmake_args': None, 'catkin_skip_building_tests': False, 'cmake_args': None, 'cmake_clean_cache': False, 'cmake_clean_first': False, 'cmake_force_configure': False, 'cmake_target': None, 'cmake_target_skip_unavailable': False, 'install_base': '/home/student35/Documents/Group5/ros2_ws/install/leo_rover_custom_interface_package', 'merge_install': False, 'path': '/home/student35/Documents/Group5/ros2_ws/src/leo_rover_custom_interface_package', 'symlink_install': False, 'test_result_base': None}
[0.364s] Level 5:colcon.colcon_core.verb:set package 'manipulator_control' build argument 'cmake_args' from command line to 'None'
[0.364s] Level 5:colcon.colcon_core.verb:set package 'manipulator_control' build argument 'cmake_target' from command line to 'None'
[0.365s] Level 5:colcon.colcon_core.verb:set package 'manipulator_control' build argument 'cmake_target_skip_unavailable' from command line to 'False'
[0.365s] Level 5:colcon.colcon_core.verb:set package 'manipulator_control' build argument 'cmake_clean_cache' from command line to 'False'
[0.365s] Level 5:colcon.colcon_core.verb:set package 'manipulator_control' build argument 'cmake_clean_first' from command line to 'False'
[0.365s] Level 5:colcon.colcon_core.verb:set package 'manipulator_control' build argument 'cmake_force_configure' from command line to 'False'
[0.365s] Level 5:colcon.colcon_core.verb:set package 'manipulator_control' build argument 'ament_cmake_args' from command line to 'None'
[0.365s] Level 5:colcon.colcon_core.verb:set package 'manipulator_control' build argument 'catkin_cmake_args' from command line to 'None'
[0.365s] Level 5:colcon.colcon_core.verb:set package 'manipulator_control' build argument 'catkin_skip_building_tests' from command line to 'False'
[0.365s] DEBUG:colcon.colcon_core.verb:Building package 'manipulator_control' with the following arguments: {'ament_cmake_args': None, 'build_base': '/home/student35/Documents/Group5/ros2_ws/build/manipulator_control', 'catkin_cmake_args': None, 'catkin_skip_building_tests': False, 'cmake_args': None, 'cmake_clean_cache': False, 'cmake_clean_first': False, 'cmake_force_configure': False, 'cmake_target': None, 'cmake_target_skip_unavailable': False, 'install_base': '/home/student35/Documents/Group5/ros2_ws/install/manipulator_control', 'merge_install': False, 'path': '/home/student35/Documents/Group5/ros2_ws/src/manipulator_control', 'symlink_install': False, 'test_result_base': None}
[0.365s] INFO:colcon.colcon_core.executor:Executing jobs using 'parallel' executor
[0.366s] DEBUG:colcon.colcon_parallel_executor.executor.parallel:run_until_complete
[0.367s] INFO:colcon.colcon_ros.task.ament_cmake.build:Building ROS package in '/home/student35/Documents/Group5/ros2_ws/src/leo_rover_custom_interface_package' with build type 'ament_cmake'
[0.367s] INFO:colcon.colcon_cmake.task.cmake.build:Building CMake package in '/home/student35/Documents/Group5/ros2_ws/src/leo_rover_custom_interface_package'
[0.370s] INFO:colcon.colcon_core.plugin_system:Skipping extension 'colcon_core.shell.bat': Not used on non-Windows systems
[0.370s] INFO:colcon.colcon_core.shell:Skip shell extension 'powershell' for command environment: Not usable outside of PowerShell
[0.370s] DEBUG:colcon.colcon_core.shell:Skip shell extension 'dsv' for command environment
[0.394s] DEBUG:colcon.colcon_core.event_handler.log_command:Invoking command in '/home/student35/Documents/Group5/ros2_ws/build/leo_rover_custom_interface_package': CMAKE_PREFIX_PATH=${CMAKE_PREFIX_PATH}:/home/student35/Documents/Group5/ros2_ws/install/manipulator_control:/home/student35/ros2_tutorial_workspace/install/the_simplest_python_package:/home/student35/ros2_tutorial_workspace/install/python_package_with_a_node:/home/student35/ros2_tutorial_workspace/install/python_package_that_uses_the_library:/home/student35/ros2_tutorial_workspace/install/python_package_with_a_library:/home/student35/ros2_tutorial_workspace/install/python_package_that_uses_the_services:/home/student35/ros2_tutorial_workspace/install/python_package_that_uses_the_messages:/home/student35/ros2_tutorial_workspace/install/python_package_that_uses_the_actions:/home/student35/ros2_tutorial_workspace/install/python_package_that_uses_tf2:/home/student35/ros2_tutorial_workspace/install/python_package_that_uses_parameters_and_launch_files:/home/student35/ros2_tutorial_workspace/install/python_package_that_uses_nottf2:/home/student35/ros2_tutorial_workspace/install/python_package_that_uses_nav2:/home/student35/ros2_tutorial_workspace/install/python_package_that_uses_geometry_msgs:/home/student35/ros2_tutorial_workspace/install/python_package_that_uses_gazebo:/home/student35/Documents/SoftwareForRobotics/Week03/ros2_ws/install/custom_package_with_node:/home/student35/Documents/SoftwareForRobotics/Week03/ros2_ws/install/custom_package_with_library:/home/student35/assessments/week2/install/kia:/home/student35/assessments/week2/install/ford:/opt/ros/jazzy DEBUGINFOD_URLS=https://debuginfod.ubuntu.com /usr/bin/cmake --build /home/student35/Documents/Group5/ros2_ws/build/leo_rover_custom_interface_package -- -j12 -l12
[1.773s] DEBUG:colcon.colcon_core.event_handler.log_command:Invoked command in '/home/student35/Documents/Group5/ros2_ws/build/leo_rover_custom_interface_package' returned '0': CMAKE_PREFIX_PATH=${CMAKE_PREFIX_PATH}:/home/student35/Documents/Group5/ros2_ws/install/manipulator_control:/home/student35/ros2_tutorial_workspace/install/the_simplest_python_package:/home/student35/ros2_tutorial_workspace/install/python_package_with_a_node:/home/student35/ros2_tutorial_workspace/install/python_package_that_uses_the_library:/home/student35/ros2_tutorial_workspace/install/python_package_with_a_library:/home/student35/ros2_tutorial_workspace/install/python_package_that_uses_the_services:/home/student35/ros2_tutorial_workspace/install/python_package_that_uses_the_messages:/home/student35/ros2_tutorial_workspace/install/python_package_that_uses_the_actions:/home/student35/ros2_tutorial_workspace/install/python_package_that_uses_tf2:/home/student35/ros2_tutorial_workspace/install/python_package_that_uses_parameters_and_launch_files:/home/student35/ros2_tutorial_workspace/install/python_package_that_uses_nottf2:/home/student35/ros2_tutorial_workspace/install/python_package_that_uses_nav2:/home/student35/ros2_tutorial_workspace/install/python_package_that_uses_geometry_msgs:/home/student35/ros2_tutorial_workspace/install/python_package_that_uses_gazebo:/home/student35/Documents/SoftwareForRobotics/Week03/ros2_ws/install/custom_package_with_node:/home/student35/Documents/SoftwareForRobotics/Week03/ros2_ws/install/custom_package_with_library:/home/student35/assessments/week2/install/kia:/home/student35/assessments/week2/install/ford:/opt/ros/jazzy DEBUGINFOD_URLS=https://debuginfod.ubuntu.com /usr/bin/cmake --build /home/student35/Documents/Group5/ros2_ws/build/leo_rover_custom_interface_package -- -j12 -l12
[1.805s] DEBUG:colcon.colcon_core.event_handler.log_command:Invoking command in '/home/student35/Documents/Group5/ros2_ws/build/leo_rover_custom_interface_package': CMAKE_PREFIX_PATH=${CMAKE_PREFIX_PATH}:/home/student35/Documents/Group5/ros2_ws/install/manipulator_control:/home/student35/ros2_tutorial_workspace/install/the_simplest_python_package:/home/student35/ros2_tutorial_workspace/install/python_package_with_a_node:/home/student35/ros2_tutorial_workspace/install/python_package_that_uses_the_library:/home/student35/ros2_tutorial_workspace/install/python_package_with_a_library:/home/student35/ros2_tutorial_workspace/install/python_package_that_uses_the_services:/home/student35/ros2_tutorial_workspace/install/python_package_that_uses_the_messages:/home/student35/ros2_tutorial_workspace/install/python_package_that_uses_the_actions:/home/student35/ros2_tutorial_workspace/install/python_package_that_uses_tf2:/home/student35/ros2_tutorial_workspace/install/python_package_that_uses_parameters_and_launch_files:/home/student35/ros2_tutorial_workspace/install/python_package_that_uses_nottf2:/home/student35/ros2_tutorial_workspace/install/python_package_that_uses_nav2:/home/student35/ros2_tutorial_workspace/install/python_package_that_uses_geometry_msgs:/home/student35/ros2_tutorial_workspace/install/python_package_that_uses_gazebo:/home/student35/Documents/SoftwareForRobotics/Week03/ros2_ws/install/custom_package_with_node:/home/student35/Documents/SoftwareForRobotics/Week03/ros2_ws/install/custom_package_with_library:/home/student35/assessments/week2/install/kia:/home/student35/assessments/week2/install/ford:/opt/ros/jazzy DEBUGINFOD_URLS=https://debuginfod.ubuntu.com /usr/bin/cmake --install /home/student35/Documents/Group5/ros2_ws/build/leo_rover_custom_interface_package
[1.992s] Level 1:colcon.colcon_core.environment:create_environment_scripts_only(leo_rover_custom_interface_package)
[2.004s] Level 1:colcon.colcon_core.environment:checking '/home/student35/Documents/Group5/ros2_ws/install/leo_rover_custom_interface_package' for CMake module files
[2.006s] Level 1:colcon.colcon_core.environment:checking '/home/student35/Documents/Group5/ros2_ws/install/leo_rover_custom_interface_package' for CMake config files
[2.006s] DEBUG:colcon.colcon_core.event_handler.log_command:Invoked command in '/home/student35/Documents/Group5/ros2_ws/build/leo_rover_custom_interface_package' returned '0': CMAKE_PREFIX_PATH=${CMAKE_PREFIX_PATH}:/home/student35/Documents/Group5/ros2_ws/install/manipulator_control:/home/student35/ros2_tutorial_workspace/install/the_simplest_python_package:/home/student35/ros2_tutorial_workspace/install/python_package_with_a_node:/home/student35/ros2_tutorial_workspace/install/python_package_that_uses_the_library:/home/student35/ros2_tutorial_workspace/install/python_package_with_a_library:/home/student35/ros2_tutorial_workspace/install/python_package_that_uses_the_services:/home/student35/ros2_tutorial_workspace/install/python_package_that_uses_the_messages:/home/student35/ros2_tutorial_workspace/install/python_package_that_uses_the_actions:/home/student35/ros2_tutorial_workspace/install/python_package_that_uses_tf2:/home/student35/ros2_tutorial_workspace/install/python_package_that_uses_parameters_and_launch_files:/home/student35/ros2_tutorial_workspace/install/python_package_that_uses_nottf2:/home/student35/ros2_tutorial_workspace/install/python_package_that_uses_nav2:/home/student35/ros2_tutorial_workspace/install/python_package_that_uses_geometry_msgs:/home/student35/ros2_tutorial_workspace/install/python_package_that_uses_gazebo:/home/student35/Documents/SoftwareForRobotics/Week03/ros2_ws/install/custom_package_with_node:/home/student35/Documents/SoftwareForRobotics/Week03/ros2_ws/install/custom_package_with_library:/home/student35/assessments/week2/install/kia:/home/student35/assessments/week2/install/ford:/opt/ros/jazzy DEBUGINFOD_URLS=https://debuginfod.ubuntu.com /usr/bin/cmake --install /home/student35/Documents/Group5/ros2_ws/build/leo_rover_custom_interface_package
[2.008s] Level 1:colcon.colcon_core.shell:create_environment_hook('leo_rover_custom_interface_package', 'cmake_prefix_path')
[2.008s] INFO:colcon.colcon_core.shell:Creating environment hook '/home/student35/Documents/Group5/ros2_ws/install/leo_rover_custom_interface_package/share/leo_rover_custom_interface_package/hook/cmake_prefix_path.ps1'
[2.010s] INFO:colcon.colcon_core.shell:Creating environment descriptor '/home/student35/Documents/Group5/ros2_ws/install/leo_rover_custom_interface_package/share/leo_rover_custom_interface_package/hook/cmake_prefix_path.dsv'
[2.010s] INFO:colcon.colcon_core.shell:Creating environment hook '/home/student35/Documents/Group5/ros2_ws/install/leo_rover_custom_interface_package/share/leo_rover_custom_interface_package/hook/cmake_prefix_path.sh'
[2.011s] Level 1:colcon.colcon_core.environment:checking '/home/student35/Documents/Group5/ros2_ws/install/leo_rover_custom_interface_package/lib'
[2.012s] Level 1:colcon.colcon_core.shell:create_environment_hook('leo_rover_custom_interface_package', 'ld_library_path_lib')
[2.012s] INFO:colcon.colcon_core.shell:Creating environment hook '/home/student35/Documents/Group5/ros2_ws/install/leo_rover_custom_interface_package/share/leo_rover_custom_interface_package/hook/ld_library_path_lib.ps1'
[2.012s] INFO:colcon.colcon_core.shell:Creating environment descriptor '/home/student35/Documents/Group5/ros2_ws/install/leo_rover_custom_interface_package/share/leo_rover_custom_interface_package/hook/ld_library_path_lib.dsv'
[2.013s] INFO:colcon.colcon_core.shell:Creating environment hook '/home/student35/Documents/Group5/ros2_ws/install/leo_rover_custom_interface_package/share/leo_rover_custom_interface_package/hook/ld_library_path_lib.sh'
[2.013s] Level 1:colcon.colcon_core.environment:checking '/home/student35/Documents/Group5/ros2_ws/install/leo_rover_custom_interface_package/bin'
[2.014s] Level 1:colcon.colcon_core.environment:checking '/home/student35/Documents/Group5/ros2_ws/install/leo_rover_custom_interface_package/lib/pkgconfig/leo_rover_custom_interface_package.pc'
[2.015s] Level 1:colcon.colcon_core.environment:checking '/home/student35/Documents/Group5/ros2_ws/install/leo_rover_custom_interface_package/lib/python3.12/site-packages'
[2.015s] Level 1:colcon.colcon_core.shell:create_environment_hook('leo_rover_custom_interface_package', 'pythonpath')
[2.016s] INFO:colcon.colcon_core.shell:Creating environment hook '/home/student35/Documents/Group5/ros2_ws/install/leo_rover_custom_interface_package/share/leo_rover_custom_interface_package/hook/pythonpath.ps1'
[2.017s] INFO:colcon.colcon_core.shell:Creating environment descriptor '/home/student35/Documents/Group5/ros2_ws/install/leo_rover_custom_interface_package/share/leo_rover_custom_interface_package/hook/pythonpath.dsv'
[2.018s] INFO:colcon.colcon_core.shell:Creating environment hook '/home/student35/Documents/Group5/ros2_ws/install/leo_rover_custom_interface_package/share/leo_rover_custom_interface_package/hook/pythonpath.sh'
[2.019s] Level 1:colcon.colcon_core.environment:checking '/home/student35/Documents/Group5/ros2_ws/install/leo_rover_custom_interface_package/bin'
[2.020s] INFO:colcon.colcon_core.shell:Creating package script '/home/student35/Documents/Group5/ros2_ws/install/leo_rover_custom_interface_package/share/leo_rover_custom_interface_package/package.ps1'
[2.022s] INFO:colcon.colcon_core.shell:Creating package descriptor '/home/student35/Documents/Group5/ros2_ws/install/leo_rover_custom_interface_package/share/leo_rover_custom_interface_package/package.dsv'
[2.024s] INFO:colcon.colcon_core.shell:Creating package script '/home/student35/Documents/Group5/ros2_ws/install/leo_rover_custom_interface_package/share/leo_rover_custom_interface_package/package.sh'
[2.026s] INFO:colcon.colcon_core.shell:Creating package script '/home/student35/Documents/Group5/ros2_ws/install/leo_rover_custom_interface_package/share/leo_rover_custom_interface_package/package.bash'
[2.028s] INFO:colcon.colcon_core.shell:Creating package script '/home/student35/Documents/Group5/ros2_ws/install/leo_rover_custom_interface_package/share/leo_rover_custom_interface_package/package.zsh'
[2.029s] Level 1:colcon.colcon_core.environment:create_file_with_runtime_dependencies(/home/student35/Documents/Group5/ros2_ws/install/leo_rover_custom_interface_package/share/colcon-core/packages/leo_rover_custom_interface_package)
[2.030s] Level 1:colcon.colcon_core.environment:create_environment_scripts_only(leo_rover_custom_interface_package)
[2.031s] Level 1:colcon.colcon_core.environment:checking '/home/student35/Documents/Group5/ros2_ws/install/leo_rover_custom_interface_package' for CMake module files
[2.032s] Level 1:colcon.colcon_core.environment:checking '/home/student35/Documents/Group5/ros2_ws/install/leo_rover_custom_interface_package' for CMake config files
[2.033s] Level 1:colcon.colcon_core.shell:create_environment_hook('leo_rover_custom_interface_package', 'cmake_prefix_path')
[2.034s] INFO:colcon.colcon_core.shell:Creating environment hook '/home/student35/Documents/Group5/ros2_ws/install/leo_rover_custom_interface_package/share/leo_rover_custom_interface_package/hook/cmake_prefix_path.ps1'
[2.035s] INFO:colcon.colcon_core.shell:Creating environment descriptor '/home/student35/Documents/Group5/ros2_ws/install/leo_rover_custom_interface_package/share/leo_rover_custom_interface_package/hook/cmake_prefix_path.dsv'
[2.036s] INFO:colcon.colcon_core.shell:Creating environment hook '/home/student35/Documents/Group5/ros2_ws/install/leo_rover_custom_interface_package/share/leo_rover_custom_interface_package/hook/cmake_prefix_path.sh'
[2.037s] Level 1:colcon.colcon_core.environment:checking '/home/student35/Documents/Group5/ros2_ws/install/leo_rover_custom_interface_package/lib'
[2.037s] Level 1:colcon.colcon_core.shell:create_environment_hook('leo_rover_custom_interface_package', 'ld_library_path_lib')
[2.038s] INFO:colcon.colcon_core.shell:Creating environment hook '/home/student35/Documents/Group5/ros2_ws/install/leo_rover_custom_interface_package/share/leo_rover_custom_interface_package/hook/ld_library_path_lib.ps1'
[2.039s] INFO:colcon.colcon_core.shell:Creating environment descriptor '/home/student35/Documents/Group5/ros2_ws/install/leo_rover_custom_interface_package/share/leo_rover_custom_interface_package/hook/ld_library_path_lib.dsv'
[2.040s] INFO:colcon.colcon_core.shell:Creating environment hook '/home/student35/Documents/Group5/ros2_ws/install/leo_rover_custom_interface_package/share/leo_rover_custom_interface_package/hook/ld_library_path_lib.sh'
[2.041s] Level 1:colcon.colcon_core.environment:checking '/home/student35/Documents/Group5/ros2_ws/install/leo_rover_custom_interface_package/bin'
[2.041s] Level 1:colcon.colcon_core.environment:checking '/home/student35/Documents/Group5/ros2_ws/install/leo_rover_custom_interface_package/lib/pkgconfig/leo_rover_custom_interface_package.pc'
[2.042s] Level 1:colcon.colcon_core.environment:checking '/home/student35/Documents/Group5/ros2_ws/install/leo_rover_custom_interface_package/lib/python3.12/site-packages'
[2.042s] Level 1:colcon.colcon_core.shell:create_environment_hook('leo_rover_custom_interface_package', 'pythonpath')
[2.042s] INFO:colcon.colcon_core.shell:Creating environment hook '/home/student35/Documents/Group5/ros2_ws/install/leo_rover_custom_interface_package/share/leo_rover_custom_interface_package/hook/pythonpath.ps1'
[2.043s] INFO:colcon.colcon_core.shell:Creating environment descriptor '/home/student35/Documents/Group5/ros2_ws/install/leo_rover_custom_interface_package/share/leo_rover_custom_interface_package/hook/pythonpath.dsv'
[2.044s] INFO:colcon.colcon_core.shell:Creating environment hook '/home/student35/Documents/Group5/ros2_ws/install/leo_rover_custom_interface_package/share/leo_rover_custom_interface_package/hook/pythonpath.sh'
[2.045s] Level 1:colcon.colcon_core.environment:checking '/home/student35/Documents/Group5/ros2_ws/install/leo_rover_custom_interface_package/bin'
[2.046s] INFO:colcon.colcon_core.shell:Creating package script '/home/student35/Documents/Group5/ros2_ws/install/leo_rover_custom_interface_package/share/leo_rover_custom_interface_package/package.ps1'
[2.046s] INFO:colcon.colcon_core.shell:Creating package descriptor '/home/student35/Documents/Group5/ros2_ws/install/leo_rover_custom_interface_package/share/leo_rover_custom_interface_package/package.dsv'
[2.047s] INFO:colcon.colcon_core.shell:Creating package script '/home/student35/Documents/Group5/ros2_ws/install/leo_rover_custom_interface_package/share/leo_rover_custom_interface_package/package.sh'
[2.048s] INFO:colcon.colcon_core.shell:Creating package script '/home/student35/Documents/Group5/ros2_ws/install/leo_rover_custom_interface_package/share/leo_rover_custom_interface_package/package.bash'
[2.048s] INFO:colcon.colcon_core.shell:Creating package script '/home/student35/Documents/Group5/ros2_ws/install/leo_rover_custom_interface_package/share/leo_rover_custom_interface_package/package.zsh'
[2.049s] Level 1:colcon.colcon_core.environment:create_file_with_runtime_dependencies(/home/student35/Documents/Group5/ros2_ws/install/leo_rover_custom_interface_package/share/colcon-core/packages/leo_rover_custom_interface_package)
[2.049s] INFO:colcon.colcon_ros.task.ament_python.build:Building ROS package in '/home/student35/Documents/Group5/ros2_ws/src/manipulator_control' with build type 'ament_python'
[2.050s] Level 1:colcon.colcon_core.shell:create_environment_hook('manipulator_control', 'ament_prefix_path')
[2.051s] INFO:colcon.colcon_core.shell:Creating environment hook '/home/student35/Documents/Group5/ros2_ws/install/manipulator_control/share/manipulator_control/hook/ament_prefix_path.ps1'
[2.052s] INFO:colcon.colcon_core.shell:Creating environment descriptor '/home/student35/Documents/Group5/ros2_ws/install/manipulator_control/share/manipulator_control/hook/ament_prefix_path.dsv'
[2.053s] INFO:colcon.colcon_core.shell:Creating environment hook '/home/student35/Documents/Group5/ros2_ws/install/manipulator_control/share/manipulator_control/hook/ament_prefix_path.sh'
[2.054s] INFO:colcon.colcon_core.shell:Skip shell extension 'powershell' for command environment: Not usable outside of PowerShell
[2.055s] DEBUG:colcon.colcon_core.shell:Skip shell extension 'dsv' for command environment
[2.513s] INFO:colcon.colcon_core.task.python.build:Building Python package in '/home/student35/Documents/Group5/ros2_ws/src/manipulator_control'
[2.513s] INFO:colcon.colcon_core.shell:Skip shell extension 'powershell' for command environment: Not usable outside of PowerShell
[2.514s] DEBUG:colcon.colcon_core.shell:Skip shell extension 'dsv' for command environment
[3.505s] DEBUG:colcon.colcon_core.event_handler.log_command:Invoking command in '/home/student35/Documents/Group5/ros2_ws/src/manipulator_control': DEBUGINFOD_URLS=https://debuginfod.ubuntu.com PYTHONPATH=/home/student35/Documents/Group5/ros2_ws/build/manipulator_control/prefix_override:/usr/lib/python3/dist-packages/colcon_core/task/python/colcon_distutils_commands:/home/student35/Documents/Group5/ros2_ws/install/manipulator_control/lib/python3.12/site-packages:/home/student35/Documents/Group5/ros2_ws/install/leo_rover_custom_interface_package/lib/python3.12/site-packages:/home/student35/Documents/Group5/ros2_ws/install/manipulator_control/lib/python3.12/site-packages:/home/student35/ros2_tutorial_workspace/install/the_simplest_python_package/lib/python3.12/site-packages:/home/student35/ros2_tutorial_workspace/install/python_package_with_a_node/lib/python3.12/site-packages:/home/student35/ros2_tutorial_workspace/install/python_package_that_uses_the_library/lib/python3.12/site-packages:/home/student35/ros2_tutorial_workspace/install/python_package_with_a_library/lib/python3.12/site-packages:/home/student35/ros2_tutorial_workspace/install/python_package_that_uses_the_services/lib/python3.12/site-packages:/home/student35/ros2_tutorial_workspace/install/python_package_that_uses_the_messages/lib/python3.12/site-packages:/home/student35/ros2_tutorial_workspace/install/python_package_that_uses_the_actions/lib/python3.12/site-packages:/home/student35/ros2_tutorial_workspace/install/python_package_that_uses_tf2/lib/python3.12/site-packages:/home/student35/ros2_tutorial_workspace/install/python_package_that_uses_parameters_and_launch_files/lib/python3.12/site-packages:/home/student35/ros2_tutorial_workspace/install/python_package_that_uses_nottf2/lib/python3.12/site-packages:/home/student35/ros2_tutorial_workspace/install/python_package_that_uses_nav2/lib/python3.12/site-packages:/home/student35/ros2_tutorial_workspace/install/python_package_that_uses_geometry_msgs/lib/python3.12/site-packages:/home/student35/ros2_tutorial_workspace/install/python_package_that_uses_gazebo/lib/python3.12/site-packages:/home/student35/ros2_tutorial_workspace/install/package_with_interfaces/lib/python3.12/site-packages:/home/student35/Documents/SoftwareForRobotics/Week03/ros2_ws/install/custom_package_with_node/lib/python3.12/site-packages:/home/student35/Documents/SoftwareForRobotics/Week03/ros2_ws/install/custom_package_with_library/lib/python3.12/site-packages:/home/student35/assessments/week2/install/kia/lib/python3.12/site-packages:/home/student35/assessments/week2/install/ford/lib/python3.12/site-packages:/opt/ros/jazzy/lib/python3.12/site-packages /usr/bin/python3 -W ignore:setup.py install is deprecated -W ignore:easy_install command is deprecated setup.py egg_info --egg-base ../../build/manipulator_control build --build-base /home/student35/Documents/Group5/ros2_ws/build/manipulator_control/build install --record /home/student35/Documents/Group5/ros2_ws/build/manipulator_control/install.log --single-version-externally-managed install_data
[4.450s] Level 1:colcon.colcon_core.environment:checking '/home/student35/Documents/Group5/ros2_ws/install/manipulator_control' for CMake module files
[4.451s] DEBUG:colcon.colcon_core.event_handler.log_command:Invoked command in '/home/student35/Documents/Group5/ros2_ws/src/manipulator_control' returned '0': DEBUGINFOD_URLS=https://debuginfod.ubuntu.com PYTHONPATH=/home/student35/Documents/Group5/ros2_ws/build/manipulator_control/prefix_override:/usr/lib/python3/dist-packages/colcon_core/task/python/colcon_distutils_commands:/home/student35/Documents/Group5/ros2_ws/install/manipulator_control/lib/python3.12/site-packages:/home/student35/Documents/Group5/ros2_ws/install/leo_rover_custom_interface_package/lib/python3.12/site-packages:/home/student35/Documents/Group5/ros2_ws/install/manipulator_control/lib/python3.12/site-packages:/home/student35/ros2_tutorial_workspace/install/the_simplest_python_package/lib/python3.12/site-packages:/home/student35/ros2_tutorial_workspace/install/python_package_with_a_node/lib/python3.12/site-packages:/home/student35/ros2_tutorial_workspace/install/python_package_that_uses_the_library/lib/python3.12/site-packages:/home/student35/ros2_tutorial_workspace/install/python_package_with_a_library/lib/python3.12/site-packages:/home/student35/ros2_tutorial_workspace/install/python_package_that_uses_the_services/lib/python3.12/site-packages:/home/student35/ros2_tutorial_workspace/install/python_package_that_uses_the_messages/lib/python3.12/site-packages:/home/student35/ros2_tutorial_workspace/install/python_package_that_uses_the_actions/lib/python3.12/site-packages:/home/student35/ros2_tutorial_workspace/install/python_package_that_uses_tf2/lib/python3.12/site-packages:/home/student35/ros2_tutorial_workspace/install/python_package_that_uses_parameters_and_launch_files/lib/python3.12/site-packages:/home/student35/ros2_tutorial_workspace/install/python_package_that_uses_nottf2/lib/python3.12/site-packages:/home/student35/ros2_tutorial_workspace/install/python_package_that_uses_nav2/lib/python3.12/site-packages:/home/student35/ros2_tutorial_workspace/install/python_package_that_uses_geometry_msgs/lib/python3.12/site-packages:/home/student35/ros2_tutorial_workspace/install/python_package_that_uses_gazebo/lib/python3.12/site-packages:/home/student35/ros2_tutorial_workspace/install/package_with_interfaces/lib/python3.12/site-packages:/home/student35/Documents/SoftwareForRobotics/Week03/ros2_ws/install/custom_package_with_node/lib/python3.12/site-packages:/home/student35/Documents/SoftwareForRobotics/Week03/ros2_ws/install/custom_package_with_library/lib/python3.12/site-packages:/home/student35/assessments/week2/install/kia/lib/python3.12/site-packages:/home/student35/assessments/week2/install/ford/lib/python3.12/site-packages:/opt/ros/jazzy/lib/python3.12/site-packages /usr/bin/python3 -W ignore:setup.py install is deprecated -W ignore:easy_install command is deprecated setup.py egg_info --egg-base ../../build/manipulator_control build --build-base /home/student35/Documents/Group5/ros2_ws/build/manipulator_control/build install --record /home/student35/Documents/Group5/ros2_ws/build/manipulator_control/install.log --single-version-externally-managed install_data
[4.452s] Level 1:colcon.colcon_core.environment:checking '/home/student35/Documents/Group5/ros2_ws/install/manipulator_control' for CMake config files
[4.453s] Level 1:colcon.colcon_core.environment:checking '/home/student35/Documents/Group5/ros2_ws/install/manipulator_control/lib'
[4.453s] Level 1:colcon.colcon_core.environment:checking '/home/student35/Documents/Group5/ros2_ws/install/manipulator_control/bin'
[4.453s] Level 1:colcon.colcon_core.environment:checking '/home/student35/Documents/Group5/ros2_ws/install/manipulator_control/lib/pkgconfig/manipulator_control.pc'
[4.453s] Level 1:colcon.colcon_core.environment:checking '/home/student35/Documents/Group5/ros2_ws/install/manipulator_control/lib/python3.12/site-packages'
[4.454s] Level 1:colcon.colcon_core.shell:create_environment_hook('manipulator_control', 'pythonpath')
[4.454s] INFO:colcon.colcon_core.shell:Creating environment hook '/home/student35/Documents/Group5/ros2_ws/install/manipulator_control/share/manipulator_control/hook/pythonpath.ps1'
[4.455s] INFO:colcon.colcon_core.shell:Creating environment descriptor '/home/student35/Documents/Group5/ros2_ws/install/manipulator_control/share/manipulator_control/hook/pythonpath.dsv'
[4.456s] INFO:colcon.colcon_core.shell:Creating environment hook '/home/student35/Documents/Group5/ros2_ws/install/manipulator_control/share/manipulator_control/hook/pythonpath.sh'
[4.458s] Level 1:colcon.colcon_core.environment:checking '/home/student35/Documents/Group5/ros2_ws/install/manipulator_control/bin'
[4.458s] Level 1:colcon.colcon_core.environment:create_environment_scripts_only(manipulator_control)
[4.458s] INFO:colcon.colcon_core.shell:Creating package script '/home/student35/Documents/Group5/ros2_ws/install/manipulator_control/share/manipulator_control/package.ps1'
[4.460s] INFO:colcon.colcon_core.shell:Creating package descriptor '/home/student35/Documents/Group5/ros2_ws/install/manipulator_control/share/manipulator_control/package.dsv'
[4.461s] INFO:colcon.colcon_core.shell:Creating package script '/home/student35/Documents/Group5/ros2_ws/install/manipulator_control/share/manipulator_control/package.sh'
[4.462s] INFO:colcon.colcon_core.shell:Creating package script '/home/student35/Documents/Group5/ros2_ws/install/manipulator_control/share/manipulator_control/package.bash'
[4.463s] INFO:colcon.colcon_core.shell:Creating package script '/home/student35/Documents/Group5/ros2_ws/install/manipulator_control/share/manipulator_control/package.zsh'
[4.464s] Level 1:colcon.colcon_core.environment:create_file_with_runtime_dependencies(/home/student35/Documents/Group5/ros2_ws/install/manipulator_control/share/colcon-core/packages/manipulator_control)
[4.465s] DEBUG:colcon.colcon_parallel_executor.executor.parallel:closing loop
[4.466s] DEBUG:colcon.colcon_parallel_executor.executor.parallel:loop closed
[4.466s] DEBUG:colcon.colcon_parallel_executor.executor.parallel:run_until_complete finished with '0'
[4.467s] DEBUG:colcon.colcon_core.event_reactor:joining thread
[4.486s] INFO:colcon.colcon_core.plugin_system:Skipping extension 'colcon_notification.desktop_notification.terminal_notifier': Not used on non-Darwin systems
[4.486s] INFO:colcon.colcon_core.plugin_system:Skipping extension 'colcon_notification.desktop_notification.win32': Not used on non-Windows systems
[4.486s] INFO:colcon.colcon_notification.desktop_notification:Sending desktop notification using 'notify2'
[4.508s] DEBUG:colcon.colcon_core.event_reactor:joined thread
[4.510s] INFO:colcon.colcon_core.shell:Creating prefix script '/home/student35/Documents/Group5/ros2_ws/install/local_setup.ps1'
[4.511s] INFO:colcon.colcon_core.shell:Creating prefix util module '/home/student35/Documents/Group5/ros2_ws/install/_local_setup_util_ps1.py'
[4.515s] INFO:colcon.colcon_core.shell:Creating prefix chain script '/home/student35/Documents/Group5/ros2_ws/install/setup.ps1'
[4.521s] INFO:colcon.colcon_core.shell:Creating prefix script '/home/student35/Documents/Group5/ros2_ws/install/local_setup.sh'
[4.523s] INFO:colcon.colcon_core.shell:Creating prefix util module '/home/student35/Documents/Group5/ros2_ws/install/_local_setup_util_sh.py'
[4.525s] INFO:colcon.colcon_core.shell:Creating prefix chain script '/home/student35/Documents/Group5/ros2_ws/install/setup.sh'
[4.533s] INFO:colcon.colcon_core.shell:Creating prefix script '/home/student35/Documents/Group5/ros2_ws/install/local_setup.bash'
[4.537s] INFO:colcon.colcon_core.shell:Creating prefix chain script '/home/student35/Documents/Group5/ros2_ws/install/setup.bash'
[4.542s] INFO:colcon.colcon_core.shell:Creating prefix script '/home/student35/Documents/Group5/ros2_ws/install/local_setup.zsh'
[4.544s] INFO:colcon.colcon_core.shell:Creating prefix chain script '/home/student35/Documents/Group5/ros2_ws/install/setup.zsh'
