[3.079s] Invoking command in '/home/student35/Documents/Group5/ros2_ws/src/manipulator_control': AMENT_PREFIX_PATH=/home/student35/Documents/Group5/ros2_ws/install/leo_rover_custom_interface_package:${AMENT_PREFIX_PATH} CMAKE_PREFIX_PATH=/home/student35/Documents/Group5/ros2_ws/install/leo_rover_custom_interface_package:${CMAKE_PREFIX_PATH} DEBUGINFOD_URLS=https://debuginfod.ubuntu.com LD_LIBRARY_PATH=/home/student35/Documents/Group5/ros2_ws/install/leo_rover_custom_interface_package/lib:${LD_LIBRARY_PATH} PYTHONPATH=/home/student35/Documents/Group5/ros2_ws/build/manipulator_control/prefix_override:/usr/lib/python3/dist-packages/colcon_core/task/python/colcon_distutils_commands:/home/student35/Documents/Group5/ros2_ws/install/manipulator_control/lib/python3.12/site-packages:/home/student35/Documents/Group5/ros2_ws/install/leo_rover_custom_interface_package/lib/python3.12/site-packages:${PYTHONPATH} /usr/bin/python3 -W ignore:setup.py install is deprecated -W ignore:easy_install command is deprecated setup.py egg_info --egg-base ../../build/manipulator_control build --build-base /home/student35/Documents/Group5/ros2_ws/build/manipulator_control/build install --record /home/student35/Documents/Group5/ros2_ws/build/manipulator_control/install.log --single-version-externally-managed install_data
[3.564s] running egg_info
[3.597s] writing ../../build/manipulator_control/manipulator_control.egg-info/PKG-INFO
[3.597s] writing dependency_links to ../../build/manipulator_control/manipulator_control.egg-info/dependency_links.txt
[3.598s] writing entry points to ../../build/manipulator_control/manipulator_control.egg-info/entry_points.txt
[3.599s] writing requirements to ../../build/manipulator_control/manipulator_control.egg-info/requires.txt
[3.600s] writing top-level names to ../../build/manipulator_control/manipulator_control.egg-info/top_level.txt
[3.649s] reading manifest file '../../build/manipulator_control/manipulator_control.egg-info/SOURCES.txt'
[3.651s] writing manifest file '../../build/manipulator_control/manipulator_control.egg-info/SOURCES.txt'
[3.652s] running build
[3.653s] running build_py
[3.653s] copying manipulator_control/manipulator_control_node.py -> /home/student35/Documents/Group5/ros2_ws/build/manipulator_control/build/lib/manipulator_control
[3.655s] running install
[3.674s] running install_lib
[3.746s] copying /home/student35/Documents/Group5/ros2_ws/build/manipulator_control/build/lib/manipulator_control/manipulator_control_node.py -> /home/student35/Documents/Group5/ros2_ws/install/manipulator_control/lib/python3.12/site-packages/manipulator_control
[3.752s] byte-compiling /home/student35/Documents/Group5/ros2_ws/install/manipulator_control/lib/python3.12/site-packages/manipulator_control/manipulator_control_node.py to manipulator_control_node.cpython-312.pyc
[3.755s] running install_data
[3.756s] running install_egg_info
[3.820s] removing '/home/student35/Documents/Group5/ros2_ws/install/manipulator_control/lib/python3.12/site-packages/manipulator_control-0.0.0-py3.12.egg-info' (and everything under it)
[3.821s] Copying ../../build/manipulator_control/manipulator_control.egg-info to /home/student35/Documents/Group5/ros2_ws/install/manipulator_control/lib/python3.12/site-packages/manipulator_control-0.0.0-py3.12.egg-info
[3.823s] running install_scripts
[4.047s] Installing manipulator_control_node script to /home/student35/Documents/Group5/ros2_ws/install/manipulator_control/lib/manipulator_control
[4.047s] writing list of installed files to '/home/student35/Documents/Group5/ros2_ws/build/manipulator_control/install.log'
[4.100s] Invoked command in '/home/student35/Documents/Group5/ros2_ws/src/manipulator_control' returned '0': AMENT_PREFIX_PATH=/home/student35/Documents/Group5/ros2_ws/install/leo_rover_custom_interface_package:${AMENT_PREFIX_PATH} CMAKE_PREFIX_PATH=/home/student35/Documents/Group5/ros2_ws/install/leo_rover_custom_interface_package:${CMAKE_PREFIX_PATH} DEBUGINFOD_URLS=https://debuginfod.ubuntu.com LD_LIBRARY_PATH=/home/student35/Documents/Group5/ros2_ws/install/leo_rover_custom_interface_package/lib:${LD_LIBRARY_PATH} PYTHONPATH=/home/student35/Documents/Group5/ros2_ws/build/manipulator_control/prefix_override:/usr/lib/python3/dist-packages/colcon_core/task/python/colcon_distutils_commands:/home/student35/Documents/Group5/ros2_ws/install/manipulator_control/lib/python3.12/site-packages:/home/student35/Documents/Group5/ros2_ws/install/leo_rover_custom_interface_package/lib/python3.12/site-packages:${PYTHONPATH} /usr/bin/python3 -W ignore:setup.py install is deprecated -W ignore:easy_install command is deprecated setup.py egg_info --egg-base ../../build/manipulator_control build --build-base /home/student35/Documents/Group5/ros2_ws/build/manipulator_control/build install --record /home/student35/Documents/Group5/ros2_ws/build/manipulator_control/install.log --single-version-externally-managed install_data
