-- Found ament_cmake: 2.5.4 (/opt/ros/jazzy/share/ament_cmake/cmake)
-- Found Python3: /usr/bin/python3 (found version "3.12.3") found components: Interpreter 
-- Found geometry_msgs: 5.3.6 (/opt/ros/jazzy/share/geometry_msgs/cmake)
-- Found rosidl_generator_c: 4.6.6 (/opt/ros/jazzy/share/rosidl_generator_c/cmake)
-- Found rosidl_generator_cpp: 4.6.6 (/opt/ros/jazzy/share/rosidl_generator_cpp/cmake)
-- Using all available rosidl_typesupport_c: rosidl_typesupport_fastrtps_c;rosidl_typesupport_introspection_c
-- Using all available rosidl_typesupport_cpp: rosidl_typesupport_fastrtps_cpp;rosidl_typesupport_introspection_cpp
-- Found rosidl_default_generators: 1.6.0 (/opt/ros/jazzy/share/rosidl_default_generators/cmake)
-- Found rosidl_adapter: 4.6.6 (/opt/ros/jazzy/share/rosidl_adapter/cmake)
-- Found ament_cmake_ros: 0.12.0 (/opt/ros/jazzy/share/ament_cmake_ros/cmake)
-- Using all available rosidl_typesupport_c: rosidl_typesupport_fastrtps_c;rosidl_typesupport_introspection_c
-- Using all available rosidl_typesupport_cpp: rosidl_typesupport_fastrtps_cpp;rosidl_typesupport_introspection_cpp
-- Found python_cmake_module: 0.11.1 (/opt/ros/jazzy/share/python_cmake_module/cmake)
-- Found Python3: /usr/bin/python3 (found version "3.12.3") found components: Interpreter Development NumPy Development.Module Development.Embed 
-- Found ament_lint_auto: 0.17.3 (/opt/ros/jazzy/share/ament_lint_auto/cmake)
-- Added test 'lint_cmake' to check CMake code style
-- Added test 'xmllint' to check XML markup files
-- Configuring done (2.7s)
-- Generating done (0.1s)
-- Build files have been written to: /home/student35/Documents/Group5/ros2_ws/build/leo_rover_custom_interface_package
[  2%] [34m[1mGenerating type hashes for ROS interfaces[0m
[  2%] Built target ament_cmake_python_copy_leo_rover_custom_interface_package
[  2%] Built target leo_rover_custom_interface_package__rosidl_generator_type_description
[  4%] [34m[1mGenerating C code for ROS interfaces[0m
[  6%] [34m[1mGenerating C++ code for ROS interfaces[0m
running egg_info
writing leo_rover_custom_interface_package.egg-info/PKG-INFO
writing dependency_links to leo_rover_custom_interface_package.egg-info/dependency_links.txt
writing top-level names to leo_rover_custom_interface_package.egg-info/top_level.txt
reading manifest file 'leo_rover_custom_interface_package.egg-info/SOURCES.txt'
writing manifest file 'leo_rover_custom_interface_package.egg-info/SOURCES.txt'
[  6%] Built target ament_cmake_python_build_leo_rover_custom_interface_package_egg
[  9%] [32mBuilding C object CMakeFiles/leo_rover_custom_interface_package__rosidl_generator_c.dir/rosidl_generator_c/leo_rover_custom_interface_package/msg/detail/gripper_state__type_support.c.o[0m
[ 11%] [32mBuilding C object CMakeFiles/leo_rover_custom_interface_package__rosidl_generator_c.dir/rosidl_generator_c/leo_rover_custom_interface_package/msg/detail/gripper_state__functions.c.o[0m
[ 13%] [32mBuilding C object CMakeFiles/leo_rover_custom_interface_package__rosidl_generator_c.dir/rosidl_generator_c/leo_rover_custom_interface_package/msg/detail/gripper_pose__description.c.o[0m
[ 15%] [32mBuilding C object CMakeFiles/leo_rover_custom_interface_package__rosidl_generator_c.dir/rosidl_generator_c/leo_rover_custom_interface_package/msg/detail/gripper_state__description.c.o[0m
[ 18%] [32mBuilding C object CMakeFiles/leo_rover_custom_interface_package__rosidl_generator_c.dir/rosidl_generator_c/leo_rover_custom_interface_package/msg/detail/gripper_pose__type_support.c.o[0m
[ 20%] [32mBuilding C object CMakeFiles/leo_rover_custom_interface_package__rosidl_generator_c.dir/rosidl_generator_c/leo_rover_custom_interface_package/msg/detail/gripper_pose__functions.c.o[0m
[ 20%] Built target leo_rover_custom_interface_package__cpp
[ 22%] [32m[1mLinking C shared library libleo_rover_custom_interface_package__rosidl_generator_c.so[0m
[ 22%] Built target leo_rover_custom_interface_package__rosidl_generator_c
[ 25%] [34m[1mGenerating C introspection for ROS interfaces[0m
[ 27%] [34m[1mGenerating C++ type support for eProsima Fast-RTPS[0m
[ 29%] [34m[1mGenerating C++ type support dispatch for ROS interfaces[0m
[ 31%] [34m[1mGenerating C type support for eProsima Fast-RTPS[0m
[ 34%] [34m[1mGenerating C type support dispatch for ROS interfaces[0m
[ 36%] [34m[1mGenerating C++ introspection for ROS interfaces[0m
[ 38%] [32mBuilding CXX object CMakeFiles/leo_rover_custom_interface_package__rosidl_typesupport_c.dir/rosidl_typesupport_c/leo_rover_custom_interface_package/msg/gripper_state__type_support.cpp.o[0m
[ 40%] [32mBuilding CXX object CMakeFiles/leo_rover_custom_interface_package__rosidl_typesupport_c.dir/rosidl_typesupport_c/leo_rover_custom_interface_package/msg/gripper_pose__type_support.cpp.o[0m
[ 43%] [32m[1mLinking CXX shared library libleo_rover_custom_interface_package__rosidl_typesupport_c.so[0m
[ 45%] [32mBuilding CXX object CMakeFiles/leo_rover_custom_interface_package__rosidl_typesupport_cpp.dir/rosidl_typesupport_cpp/leo_rover_custom_interface_package/msg/gripper_state__type_support.cpp.o[0m
[ 47%] [32mBuilding CXX object CMakeFiles/leo_rover_custom_interface_package__rosidl_typesupport_introspection_cpp.dir/rosidl_typesupport_introspection_cpp/leo_rover_custom_interface_package/msg/detail/gripper_pose__type_support.cpp.o[0m
[ 52%] [32mBuilding CXX object CMakeFiles/leo_rover_custom_interface_package__rosidl_typesupport_fastrtps_c.dir/rosidl_typesupport_fastrtps_c/leo_rover_custom_interface_package/msg/detail/gripper_pose__type_support_c.cpp.o[0m
[ 52%] [32mBuilding CXX object CMakeFiles/leo_rover_custom_interface_package__rosidl_typesupport_fastrtps_c.dir/rosidl_typesupport_fastrtps_c/leo_rover_custom_interface_package/msg/detail/gripper_state__type_support_c.cpp.o[0m
[ 54%] [32mBuilding CXX object CMakeFiles/leo_rover_custom_interface_package__rosidl_typesupport_introspection_cpp.dir/rosidl_typesupport_introspection_cpp/leo_rover_custom_interface_package/msg/detail/gripper_state__type_support.cpp.o[0m
[ 56%] [32mBuilding C object CMakeFiles/leo_rover_custom_interface_package__rosidl_typesupport_introspection_c.dir/rosidl_typesupport_introspection_c/leo_rover_custom_interface_package/msg/detail/gripper_state__type_support.c.o[0m
[ 59%] [32mBuilding C object CMakeFiles/leo_rover_custom_interface_package__rosidl_typesupport_introspection_c.dir/rosidl_typesupport_introspection_c/leo_rover_custom_interface_package/msg/detail/gripper_pose__type_support.c.o[0m
[ 59%] Built target leo_rover_custom_interface_package__rosidl_typesupport_c
[ 61%] [32mBuilding CXX object CMakeFiles/leo_rover_custom_interface_package__rosidl_typesupport_fastrtps_cpp.dir/rosidl_typesupport_fastrtps_cpp/leo_rover_custom_interface_package/msg/detail/dds_fastrtps/gripper_state__type_support.cpp.o[0m
[ 63%] [32mBuilding CXX object CMakeFiles/leo_rover_custom_interface_package__rosidl_typesupport_cpp.dir/rosidl_typesupport_cpp/leo_rover_custom_interface_package/msg/gripper_pose__type_support.cpp.o[0m
[ 65%] [32mBuilding CXX object CMakeFiles/leo_rover_custom_interface_package__rosidl_typesupport_fastrtps_cpp.dir/rosidl_typesupport_fastrtps_cpp/leo_rover_custom_interface_package/msg/detail/dds_fastrtps/gripper_pose__type_support.cpp.o[0m
[ 68%] [32m[1mLinking C shared library libleo_rover_custom_interface_package__rosidl_typesupport_introspection_c.so[0m
[ 68%] Built target leo_rover_custom_interface_package__rosidl_typesupport_introspection_c
[ 70%] [32m[1mLinking CXX shared library libleo_rover_custom_interface_package__rosidl_typesupport_cpp.so[0m
[ 70%] Built target leo_rover_custom_interface_package__rosidl_typesupport_cpp
[ 72%] [32m[1mLinking CXX shared library libleo_rover_custom_interface_package__rosidl_typesupport_introspection_cpp.so[0m
[ 72%] Built target leo_rover_custom_interface_package__rosidl_typesupport_introspection_cpp
[ 75%] [32m[1mLinking CXX shared library libleo_rover_custom_interface_package__rosidl_typesupport_fastrtps_c.so[0m
[ 75%] Built target leo_rover_custom_interface_package__rosidl_typesupport_fastrtps_c
[ 77%] [32m[1mLinking CXX shared library libleo_rover_custom_interface_package__rosidl_typesupport_fastrtps_cpp.so[0m
[ 77%] Built target leo_rover_custom_interface_package__rosidl_typesupport_fastrtps_cpp
[ 77%] Built target leo_rover_custom_interface_package
[ 79%] [34m[1mGenerating Python code for ROS interfaces[0m
[ 79%] Built target leo_rover_custom_interface_package__py
[ 81%] [32mBuilding C object CMakeFiles/leo_rover_custom_interface_package__rosidl_generator_py.dir/rosidl_generator_py/leo_rover_custom_interface_package/msg/_gripper_state_s.c.o[0m
[ 84%] [32mBuilding C object CMakeFiles/leo_rover_custom_interface_package__rosidl_generator_py.dir/rosidl_generator_py/leo_rover_custom_interface_package/msg/_gripper_pose_s.c.o[0m
[ 86%] [32m[1mLinking C shared library libleo_rover_custom_interface_package__rosidl_generator_py.so[0m
[ 86%] Built target leo_rover_custom_interface_package__rosidl_generator_py
[ 88%] [32mBuilding C object CMakeFiles/leo_rover_custom_interface_package_s__rosidl_typesupport_fastrtps_c.dir/rosidl_generator_py/leo_rover_custom_interface_package/_leo_rover_custom_interface_package_s.ep.rosidl_typesupport_fastrtps_c.c.o[0m
[ 90%] [32mBuilding C object CMakeFiles/leo_rover_custom_interface_package_s__rosidl_typesupport_c.dir/rosidl_generator_py/leo_rover_custom_interface_package/_leo_rover_custom_interface_package_s.ep.rosidl_typesupport_c.c.o[0m
[ 93%] [32mBuilding C object CMakeFiles/leo_rover_custom_interface_package_s__rosidl_typesupport_introspection_c.dir/rosidl_generator_py/leo_rover_custom_interface_package/_leo_rover_custom_interface_package_s.ep.rosidl_typesupport_introspection_c.c.o[0m
[ 95%] [32m[1mLinking C shared module rosidl_generator_py/leo_rover_custom_interface_package/leo_rover_custom_interface_package_s__rosidl_typesupport_introspection_c.so[0m
[ 97%] [32m[1mLinking C shared module rosidl_generator_py/leo_rover_custom_interface_package/leo_rover_custom_interface_package_s__rosidl_typesupport_fastrtps_c.so[0m
[100%] [32m[1mLinking C shared module rosidl_generator_py/leo_rover_custom_interface_package/leo_rover_custom_interface_package_s__rosidl_typesupport_c.so[0m
[100%] Built target leo_rover_custom_interface_package_s__rosidl_typesupport_introspection_c
[100%] Built target leo_rover_custom_interface_package_s__rosidl_typesupport_fastrtps_c
[100%] Built target leo_rover_custom_interface_package_s__rosidl_typesupport_c
-- Install configuration: ""
-- Installing: /home/student35/Documents/Group5/ros2_ws/install/leo_rover_custom_interface_package/share/ament_index/resource_index/rosidl_interfaces/leo_rover_custom_interface_package
-- Installing: /home/student35/Documents/Group5/ros2_ws/install/leo_rover_custom_interface_package/share/leo_rover_custom_interface_package/msg/GripperState.json
-- Installing: /home/student35/Documents/Group5/ros2_ws/install/leo_rover_custom_interface_package/share/leo_rover_custom_interface_package/msg/GripperPose.json
-- Up-to-date: /home/student35/Documents/Group5/ros2_ws/install/leo_rover_custom_interface_package/include/leo_rover_custom_interface_package/leo_rover_custom_interface_package
-- Up-to-date: /home/student35/Documents/Group5/ros2_ws/install/leo_rover_custom_interface_package/include/leo_rover_custom_interface_package/leo_rover_custom_interface_package/msg
-- Installing: /home/student35/Documents/Group5/ros2_ws/install/leo_rover_custom_interface_package/include/leo_rover_custom_interface_package/leo_rover_custom_interface_package/msg/gripper_pose.h
-- Up-to-date: /home/student35/Documents/Group5/ros2_ws/install/leo_rover_custom_interface_package/include/leo_rover_custom_interface_package/leo_rover_custom_interface_package/msg/rosidl_generator_c__visibility_control.h
-- Up-to-date: /home/student35/Documents/Group5/ros2_ws/install/leo_rover_custom_interface_package/include/leo_rover_custom_interface_package/leo_rover_custom_interface_package/msg/gripper.h
-- Up-to-date: /home/student35/Documents/Group5/ros2_ws/install/leo_rover_custom_interface_package/include/leo_rover_custom_interface_package/leo_rover_custom_interface_package/msg/detail
-- Installing: /home/student35/Documents/Group5/ros2_ws/install/leo_rover_custom_interface_package/include/leo_rover_custom_interface_package/leo_rover_custom_interface_package/msg/detail/gripper_pose__functions.c
-- Installing: /home/student35/Documents/Group5/ros2_ws/install/leo_rover_custom_interface_package/include/leo_rover_custom_interface_package/leo_rover_custom_interface_package/msg/detail/gripper_state__type_support.h
-- Up-to-date: /home/student35/Documents/Group5/ros2_ws/install/leo_rover_custom_interface_package/include/leo_rover_custom_interface_package/leo_rover_custom_interface_package/msg/detail/gripper__functions.c
-- Up-to-date: /home/student35/Documents/Group5/ros2_ws/install/leo_rover_custom_interface_package/include/leo_rover_custom_interface_package/leo_rover_custom_interface_package/msg/detail/gripper__struct.h
-- Installing: /home/student35/Documents/Group5/ros2_ws/install/leo_rover_custom_interface_package/include/leo_rover_custom_interface_package/leo_rover_custom_interface_package/msg/detail/gripper_pose__type_support.c
-- Up-to-date: /home/student35/Documents/Group5/ros2_ws/install/leo_rover_custom_interface_package/include/leo_rover_custom_interface_package/leo_rover_custom_interface_package/msg/detail/gripper__functions.h
-- Installing: /home/student35/Documents/Group5/ros2_ws/install/leo_rover_custom_interface_package/include/leo_rover_custom_interface_package/leo_rover_custom_interface_package/msg/detail/gripper_state__functions.c
-- Installing: /home/student35/Documents/Group5/ros2_ws/install/leo_rover_custom_interface_package/include/leo_rover_custom_interface_package/leo_rover_custom_interface_package/msg/detail/gripper_state__description.c
-- Installing: /home/student35/Documents/Group5/ros2_ws/install/leo_rover_custom_interface_package/include/leo_rover_custom_interface_package/leo_rover_custom_interface_package/msg/detail/gripper_pose__functions.h
-- Up-to-date: /home/student35/Documents/Group5/ros2_ws/install/leo_rover_custom_interface_package/include/leo_rover_custom_interface_package/leo_rover_custom_interface_package/msg/detail/gripper__type_support.h
-- Up-to-date: /home/student35/Documents/Group5/ros2_ws/install/leo_rover_custom_interface_package/include/leo_rover_custom_interface_package/leo_rover_custom_interface_package/msg/detail/gripper__type_support.c
-- Installing: /home/student35/Documents/Group5/ros2_ws/install/leo_rover_custom_interface_package/include/leo_rover_custom_interface_package/leo_rover_custom_interface_package/msg/detail/gripper_state__functions.h
-- Up-to-date: /home/student35/Documents/Group5/ros2_ws/install/leo_rover_custom_interface_package/include/leo_rover_custom_interface_package/leo_rover_custom_interface_package/msg/detail/gripper__description.c
-- Installing: /home/student35/Documents/Group5/ros2_ws/install/leo_rover_custom_interface_package/include/leo_rover_custom_interface_package/leo_rover_custom_interface_package/msg/detail/gripper_state__type_support.c
-- Installing: /home/student35/Documents/Group5/ros2_ws/install/leo_rover_custom_interface_package/include/leo_rover_custom_interface_package/leo_rover_custom_interface_package/msg/detail/gripper_state__struct.h
-- Installing: /home/student35/Documents/Group5/ros2_ws/install/leo_rover_custom_interface_package/include/leo_rover_custom_interface_package/leo_rover_custom_interface_package/msg/detail/gripper_pose__type_support.h
-- Installing: /home/student35/Documents/Group5/ros2_ws/install/leo_rover_custom_interface_package/include/leo_rover_custom_interface_package/leo_rover_custom_interface_package/msg/detail/gripper_pose__description.c
-- Installing: /home/student35/Documents/Group5/ros2_ws/install/leo_rover_custom_interface_package/include/leo_rover_custom_interface_package/leo_rover_custom_interface_package/msg/detail/gripper_pose__struct.h
-- Installing: /home/student35/Documents/Group5/ros2_ws/install/leo_rover_custom_interface_package/include/leo_rover_custom_interface_package/leo_rover_custom_interface_package/msg/gripper_state.h
-- Up-to-date: /home/student35/Documents/Group5/ros2_ws/install/leo_rover_custom_interface_package/share/leo_rover_custom_interface_package/environment/library_path.sh
-- Up-to-date: /home/student35/Documents/Group5/ros2_ws/install/leo_rover_custom_interface_package/share/leo_rover_custom_interface_package/environment/library_path.dsv
-- Installing: /home/student35/Documents/Group5/ros2_ws/install/leo_rover_custom_interface_package/lib/libleo_rover_custom_interface_package__rosidl_generator_c.so
-- Set non-toolchain portion of runtime path of "/home/student35/Documents/Group5/ros2_ws/install/leo_rover_custom_interface_package/lib/libleo_rover_custom_interface_package__rosidl_generator_c.so" to ""
-- Up-to-date: /home/student35/Documents/Group5/ros2_ws/install/leo_rover_custom_interface_package/include/leo_rover_custom_interface_package/leo_rover_custom_interface_package
-- Up-to-date: /home/student35/Documents/Group5/ros2_ws/install/leo_rover_custom_interface_package/include/leo_rover_custom_interface_package/leo_rover_custom_interface_package/msg
-- Up-to-date: /home/student35/Documents/Group5/ros2_ws/install/leo_rover_custom_interface_package/include/leo_rover_custom_interface_package/leo_rover_custom_interface_package/msg/rosidl_typesupport_fastrtps_c__visibility_control.h
-- Up-to-date: /home/student35/Documents/Group5/ros2_ws/install/leo_rover_custom_interface_package/include/leo_rover_custom_interface_package/leo_rover_custom_interface_package/msg/detail
-- Installing: /home/student35/Documents/Group5/ros2_ws/install/leo_rover_custom_interface_package/include/leo_rover_custom_interface_package/leo_rover_custom_interface_package/msg/detail/gripper_pose__rosidl_typesupport_fastrtps_c.h
-- Up-to-date: /home/student35/Documents/Group5/ros2_ws/install/leo_rover_custom_interface_package/include/leo_rover_custom_interface_package/leo_rover_custom_interface_package/msg/detail/gripper__rosidl_typesupport_fastrtps_c.h
-- Installing: /home/student35/Documents/Group5/ros2_ws/install/leo_rover_custom_interface_package/include/leo_rover_custom_interface_package/leo_rover_custom_interface_package/msg/detail/gripper_state__rosidl_typesupport_fastrtps_c.h
-- Installing: /home/student35/Documents/Group5/ros2_ws/install/leo_rover_custom_interface_package/lib/libleo_rover_custom_interface_package__rosidl_typesupport_fastrtps_c.so
-- Set non-toolchain portion of runtime path of "/home/student35/Documents/Group5/ros2_ws/install/leo_rover_custom_interface_package/lib/libleo_rover_custom_interface_package__rosidl_typesupport_fastrtps_c.so" to ""
-- Up-to-date: /home/student35/Documents/Group5/ros2_ws/install/leo_rover_custom_interface_package/include/leo_rover_custom_interface_package/leo_rover_custom_interface_package
-- Up-to-date: /home/student35/Documents/Group5/ros2_ws/install/leo_rover_custom_interface_package/include/leo_rover_custom_interface_package/leo_rover_custom_interface_package/msg
-- Installing: /home/student35/Documents/Group5/ros2_ws/install/leo_rover_custom_interface_package/include/leo_rover_custom_interface_package/leo_rover_custom_interface_package/msg/gripper_state.hpp
-- Installing: /home/student35/Documents/Group5/ros2_ws/install/leo_rover_custom_interface_package/include/leo_rover_custom_interface_package/leo_rover_custom_interface_package/msg/rosidl_generator_cpp__visibility_control.hpp
-- Up-to-date: /home/student35/Documents/Group5/ros2_ws/install/leo_rover_custom_interface_package/include/leo_rover_custom_interface_package/leo_rover_custom_interface_package/msg/gripper.hpp
-- Up-to-date: /home/student35/Documents/Group5/ros2_ws/install/leo_rover_custom_interface_package/include/leo_rover_custom_interface_package/leo_rover_custom_interface_package/msg/detail
-- Installing: /home/student35/Documents/Group5/ros2_ws/install/leo_rover_custom_interface_package/include/leo_rover_custom_interface_package/leo_rover_custom_interface_package/msg/detail/gripper_state__builder.hpp
-- Installing: /home/student35/Documents/Group5/ros2_ws/install/leo_rover_custom_interface_package/include/leo_rover_custom_interface_package/leo_rover_custom_interface_package/msg/detail/gripper_pose__type_support.hpp
-- Installing: /home/student35/Documents/Group5/ros2_ws/install/leo_rover_custom_interface_package/include/leo_rover_custom_interface_package/leo_rover_custom_interface_package/msg/detail/gripper_pose__traits.hpp
-- Installing: /home/student35/Documents/Group5/ros2_ws/install/leo_rover_custom_interface_package/include/leo_rover_custom_interface_package/leo_rover_custom_interface_package/msg/detail/gripper_state__traits.hpp
-- Up-to-date: /home/student35/Documents/Group5/ros2_ws/install/leo_rover_custom_interface_package/include/leo_rover_custom_interface_package/leo_rover_custom_interface_package/msg/detail/gripper__builder.hpp
-- Installing: /home/student35/Documents/Group5/ros2_ws/install/leo_rover_custom_interface_package/include/leo_rover_custom_interface_package/leo_rover_custom_interface_package/msg/detail/gripper_pose__struct.hpp
-- Up-to-date: /home/student35/Documents/Group5/ros2_ws/install/leo_rover_custom_interface_package/include/leo_rover_custom_interface_package/leo_rover_custom_interface_package/msg/detail/gripper__traits.hpp
-- Up-to-date: /home/student35/Documents/Group5/ros2_ws/install/leo_rover_custom_interface_package/include/leo_rover_custom_interface_package/leo_rover_custom_interface_package/msg/detail/gripper__type_support.hpp
-- Installing: /home/student35/Documents/Group5/ros2_ws/install/leo_rover_custom_interface_package/include/leo_rover_custom_interface_package/leo_rover_custom_interface_package/msg/detail/gripper_state__struct.hpp
-- Up-to-date: /home/student35/Documents/Group5/ros2_ws/install/leo_rover_custom_interface_package/include/leo_rover_custom_interface_package/leo_rover_custom_interface_package/msg/detail/gripper__struct.hpp
-- Installing: /home/student35/Documents/Group5/ros2_ws/install/leo_rover_custom_interface_package/include/leo_rover_custom_interface_package/leo_rover_custom_interface_package/msg/detail/gripper_pose__builder.hpp
-- Installing: /home/student35/Documents/Group5/ros2_ws/install/leo_rover_custom_interface_package/include/leo_rover_custom_interface_package/leo_rover_custom_interface_package/msg/detail/gripper_state__type_support.hpp
-- Installing: /home/student35/Documents/Group5/ros2_ws/install/leo_rover_custom_interface_package/include/leo_rover_custom_interface_package/leo_rover_custom_interface_package/msg/gripper_pose.hpp
-- Up-to-date: /home/student35/Documents/Group5/ros2_ws/install/leo_rover_custom_interface_package/include/leo_rover_custom_interface_package/leo_rover_custom_interface_package
-- Up-to-date: /home/student35/Documents/Group5/ros2_ws/install/leo_rover_custom_interface_package/include/leo_rover_custom_interface_package/leo_rover_custom_interface_package/msg
-- Up-to-date: /home/student35/Documents/Group5/ros2_ws/install/leo_rover_custom_interface_package/include/leo_rover_custom_interface_package/leo_rover_custom_interface_package/msg/detail
-- Installing: /home/student35/Documents/Group5/ros2_ws/install/leo_rover_custom_interface_package/include/leo_rover_custom_interface_package/leo_rover_custom_interface_package/msg/detail/gripper_pose__rosidl_typesupport_fastrtps_cpp.hpp
-- Up-to-date: /home/student35/Documents/Group5/ros2_ws/install/leo_rover_custom_interface_package/include/leo_rover_custom_interface_package/leo_rover_custom_interface_package/msg/detail/dds_fastrtps
-- Up-to-date: /home/student35/Documents/Group5/ros2_ws/install/leo_rover_custom_interface_package/include/leo_rover_custom_interface_package/leo_rover_custom_interface_package/msg/detail/gripper__rosidl_typesupport_fastrtps_cpp.hpp
-- Installing: /home/student35/Documents/Group5/ros2_ws/install/leo_rover_custom_interface_package/include/leo_rover_custom_interface_package/leo_rover_custom_interface_package/msg/detail/gripper_state__rosidl_typesupport_fastrtps_cpp.hpp
-- Up-to-date: /home/student35/Documents/Group5/ros2_ws/install/leo_rover_custom_interface_package/include/leo_rover_custom_interface_package/leo_rover_custom_interface_package/msg/rosidl_typesupport_fastrtps_cpp__visibility_control.h
-- Installing: /home/student35/Documents/Group5/ros2_ws/install/leo_rover_custom_interface_package/lib/libleo_rover_custom_interface_package__rosidl_typesupport_fastrtps_cpp.so
-- Set non-toolchain portion of runtime path of "/home/student35/Documents/Group5/ros2_ws/install/leo_rover_custom_interface_package/lib/libleo_rover_custom_interface_package__rosidl_typesupport_fastrtps_cpp.so" to ""
-- Up-to-date: /home/student35/Documents/Group5/ros2_ws/install/leo_rover_custom_interface_package/include/leo_rover_custom_interface_package/leo_rover_custom_interface_package
-- Up-to-date: /home/student35/Documents/Group5/ros2_ws/install/leo_rover_custom_interface_package/include/leo_rover_custom_interface_package/leo_rover_custom_interface_package/msg
-- Up-to-date: /home/student35/Documents/Group5/ros2_ws/install/leo_rover_custom_interface_package/include/leo_rover_custom_interface_package/leo_rover_custom_interface_package/msg/rosidl_typesupport_introspection_c__visibility_control.h
-- Up-to-date: /home/student35/Documents/Group5/ros2_ws/install/leo_rover_custom_interface_package/include/leo_rover_custom_interface_package/leo_rover_custom_interface_package/msg/detail
-- Installing: /home/student35/Documents/Group5/ros2_ws/install/leo_rover_custom_interface_package/include/leo_rover_custom_interface_package/leo_rover_custom_interface_package/msg/detail/gripper_pose__type_support.c
-- Installing: /home/student35/Documents/Group5/ros2_ws/install/leo_rover_custom_interface_package/include/leo_rover_custom_interface_package/leo_rover_custom_interface_package/msg/detail/gripper_state__rosidl_typesupport_introspection_c.h
-- Up-to-date: /home/student35/Documents/Group5/ros2_ws/install/leo_rover_custom_interface_package/include/leo_rover_custom_interface_package/leo_rover_custom_interface_package/msg/detail/gripper__rosidl_typesupport_introspection_c.h
-- Up-to-date: /home/student35/Documents/Group5/ros2_ws/install/leo_rover_custom_interface_package/include/leo_rover_custom_interface_package/leo_rover_custom_interface_package/msg/detail/gripper__type_support.c
-- Installing: /home/student35/Documents/Group5/ros2_ws/install/leo_rover_custom_interface_package/include/leo_rover_custom_interface_package/leo_rover_custom_interface_package/msg/detail/gripper_pose__rosidl_typesupport_introspection_c.h
-- Installing: /home/student35/Documents/Group5/ros2_ws/install/leo_rover_custom_interface_package/include/leo_rover_custom_interface_package/leo_rover_custom_interface_package/msg/detail/gripper_state__type_support.c
-- Installing: /home/student35/Documents/Group5/ros2_ws/install/leo_rover_custom_interface_package/lib/libleo_rover_custom_interface_package__rosidl_typesupport_introspection_c.so
-- Set non-toolchain portion of runtime path of "/home/student35/Documents/Group5/ros2_ws/install/leo_rover_custom_interface_package/lib/libleo_rover_custom_interface_package__rosidl_typesupport_introspection_c.so" to ""
-- Installing: /home/student35/Documents/Group5/ros2_ws/install/leo_rover_custom_interface_package/lib/libleo_rover_custom_interface_package__rosidl_typesupport_c.so
-- Set non-toolchain portion of runtime path of "/home/student35/Documents/Group5/ros2_ws/install/leo_rover_custom_interface_package/lib/libleo_rover_custom_interface_package__rosidl_typesupport_c.so" to ""
-- Up-to-date: /home/student35/Documents/Group5/ros2_ws/install/leo_rover_custom_interface_package/include/leo_rover_custom_interface_package/leo_rover_custom_interface_package
-- Up-to-date: /home/student35/Documents/Group5/ros2_ws/install/leo_rover_custom_interface_package/include/leo_rover_custom_interface_package/leo_rover_custom_interface_package/msg
-- Up-to-date: /home/student35/Documents/Group5/ros2_ws/install/leo_rover_custom_interface_package/include/leo_rover_custom_interface_package/leo_rover_custom_interface_package/msg/detail
-- Installing: /home/student35/Documents/Group5/ros2_ws/install/leo_rover_custom_interface_package/include/leo_rover_custom_interface_package/leo_rover_custom_interface_package/msg/detail/gripper_pose__rosidl_typesupport_introspection_cpp.hpp
-- Installing: /home/student35/Documents/Group5/ros2_ws/install/leo_rover_custom_interface_package/include/leo_rover_custom_interface_package/leo_rover_custom_interface_package/msg/detail/gripper_pose__type_support.cpp
-- Up-to-date: /home/student35/Documents/Group5/ros2_ws/install/leo_rover_custom_interface_package/include/leo_rover_custom_interface_package/leo_rover_custom_interface_package/msg/detail/gripper__rosidl_typesupport_introspection_cpp.hpp
-- Installing: /home/student35/Documents/Group5/ros2_ws/install/leo_rover_custom_interface_package/include/leo_rover_custom_interface_package/leo_rover_custom_interface_package/msg/detail/gripper_state__type_support.cpp
-- Up-to-date: /home/student35/Documents/Group5/ros2_ws/install/leo_rover_custom_interface_package/include/leo_rover_custom_interface_package/leo_rover_custom_interface_package/msg/detail/gripper__type_support.cpp
-- Installing: /home/student35/Documents/Group5/ros2_ws/install/leo_rover_custom_interface_package/include/leo_rover_custom_interface_package/leo_rover_custom_interface_package/msg/detail/gripper_state__rosidl_typesupport_introspection_cpp.hpp
-- Installing: /home/student35/Documents/Group5/ros2_ws/install/leo_rover_custom_interface_package/lib/libleo_rover_custom_interface_package__rosidl_typesupport_introspection_cpp.so
-- Set non-toolchain portion of runtime path of "/home/student35/Documents/Group5/ros2_ws/install/leo_rover_custom_interface_package/lib/libleo_rover_custom_interface_package__rosidl_typesupport_introspection_cpp.so" to ""
-- Installing: /home/student35/Documents/Group5/ros2_ws/install/leo_rover_custom_interface_package/lib/libleo_rover_custom_interface_package__rosidl_typesupport_cpp.so
-- Set non-toolchain portion of runtime path of "/home/student35/Documents/Group5/ros2_ws/install/leo_rover_custom_interface_package/lib/libleo_rover_custom_interface_package__rosidl_typesupport_cpp.so" to ""
-- Up-to-date: /home/student35/Documents/Group5/ros2_ws/install/leo_rover_custom_interface_package/share/leo_rover_custom_interface_package/environment/pythonpath.sh
-- Up-to-date: /home/student35/Documents/Group5/ros2_ws/install/leo_rover_custom_interface_package/share/leo_rover_custom_interface_package/environment/pythonpath.dsv
-- Up-to-date: /home/student35/Documents/Group5/ros2_ws/install/leo_rover_custom_interface_package/lib/python3.12/site-packages/leo_rover_custom_interface_package-0.0.0-py3.12.egg-info
-- Installing: /home/student35/Documents/Group5/ros2_ws/install/leo_rover_custom_interface_package/lib/python3.12/site-packages/leo_rover_custom_interface_package-0.0.0-py3.12.egg-info/dependency_links.txt
-- Installing: /home/student35/Documents/Group5/ros2_ws/install/leo_rover_custom_interface_package/lib/python3.12/site-packages/leo_rover_custom_interface_package-0.0.0-py3.12.egg-info/SOURCES.txt
-- Installing: /home/student35/Documents/Group5/ros2_ws/install/leo_rover_custom_interface_package/lib/python3.12/site-packages/leo_rover_custom_interface_package-0.0.0-py3.12.egg-info/PKG-INFO
-- Installing: /home/student35/Documents/Group5/ros2_ws/install/leo_rover_custom_interface_package/lib/python3.12/site-packages/leo_rover_custom_interface_package-0.0.0-py3.12.egg-info/top_level.txt
-- Up-to-date: /home/student35/Documents/Group5/ros2_ws/install/leo_rover_custom_interface_package/lib/python3.12/site-packages/leo_rover_custom_interface_package
-- Installing: /home/student35/Documents/Group5/ros2_ws/install/leo_rover_custom_interface_package/lib/python3.12/site-packages/leo_rover_custom_interface_package/__init__.py
-- Installing: /home/student35/Documents/Group5/ros2_ws/install/leo_rover_custom_interface_package/lib/python3.12/site-packages/leo_rover_custom_interface_package/leo_rover_custom_interface_package_s__rosidl_typesupport_introspection_c.so
-- Installing: /home/student35/Documents/Group5/ros2_ws/install/leo_rover_custom_interface_package/lib/python3.12/site-packages/leo_rover_custom_interface_package/leo_rover_custom_interface_package_s__rosidl_typesupport_fastrtps_c.so
-- Installing: /home/student35/Documents/Group5/ros2_ws/install/leo_rover_custom_interface_package/lib/python3.12/site-packages/leo_rover_custom_interface_package/_leo_rover_custom_interface_package_s.ep.rosidl_typesupport_fastrtps_c.c
-- Installing: /home/student35/Documents/Group5/ros2_ws/install/leo_rover_custom_interface_package/lib/python3.12/site-packages/leo_rover_custom_interface_package/_leo_rover_custom_interface_package_s.ep.rosidl_typesupport_c.c
-- Installing: /home/student35/Documents/Group5/ros2_ws/install/leo_rover_custom_interface_package/lib/python3.12/site-packages/leo_rover_custom_interface_package/leo_rover_custom_interface_package_s__rosidl_typesupport_c.so
-- Installing: /home/student35/Documents/Group5/ros2_ws/install/leo_rover_custom_interface_package/lib/python3.12/site-packages/leo_rover_custom_interface_package/_leo_rover_custom_interface_package_s.ep.rosidl_typesupport_introspection_c.c
-- Up-to-date: /home/student35/Documents/Group5/ros2_ws/install/leo_rover_custom_interface_package/lib/python3.12/site-packages/leo_rover_custom_interface_package/msg
-- Installing: /home/student35/Documents/Group5/ros2_ws/install/leo_rover_custom_interface_package/lib/python3.12/site-packages/leo_rover_custom_interface_package/msg/__init__.py
-- Installing: /home/student35/Documents/Group5/ros2_ws/install/leo_rover_custom_interface_package/lib/python3.12/site-packages/leo_rover_custom_interface_package/msg/_gripper_state.py
-- Up-to-date: /home/student35/Documents/Group5/ros2_ws/install/leo_rover_custom_interface_package/lib/python3.12/site-packages/leo_rover_custom_interface_package/msg/_gripper_s.c
-- Installing: /home/student35/Documents/Group5/ros2_ws/install/leo_rover_custom_interface_package/lib/python3.12/site-packages/leo_rover_custom_interface_package/msg/_gripper_state_s.c
-- Installing: /home/student35/Documents/Group5/ros2_ws/install/leo_rover_custom_interface_package/lib/python3.12/site-packages/leo_rover_custom_interface_package/msg/_gripper_pose.py
-- Installing: /home/student35/Documents/Group5/ros2_ws/install/leo_rover_custom_interface_package/lib/python3.12/site-packages/leo_rover_custom_interface_package/msg/_gripper_pose_s.c
-- Up-to-date: /home/student35/Documents/Group5/ros2_ws/install/leo_rover_custom_interface_package/lib/python3.12/site-packages/leo_rover_custom_interface_package/msg/_gripper.py
Listing '/home/student35/Documents/Group5/ros2_ws/install/leo_rover_custom_interface_package/lib/python3.12/site-packages/leo_rover_custom_interface_package'...
Compiling '/home/student35/Documents/Group5/ros2_ws/install/leo_rover_custom_interface_package/lib/python3.12/site-packages/leo_rover_custom_interface_package/__init__.py'...
Listing '/home/student35/Documents/Group5/ros2_ws/install/leo_rover_custom_interface_package/lib/python3.12/site-packages/leo_rover_custom_interface_package/msg'...
Compiling '/home/student35/Documents/Group5/ros2_ws/install/leo_rover_custom_interface_package/lib/python3.12/site-packages/leo_rover_custom_interface_package/msg/__init__.py'...
Compiling '/home/student35/Documents/Group5/ros2_ws/install/leo_rover_custom_interface_package/lib/python3.12/site-packages/leo_rover_custom_interface_package/msg/_gripper_pose.py'...
Compiling '/home/student35/Documents/Group5/ros2_ws/install/leo_rover_custom_interface_package/lib/python3.12/site-packages/leo_rover_custom_interface_package/msg/_gripper_state.py'...
-- Installing: /home/student35/Documents/Group5/ros2_ws/install/leo_rover_custom_interface_package/lib/python3.12/site-packages/leo_rover_custom_interface_package/leo_rover_custom_interface_package_s__rosidl_typesupport_fastrtps_c.so
-- Set non-toolchain portion of runtime path of "/home/student35/Documents/Group5/ros2_ws/install/leo_rover_custom_interface_package/lib/python3.12/site-packages/leo_rover_custom_interface_package/leo_rover_custom_interface_package_s__rosidl_typesupport_fastrtps_c.so" to ""
-- Installing: /home/student35/Documents/Group5/ros2_ws/install/leo_rover_custom_interface_package/lib/python3.12/site-packages/leo_rover_custom_interface_package/leo_rover_custom_interface_package_s__rosidl_typesupport_introspection_c.so
-- Set non-toolchain portion of runtime path of "/home/student35/Documents/Group5/ros2_ws/install/leo_rover_custom_interface_package/lib/python3.12/site-packages/leo_rover_custom_interface_package/leo_rover_custom_interface_package_s__rosidl_typesupport_introspection_c.so" to ""
-- Installing: /home/student35/Documents/Group5/ros2_ws/install/leo_rover_custom_interface_package/lib/python3.12/site-packages/leo_rover_custom_interface_package/leo_rover_custom_interface_package_s__rosidl_typesupport_c.so
-- Set non-toolchain portion of runtime path of "/home/student35/Documents/Group5/ros2_ws/install/leo_rover_custom_interface_package/lib/python3.12/site-packages/leo_rover_custom_interface_package/leo_rover_custom_interface_package_s__rosidl_typesupport_c.so" to ""
-- Installing: /home/student35/Documents/Group5/ros2_ws/install/leo_rover_custom_interface_package/lib/libleo_rover_custom_interface_package__rosidl_generator_py.so
-- Set non-toolchain portion of runtime path of "/home/student35/Documents/Group5/ros2_ws/install/leo_rover_custom_interface_package/lib/libleo_rover_custom_interface_package__rosidl_generator_py.so" to ""
-- Installing: /home/student35/Documents/Group5/ros2_ws/install/leo_rover_custom_interface_package/share/leo_rover_custom_interface_package/msg/GripperState.idl
-- Installing: /home/student35/Documents/Group5/ros2_ws/install/leo_rover_custom_interface_package/share/leo_rover_custom_interface_package/msg/GripperPose.idl
-- Installing: /home/student35/Documents/Group5/ros2_ws/install/leo_rover_custom_interface_package/share/leo_rover_custom_interface_package/msg/GripperState.msg
-- Installing: /home/student35/Documents/Group5/ros2_ws/install/leo_rover_custom_interface_package/share/leo_rover_custom_interface_package/msg/GripperPose.msg
-- Up-to-date: /home/student35/Documents/Group5/ros2_ws/install/leo_rover_custom_interface_package/share/ament_index/resource_index/package_run_dependencies/leo_rover_custom_interface_package
-- Up-to-date: /home/student35/Documents/Group5/ros2_ws/install/leo_rover_custom_interface_package/share/ament_index/resource_index/parent_prefix_path/leo_rover_custom_interface_package
-- Up-to-date: /home/student35/Documents/Group5/ros2_ws/install/leo_rover_custom_interface_package/share/leo_rover_custom_interface_package/environment/ament_prefix_path.sh
-- Up-to-date: /home/student35/Documents/Group5/ros2_ws/install/leo_rover_custom_interface_package/share/leo_rover_custom_interface_package/environment/ament_prefix_path.dsv
-- Up-to-date: /home/student35/Documents/Group5/ros2_ws/install/leo_rover_custom_interface_package/share/leo_rover_custom_interface_package/environment/path.sh
-- Up-to-date: /home/student35/Documents/Group5/ros2_ws/install/leo_rover_custom_interface_package/share/leo_rover_custom_interface_package/environment/path.dsv
-- Up-to-date: /home/student35/Documents/Group5/ros2_ws/install/leo_rover_custom_interface_package/share/leo_rover_custom_interface_package/local_setup.bash
-- Up-to-date: /home/student35/Documents/Group5/ros2_ws/install/leo_rover_custom_interface_package/share/leo_rover_custom_interface_package/local_setup.sh
-- Up-to-date: /home/student35/Documents/Group5/ros2_ws/install/leo_rover_custom_interface_package/share/leo_rover_custom_interface_package/local_setup.zsh
-- Up-to-date: /home/student35/Documents/Group5/ros2_ws/install/leo_rover_custom_interface_package/share/leo_rover_custom_interface_package/local_setup.dsv
-- Installing: /home/student35/Documents/Group5/ros2_ws/install/leo_rover_custom_interface_package/share/leo_rover_custom_interface_package/package.dsv
-- Up-to-date: /home/student35/Documents/Group5/ros2_ws/install/leo_rover_custom_interface_package/share/ament_index/resource_index/packages/leo_rover_custom_interface_package
-- Up-to-date: /home/student35/Documents/Group5/ros2_ws/install/leo_rover_custom_interface_package/share/leo_rover_custom_interface_package/cmake/export_leo_rover_custom_interface_package__rosidl_generator_cExport.cmake
-- Up-to-date: /home/student35/Documents/Group5/ros2_ws/install/leo_rover_custom_interface_package/share/leo_rover_custom_interface_package/cmake/export_leo_rover_custom_interface_package__rosidl_generator_cExport-noconfig.cmake
-- Up-to-date: /home/student35/Documents/Group5/ros2_ws/install/leo_rover_custom_interface_package/share/leo_rover_custom_interface_package/cmake/export_leo_rover_custom_interface_package__rosidl_typesupport_fastrtps_cExport.cmake
-- Up-to-date: /home/student35/Documents/Group5/ros2_ws/install/leo_rover_custom_interface_package/share/leo_rover_custom_interface_package/cmake/export_leo_rover_custom_interface_package__rosidl_typesupport_fastrtps_cExport-noconfig.cmake
-- Up-to-date: /home/student35/Documents/Group5/ros2_ws/install/leo_rover_custom_interface_package/share/leo_rover_custom_interface_package/cmake/export_leo_rover_custom_interface_package__rosidl_generator_cppExport.cmake
-- Up-to-date: /home/student35/Documents/Group5/ros2_ws/install/leo_rover_custom_interface_package/share/leo_rover_custom_interface_package/cmake/export_leo_rover_custom_interface_package__rosidl_typesupport_fastrtps_cppExport.cmake
-- Up-to-date: /home/student35/Documents/Group5/ros2_ws/install/leo_rover_custom_interface_package/share/leo_rover_custom_interface_package/cmake/export_leo_rover_custom_interface_package__rosidl_typesupport_fastrtps_cppExport-noconfig.cmake
-- Up-to-date: /home/student35/Documents/Group5/ros2_ws/install/leo_rover_custom_interface_package/share/leo_rover_custom_interface_package/cmake/leo_rover_custom_interface_package__rosidl_typesupport_introspection_cExport.cmake
-- Up-to-date: /home/student35/Documents/Group5/ros2_ws/install/leo_rover_custom_interface_package/share/leo_rover_custom_interface_package/cmake/leo_rover_custom_interface_package__rosidl_typesupport_introspection_cExport-noconfig.cmake
-- Up-to-date: /home/student35/Documents/Group5/ros2_ws/install/leo_rover_custom_interface_package/share/leo_rover_custom_interface_package/cmake/leo_rover_custom_interface_package__rosidl_typesupport_cExport.cmake
-- Up-to-date: /home/student35/Documents/Group5/ros2_ws/install/leo_rover_custom_interface_package/share/leo_rover_custom_interface_package/cmake/leo_rover_custom_interface_package__rosidl_typesupport_cExport-noconfig.cmake
-- Up-to-date: /home/student35/Documents/Group5/ros2_ws/install/leo_rover_custom_interface_package/share/leo_rover_custom_interface_package/cmake/leo_rover_custom_interface_package__rosidl_typesupport_introspection_cppExport.cmake
-- Up-to-date: /home/student35/Documents/Group5/ros2_ws/install/leo_rover_custom_interface_package/share/leo_rover_custom_interface_package/cmake/leo_rover_custom_interface_package__rosidl_typesupport_introspection_cppExport-noconfig.cmake
-- Up-to-date: /home/student35/Documents/Group5/ros2_ws/install/leo_rover_custom_interface_package/share/leo_rover_custom_interface_package/cmake/leo_rover_custom_interface_package__rosidl_typesupport_cppExport.cmake
-- Up-to-date: /home/student35/Documents/Group5/ros2_ws/install/leo_rover_custom_interface_package/share/leo_rover_custom_interface_package/cmake/leo_rover_custom_interface_package__rosidl_typesupport_cppExport-noconfig.cmake
-- Up-to-date: /home/student35/Documents/Group5/ros2_ws/install/leo_rover_custom_interface_package/share/leo_rover_custom_interface_package/cmake/export_leo_rover_custom_interface_package__rosidl_generator_pyExport.cmake
-- Up-to-date: /home/student35/Documents/Group5/ros2_ws/install/leo_rover_custom_interface_package/share/leo_rover_custom_interface_package/cmake/export_leo_rover_custom_interface_package__rosidl_generator_pyExport-noconfig.cmake
-- Installing: /home/student35/Documents/Group5/ros2_ws/install/leo_rover_custom_interface_package/share/leo_rover_custom_interface_package/cmake/rosidl_cmake-extras.cmake
-- Up-to-date: /home/student35/Documents/Group5/ros2_ws/install/leo_rover_custom_interface_package/share/leo_rover_custom_interface_package/cmake/ament_cmake_export_dependencies-extras.cmake
-- Up-to-date: /home/student35/Documents/Group5/ros2_ws/install/leo_rover_custom_interface_package/share/leo_rover_custom_interface_package/cmake/ament_cmake_export_include_directories-extras.cmake
-- Up-to-date: /home/student35/Documents/Group5/ros2_ws/install/leo_rover_custom_interface_package/share/leo_rover_custom_interface_package/cmake/ament_cmake_export_libraries-extras.cmake
-- Up-to-date: /home/student35/Documents/Group5/ros2_ws/install/leo_rover_custom_interface_package/share/leo_rover_custom_interface_package/cmake/ament_cmake_export_targets-extras.cmake
-- Up-to-date: /home/student35/Documents/Group5/ros2_ws/install/leo_rover_custom_interface_package/share/leo_rover_custom_interface_package/cmake/rosidl_cmake_export_typesupport_targets-extras.cmake
-- Up-to-date: /home/student35/Documents/Group5/ros2_ws/install/leo_rover_custom_interface_package/share/leo_rover_custom_interface_package/cmake/rosidl_cmake_export_typesupport_libraries-extras.cmake
-- Up-to-date: /home/student35/Documents/Group5/ros2_ws/install/leo_rover_custom_interface_package/share/leo_rover_custom_interface_package/cmake/leo_rover_custom_interface_packageConfig.cmake
-- Up-to-date: /home/student35/Documents/Group5/ros2_ws/install/leo_rover_custom_interface_package/share/leo_rover_custom_interface_package/cmake/leo_rover_custom_interface_packageConfig-version.cmake
-- Up-to-date: /home/student35/Documents/Group5/ros2_ws/install/leo_rover_custom_interface_package/share/leo_rover_custom_interface_package/package.xml
