[1.632s] Invoking command in '/home/student35/Documents/Group5/ros2_ws/src/manipulator_control': AMENT_PREFIX_PATH=/home/student35/Documents/Group5/ros2_ws/install/leo_rover_custom_interface_package:${AMENT_PREFIX_PATH} CMAKE_PREFIX_PATH=/home/student35/Documents/Group5/ros2_ws/install/leo_rover_custom_interface_package:${CMAKE_PREFIX_PATH} DEBUGINFOD_URLS=https://debuginfod.ubuntu.com LD_LIBRARY_PATH=/home/student35/Documents/Group5/ros2_ws/install/leo_rover_custom_interface_package/lib:${LD_LIBRARY_PATH} PYTHONPATH=/home/student35/Documents/Group5/ros2_ws/build/manipulator_control/prefix_override:/usr/lib/python3/dist-packages/colcon_core/task/python/colcon_distutils_commands:/home/student35/Documents/Group5/ros2_ws/install/manipulator_control/lib/python3.12/site-packages:/home/student35/Documents/Group5/ros2_ws/install/leo_rover_custom_interface_package/lib/python3.12/site-packages:${PYTHONPATH} /usr/bin/python3 -W ignore:setup.py install is deprecated -W ignore:easy_install command is deprecated setup.py egg_info --egg-base ../../build/manipulator_control build --build-base /home/student35/Documents/Group5/ros2_ws/build/manipulator_control/build install --record /home/student35/Documents/Group5/ros2_ws/build/manipulator_control/install.log --single-version-externally-managed install_data
[2.020s] running egg_info
[2.020s] creating ../../build/manipulator_control/manipulator_control.egg-info
[2.043s] writing ../../build/manipulator_control/manipulator_control.egg-info/PKG-INFO
[2.043s] writing dependency_links to ../../build/manipulator_control/manipulator_control.egg-info/dependency_links.txt
[2.043s] writing requirements to ../../build/manipulator_control/manipulator_control.egg-info/requires.txt
[2.044s] writing top-level names to ../../build/manipulator_control/manipulator_control.egg-info/top_level.txt
[2.044s] writing manifest file '../../build/manipulator_control/manipulator_control.egg-info/SOURCES.txt'
[2.132s] reading manifest file '../../build/manipulator_control/manipulator_control.egg-info/SOURCES.txt'
[2.134s] writing manifest file '../../build/manipulator_control/manipulator_control.egg-info/SOURCES.txt'
[2.134s] running build
[2.134s] running build_py
[2.135s] creating /home/student35/Documents/Group5/ros2_ws/build/manipulator_control/build
[2.135s] creating /home/student35/Documents/Group5/ros2_ws/build/manipulator_control/build/lib
[2.135s] creating /home/student35/Documents/Group5/ros2_ws/build/manipulator_control/build/lib/manipulator_control
[2.135s] copying manipulator_control/__init__.py -> /home/student35/Documents/Group5/ros2_ws/build/manipulator_control/build/lib/manipulator_control
[2.136s] copying manipulator_control/manipulator_control_node.py -> /home/student35/Documents/Group5/ros2_ws/build/manipulator_control/build/lib/manipulator_control
[2.136s] running install
[2.147s] running install_lib
[2.212s] creating /home/student35/Documents/Group5/ros2_ws/install/manipulator_control/lib/python3.12/site-packages/manipulator_control
[2.212s] copying /home/student35/Documents/Group5/ros2_ws/build/manipulator_control/build/lib/manipulator_control/__init__.py -> /home/student35/Documents/Group5/ros2_ws/install/manipulator_control/lib/python3.12/site-packages/manipulator_control
[2.213s] copying /home/student35/Documents/Group5/ros2_ws/build/manipulator_control/build/lib/manipulator_control/manipulator_control_node.py -> /home/student35/Documents/Group5/ros2_ws/install/manipulator_control/lib/python3.12/site-packages/manipulator_control
[2.213s] byte-compiling /home/student35/Documents/Group5/ros2_ws/install/manipulator_control/lib/python3.12/site-packages/manipulator_control/__init__.py to __init__.cpython-312.pyc
[2.214s] byte-compiling /home/student35/Documents/Group5/ros2_ws/install/manipulator_control/lib/python3.12/site-packages/manipulator_control/manipulator_control_node.py to manipulator_control_node.cpython-312.pyc
[2.215s] running install_data
[2.215s] creating /home/student35/Documents/Group5/ros2_ws/install/manipulator_control/share/ament_index
[2.215s] creating /home/student35/Documents/Group5/ros2_ws/install/manipulator_control/share/ament_index/resource_index
[2.215s] creating /home/student35/Documents/Group5/ros2_ws/install/manipulator_control/share/ament_index/resource_index/packages
[2.216s] copying resource/manipulator_control -> /home/student35/Documents/Group5/ros2_ws/install/manipulator_control/share/ament_index/resource_index/packages
[2.216s] copying package.xml -> /home/student35/Documents/Group5/ros2_ws/install/manipulator_control/share/manipulator_control
[2.216s] running install_egg_info
[2.243s] Copying ../../build/manipulator_control/manipulator_control.egg-info to /home/student35/Documents/Group5/ros2_ws/install/manipulator_control/lib/python3.12/site-packages/manipulator_control-0.0.0-py3.12.egg-info
[2.244s] running install_scripts
[2.446s] writing list of installed files to '/home/student35/Documents/Group5/ros2_ws/build/manipulator_control/install.log'
[2.511s] Invoked command in '/home/student35/Documents/Group5/ros2_ws/src/manipulator_control' returned '0': AMENT_PREFIX_PATH=/home/student35/Documents/Group5/ros2_ws/install/leo_rover_custom_interface_package:${AMENT_PREFIX_PATH} CMAKE_PREFIX_PATH=/home/student35/Documents/Group5/ros2_ws/install/leo_rover_custom_interface_package:${CMAKE_PREFIX_PATH} DEBUGINFOD_URLS=https://debuginfod.ubuntu.com LD_LIBRARY_PATH=/home/student35/Documents/Group5/ros2_ws/install/leo_rover_custom_interface_package/lib:${LD_LIBRARY_PATH} PYTHONPATH=/home/student35/Documents/Group5/ros2_ws/build/manipulator_control/prefix_override:/usr/lib/python3/dist-packages/colcon_core/task/python/colcon_distutils_commands:/home/student35/Documents/Group5/ros2_ws/install/manipulator_control/lib/python3.12/site-packages:/home/student35/Documents/Group5/ros2_ws/install/leo_rover_custom_interface_package/lib/python3.12/site-packages:${PYTHONPATH} /usr/bin/python3 -W ignore:setup.py install is deprecated -W ignore:easy_install command is deprecated setup.py egg_info --egg-base ../../build/manipulator_control build --build-base /home/student35/Documents/Group5/ros2_ws/build/manipulator_control/build install --record /home/student35/Documents/Group5/ros2_ws/build/manipulator_control/install.log --single-version-externally-managed install_data
