[0.025s] Invoking command in '/home/student35/Documents/Group5/ros2_ws/build/leo_rover_custom_interface_package': CMAKE_PREFIX_PATH=${CMAKE_PREFIX_PATH}:/home/student35/Documents/Group5/ros2_ws/install/manipulator_control:/home/student35/ros2_tutorial_workspace/install/the_simplest_python_package:/home/student35/ros2_tutorial_workspace/install/python_package_with_a_node:/home/student35/ros2_tutorial_workspace/install/python_package_that_uses_the_library:/home/student35/ros2_tutorial_workspace/install/python_package_with_a_library:/home/student35/ros2_tutorial_workspace/install/python_package_that_uses_the_services:/home/student35/ros2_tutorial_workspace/install/python_package_that_uses_the_messages:/home/student35/ros2_tutorial_workspace/install/python_package_that_uses_the_actions:/home/student35/ros2_tutorial_workspace/install/python_package_that_uses_tf2:/home/student35/ros2_tutorial_workspace/install/python_package_that_uses_parameters_and_launch_files:/home/student35/ros2_tutorial_workspace/install/python_package_that_uses_nottf2:/home/student35/ros2_tutorial_workspace/install/python_package_that_uses_nav2:/home/student35/ros2_tutorial_workspace/install/python_package_that_uses_geometry_msgs:/home/student35/ros2_tutorial_workspace/install/python_package_that_uses_gazebo:/home/student35/Documents/SoftwareForRobotics/Week03/ros2_ws/install/custom_package_with_node:/home/student35/Documents/SoftwareForRobotics/Week03/ros2_ws/install/custom_package_with_library:/home/student35/assessments/week2/install/kia:/home/student35/assessments/week2/install/ford:/opt/ros/jazzy DEBUGINFOD_URLS=https://debuginfod.ubuntu.com /usr/bin/cmake --build /home/student35/Documents/Group5/ros2_ws/build/leo_rover_custom_interface_package -- -j12 -l12
[0.138s] [  2%] Built target leo_rover_custom_interface_package__rosidl_generator_type_description
[0.169s] [  2%] Built target ament_cmake_python_copy_leo_rover_custom_interface_package
[0.195s] [  4%] Built target leo_rover_custom_interface_package__cpp
[0.201s] [ 22%] Built target leo_rover_custom_interface_package__rosidl_generator_c
[0.276s] [ 31%] Built target leo_rover_custom_interface_package__rosidl_typesupport_c
[0.289s] [ 40%] Built target leo_rover_custom_interface_package__rosidl_typesupport_introspection_c
[0.291s] [ 50%] Built target leo_rover_custom_interface_package__rosidl_typesupport_fastrtps_cpp
[0.294s] [ 59%] Built target leo_rover_custom_interface_package__rosidl_typesupport_cpp
[0.295s] [ 68%] Built target leo_rover_custom_interface_package__rosidl_typesupport_fastrtps_c
[0.298s] [ 77%] Built target leo_rover_custom_interface_package__rosidl_typesupport_introspection_cpp
[0.352s] [ 77%] Built target leo_rover_custom_interface_package
[0.414s] [ 79%] Built target leo_rover_custom_interface_package__py
[0.481s] [ 86%] Built target leo_rover_custom_interface_package__rosidl_generator_py
[0.580s] [ 90%] Built target leo_rover_custom_interface_package_s__rosidl_typesupport_fastrtps_c
[0.581s] [ 95%] Built target leo_rover_custom_interface_package_s__rosidl_typesupport_introspection_c
[0.587s] [100%] Built target leo_rover_custom_interface_package_s__rosidl_typesupport_c
[1.019s] running egg_info
[1.094s] writing leo_rover_custom_interface_package.egg-info/PKG-INFO
[1.095s] writing dependency_links to leo_rover_custom_interface_package.egg-info/dependency_links.txt
[1.095s] writing top-level names to leo_rover_custom_interface_package.egg-info/top_level.txt
[1.306s] reading manifest file 'leo_rover_custom_interface_package.egg-info/SOURCES.txt'
[1.310s] writing manifest file 'leo_rover_custom_interface_package.egg-info/SOURCES.txt'
[1.384s] [100%] Built target ament_cmake_python_build_leo_rover_custom_interface_package_egg
[1.404s] Invoked command in '/home/student35/Documents/Group5/ros2_ws/build/leo_rover_custom_interface_package' returned '0': CMAKE_PREFIX_PATH=${CMAKE_PREFIX_PATH}:/home/student35/Documents/Group5/ros2_ws/install/manipulator_control:/home/student35/ros2_tutorial_workspace/install/the_simplest_python_package:/home/student35/ros2_tutorial_workspace/install/python_package_with_a_node:/home/student35/ros2_tutorial_workspace/install/python_package_that_uses_the_library:/home/student35/ros2_tutorial_workspace/install/python_package_with_a_library:/home/student35/ros2_tutorial_workspace/install/python_package_that_uses_the_services:/home/student35/ros2_tutorial_workspace/install/python_package_that_uses_the_messages:/home/student35/ros2_tutorial_workspace/install/python_package_that_uses_the_actions:/home/student35/ros2_tutorial_workspace/install/python_package_that_uses_tf2:/home/student35/ros2_tutorial_workspace/install/python_package_that_uses_parameters_and_launch_files:/home/student35/ros2_tutorial_workspace/install/python_package_that_uses_nottf2:/home/student35/ros2_tutorial_workspace/install/python_package_that_uses_nav2:/home/student35/ros2_tutorial_workspace/install/python_package_that_uses_geometry_msgs:/home/student35/ros2_tutorial_workspace/install/python_package_that_uses_gazebo:/home/student35/Documents/SoftwareForRobotics/Week03/ros2_ws/install/custom_package_with_node:/home/student35/Documents/SoftwareForRobotics/Week03/ros2_ws/install/custom_package_with_library:/home/student35/assessments/week2/install/kia:/home/student35/assessments/week2/install/ford:/opt/ros/jazzy DEBUGINFOD_URLS=https://debuginfod.ubuntu.com /usr/bin/cmake --build /home/student35/Documents/Group5/ros2_ws/build/leo_rover_custom_interface_package -- -j12 -l12
[1.436s] Invoking command in '/home/student35/Documents/Group5/ros2_ws/build/leo_rover_custom_interface_package': CMAKE_PREFIX_PATH=${CMAKE_PREFIX_PATH}:/home/student35/Documents/Group5/ros2_ws/install/manipulator_control:/home/student35/ros2_tutorial_workspace/install/the_simplest_python_package:/home/student35/ros2_tutorial_workspace/install/python_package_with_a_node:/home/student35/ros2_tutorial_workspace/install/python_package_that_uses_the_library:/home/student35/ros2_tutorial_workspace/install/python_package_with_a_library:/home/student35/ros2_tutorial_workspace/install/python_package_that_uses_the_services:/home/student35/ros2_tutorial_workspace/install/python_package_that_uses_the_messages:/home/student35/ros2_tutorial_workspace/install/python_package_that_uses_the_actions:/home/student35/ros2_tutorial_workspace/install/python_package_that_uses_tf2:/home/student35/ros2_tutorial_workspace/install/python_package_that_uses_parameters_and_launch_files:/home/student35/ros2_tutorial_workspace/install/python_package_that_uses_nottf2:/home/student35/ros2_tutorial_workspace/install/python_package_that_uses_nav2:/home/student35/ros2_tutorial_workspace/install/python_package_that_uses_geometry_msgs:/home/student35/ros2_tutorial_workspace/install/python_package_that_uses_gazebo:/home/student35/Documents/SoftwareForRobotics/Week03/ros2_ws/install/custom_package_with_node:/home/student35/Documents/SoftwareForRobotics/Week03/ros2_ws/install/custom_package_with_library:/home/student35/assessments/week2/install/kia:/home/student35/assessments/week2/install/ford:/opt/ros/jazzy DEBUGINFOD_URLS=https://debuginfod.ubuntu.com /usr/bin/cmake --install /home/student35/Documents/Group5/ros2_ws/build/leo_rover_custom_interface_package
[1.460s] -- Install configuration: ""
[1.461s] -- Up-to-date: /home/student35/Documents/Group5/ros2_ws/install/leo_rover_custom_interface_package/share/ament_index/resource_index/rosidl_interfaces/leo_rover_custom_interface_package
[1.461s] -- Up-to-date: /home/student35/Documents/Group5/ros2_ws/install/leo_rover_custom_interface_package/share/leo_rover_custom_interface_package/msg/GripperState.json
[1.462s] -- Up-to-date: /home/student35/Documents/Group5/ros2_ws/install/leo_rover_custom_interface_package/share/leo_rover_custom_interface_package/msg/GripperPose.json
[1.462s] -- Up-to-date: /home/student35/Documents/Group5/ros2_ws/install/leo_rover_custom_interface_package/include/leo_rover_custom_interface_package/leo_rover_custom_interface_package
[1.462s] -- Up-to-date: /home/student35/Documents/Group5/ros2_ws/install/leo_rover_custom_interface_package/include/leo_rover_custom_interface_package/leo_rover_custom_interface_package/msg
[1.463s] -- Up-to-date: /home/student35/Documents/Group5/ros2_ws/install/leo_rover_custom_interface_package/include/leo_rover_custom_interface_package/leo_rover_custom_interface_package/msg/gripper_pose.h
[1.463s] -- Up-to-date: /home/student35/Documents/Group5/ros2_ws/install/leo_rover_custom_interface_package/include/leo_rover_custom_interface_package/leo_rover_custom_interface_package/msg/rosidl_generator_c__visibility_control.h
[1.467s] -- Up-to-date: /home/student35/Documents/Group5/ros2_ws/install/leo_rover_custom_interface_package/include/leo_rover_custom_interface_package/leo_rover_custom_interface_package/msg/gripper.h
[1.469s] -- Up-to-date: /home/student35/Documents/Group5/ros2_ws/install/leo_rover_custom_interface_package/include/leo_rover_custom_interface_package/leo_rover_custom_interface_package/msg/detail
[1.469s] -- Up-to-date: /home/student35/Documents/Group5/ros2_ws/install/leo_rover_custom_interface_package/include/leo_rover_custom_interface_package/leo_rover_custom_interface_package/msg/detail/gripper_pose__functions.c
[1.470s] -- Up-to-date: /home/student35/Documents/Group5/ros2_ws/install/leo_rover_custom_interface_package/include/leo_rover_custom_interface_package/leo_rover_custom_interface_package/msg/detail/gripper_state__type_support.h
[1.470s] -- Up-to-date: /home/student35/Documents/Group5/ros2_ws/install/leo_rover_custom_interface_package/include/leo_rover_custom_interface_package/leo_rover_custom_interface_package/msg/detail/gripper__functions.c
[1.470s] -- Up-to-date: /home/student35/Documents/Group5/ros2_ws/install/leo_rover_custom_interface_package/include/leo_rover_custom_interface_package/leo_rover_custom_interface_package/msg/detail/gripper__struct.h
[1.470s] -- Installing: /home/student35/Documents/Group5/ros2_ws/install/leo_rover_custom_interface_package/include/leo_rover_custom_interface_package/leo_rover_custom_interface_package/msg/detail/gripper_pose__type_support.c
[1.470s] -- Up-to-date: /home/student35/Documents/Group5/ros2_ws/install/leo_rover_custom_interface_package/include/leo_rover_custom_interface_package/leo_rover_custom_interface_package/msg/detail/gripper__functions.h
[1.470s] -- Up-to-date: /home/student35/Documents/Group5/ros2_ws/install/leo_rover_custom_interface_package/include/leo_rover_custom_interface_package/leo_rover_custom_interface_package/msg/detail/gripper_state__functions.c
[1.471s] -- Up-to-date: /home/student35/Documents/Group5/ros2_ws/install/leo_rover_custom_interface_package/include/leo_rover_custom_interface_package/leo_rover_custom_interface_package/msg/detail/gripper_state__description.c
[1.471s] -- Up-to-date: /home/student35/Documents/Group5/ros2_ws/install/leo_rover_custom_interface_package/include/leo_rover_custom_interface_package/leo_rover_custom_interface_package/msg/detail/gripper_pose__functions.h
[1.471s] -- Up-to-date: /home/student35/Documents/Group5/ros2_ws/install/leo_rover_custom_interface_package/include/leo_rover_custom_interface_package/leo_rover_custom_interface_package/msg/detail/gripper__type_support.h
[1.471s] -- Up-to-date: /home/student35/Documents/Group5/ros2_ws/install/leo_rover_custom_interface_package/include/leo_rover_custom_interface_package/leo_rover_custom_interface_package/msg/detail/gripper__type_support.c
[1.472s] -- Up-to-date: /home/student35/Documents/Group5/ros2_ws/install/leo_rover_custom_interface_package/include/leo_rover_custom_interface_package/leo_rover_custom_interface_package/msg/detail/gripper_state__functions.h
[1.472s] -- Up-to-date: /home/student35/Documents/Group5/ros2_ws/install/leo_rover_custom_interface_package/include/leo_rover_custom_interface_package/leo_rover_custom_interface_package/msg/detail/gripper__description.c
[1.472s] -- Installing: /home/student35/Documents/Group5/ros2_ws/install/leo_rover_custom_interface_package/include/leo_rover_custom_interface_package/leo_rover_custom_interface_package/msg/detail/gripper_state__type_support.c
[1.473s] -- Up-to-date: /home/student35/Documents/Group5/ros2_ws/install/leo_rover_custom_interface_package/include/leo_rover_custom_interface_package/leo_rover_custom_interface_package/msg/detail/gripper_state__struct.h
[1.473s] -- Up-to-date: /home/student35/Documents/Group5/ros2_ws/install/leo_rover_custom_interface_package/include/leo_rover_custom_interface_package/leo_rover_custom_interface_package/msg/detail/gripper_pose__type_support.h
[1.473s] -- Up-to-date: /home/student35/Documents/Group5/ros2_ws/install/leo_rover_custom_interface_package/include/leo_rover_custom_interface_package/leo_rover_custom_interface_package/msg/detail/gripper_pose__description.c
[1.474s] -- Up-to-date: /home/student35/Documents/Group5/ros2_ws/install/leo_rover_custom_interface_package/include/leo_rover_custom_interface_package/leo_rover_custom_interface_package/msg/detail/gripper_pose__struct.h
[1.474s] -- Up-to-date: /home/student35/Documents/Group5/ros2_ws/install/leo_rover_custom_interface_package/include/leo_rover_custom_interface_package/leo_rover_custom_interface_package/msg/gripper_state.h
[1.474s] -- Up-to-date: /home/student35/Documents/Group5/ros2_ws/install/leo_rover_custom_interface_package/share/leo_rover_custom_interface_package/environment/library_path.sh
[1.474s] -- Up-to-date: /home/student35/Documents/Group5/ros2_ws/install/leo_rover_custom_interface_package/share/leo_rover_custom_interface_package/environment/library_path.dsv
[1.475s] -- Up-to-date: /home/student35/Documents/Group5/ros2_ws/install/leo_rover_custom_interface_package/lib/libleo_rover_custom_interface_package__rosidl_generator_c.so
[1.475s] -- Up-to-date: /home/student35/Documents/Group5/ros2_ws/install/leo_rover_custom_interface_package/include/leo_rover_custom_interface_package/leo_rover_custom_interface_package
[1.475s] -- Up-to-date: /home/student35/Documents/Group5/ros2_ws/install/leo_rover_custom_interface_package/include/leo_rover_custom_interface_package/leo_rover_custom_interface_package/msg
[1.476s] -- Up-to-date: /home/student35/Documents/Group5/ros2_ws/install/leo_rover_custom_interface_package/include/leo_rover_custom_interface_package/leo_rover_custom_interface_package/msg/rosidl_typesupport_fastrtps_c__visibility_control.h
[1.476s] -- Up-to-date: /home/student35/Documents/Group5/ros2_ws/install/leo_rover_custom_interface_package/include/leo_rover_custom_interface_package/leo_rover_custom_interface_package/msg/detail
[1.476s] -- Up-to-date: /home/student35/Documents/Group5/ros2_ws/install/leo_rover_custom_interface_package/include/leo_rover_custom_interface_package/leo_rover_custom_interface_package/msg/detail/gripper_pose__rosidl_typesupport_fastrtps_c.h
[1.477s] -- Up-to-date: /home/student35/Documents/Group5/ros2_ws/install/leo_rover_custom_interface_package/include/leo_rover_custom_interface_package/leo_rover_custom_interface_package/msg/detail/gripper__rosidl_typesupport_fastrtps_c.h
[1.477s] -- Up-to-date: /home/student35/Documents/Group5/ros2_ws/install/leo_rover_custom_interface_package/include/leo_rover_custom_interface_package/leo_rover_custom_interface_package/msg/detail/gripper_state__rosidl_typesupport_fastrtps_c.h
[1.477s] -- Up-to-date: /home/student35/Documents/Group5/ros2_ws/install/leo_rover_custom_interface_package/lib/libleo_rover_custom_interface_package__rosidl_typesupport_fastrtps_c.so
[1.477s] -- Up-to-date: /home/student35/Documents/Group5/ros2_ws/install/leo_rover_custom_interface_package/include/leo_rover_custom_interface_package/leo_rover_custom_interface_package
[1.478s] -- Up-to-date: /home/student35/Documents/Group5/ros2_ws/install/leo_rover_custom_interface_package/include/leo_rover_custom_interface_package/leo_rover_custom_interface_package/msg
[1.478s] -- Up-to-date: /home/student35/Documents/Group5/ros2_ws/install/leo_rover_custom_interface_package/include/leo_rover_custom_interface_package/leo_rover_custom_interface_package/msg/gripper_state.hpp
[1.478s] -- Up-to-date: /home/student35/Documents/Group5/ros2_ws/install/leo_rover_custom_interface_package/include/leo_rover_custom_interface_package/leo_rover_custom_interface_package/msg/rosidl_generator_cpp__visibility_control.hpp
[1.479s] -- Up-to-date: /home/student35/Documents/Group5/ros2_ws/install/leo_rover_custom_interface_package/include/leo_rover_custom_interface_package/leo_rover_custom_interface_package/msg/gripper.hpp
[1.479s] -- Up-to-date: /home/student35/Documents/Group5/ros2_ws/install/leo_rover_custom_interface_package/include/leo_rover_custom_interface_package/leo_rover_custom_interface_package/msg/detail
[1.479s] -- Up-to-date: /home/student35/Documents/Group5/ros2_ws/install/leo_rover_custom_interface_package/include/leo_rover_custom_interface_package/leo_rover_custom_interface_package/msg/detail/gripper_state__builder.hpp
[1.480s] -- Up-to-date: /home/student35/Documents/Group5/ros2_ws/install/leo_rover_custom_interface_package/include/leo_rover_custom_interface_package/leo_rover_custom_interface_package/msg/detail/gripper_pose__type_support.hpp
[1.480s] -- Up-to-date: /home/student35/Documents/Group5/ros2_ws/install/leo_rover_custom_interface_package/include/leo_rover_custom_interface_package/leo_rover_custom_interface_package/msg/detail/gripper_pose__traits.hpp
[1.480s] -- Up-to-date: /home/student35/Documents/Group5/ros2_ws/install/leo_rover_custom_interface_package/include/leo_rover_custom_interface_package/leo_rover_custom_interface_package/msg/detail/gripper_state__traits.hpp
[1.480s] -- Up-to-date: /home/student35/Documents/Group5/ros2_ws/install/leo_rover_custom_interface_package/include/leo_rover_custom_interface_package/leo_rover_custom_interface_package/msg/detail/gripper__builder.hpp
[1.481s] -- Up-to-date: /home/student35/Documents/Group5/ros2_ws/install/leo_rover_custom_interface_package/include/leo_rover_custom_interface_package/leo_rover_custom_interface_package/msg/detail/gripper_pose__struct.hpp
[1.481s] -- Up-to-date: /home/student35/Documents/Group5/ros2_ws/install/leo_rover_custom_interface_package/include/leo_rover_custom_interface_package/leo_rover_custom_interface_package/msg/detail/gripper__traits.hpp
[1.481s] -- Up-to-date: /home/student35/Documents/Group5/ros2_ws/install/leo_rover_custom_interface_package/include/leo_rover_custom_interface_package/leo_rover_custom_interface_package/msg/detail/gripper__type_support.hpp
[1.482s] -- Up-to-date: /home/student35/Documents/Group5/ros2_ws/install/leo_rover_custom_interface_package/include/leo_rover_custom_interface_package/leo_rover_custom_interface_package/msg/detail/gripper_state__struct.hpp
[1.482s] -- Up-to-date: /home/student35/Documents/Group5/ros2_ws/install/leo_rover_custom_interface_package/include/leo_rover_custom_interface_package/leo_rover_custom_interface_package/msg/detail/gripper__struct.hpp
[1.482s] -- Up-to-date: /home/student35/Documents/Group5/ros2_ws/install/leo_rover_custom_interface_package/include/leo_rover_custom_interface_package/leo_rover_custom_interface_package/msg/detail/gripper_pose__builder.hpp
[1.483s] -- Up-to-date: /home/student35/Documents/Group5/ros2_ws/install/leo_rover_custom_interface_package/include/leo_rover_custom_interface_package/leo_rover_custom_interface_package/msg/detail/gripper_state__type_support.hpp
[1.483s] -- Up-to-date: /home/student35/Documents/Group5/ros2_ws/install/leo_rover_custom_interface_package/include/leo_rover_custom_interface_package/leo_rover_custom_interface_package/msg/gripper_pose.hpp
[1.483s] -- Up-to-date: /home/student35/Documents/Group5/ros2_ws/install/leo_rover_custom_interface_package/include/leo_rover_custom_interface_package/leo_rover_custom_interface_package
[1.483s] -- Up-to-date: /home/student35/Documents/Group5/ros2_ws/install/leo_rover_custom_interface_package/include/leo_rover_custom_interface_package/leo_rover_custom_interface_package/msg
[1.484s] -- Up-to-date: /home/student35/Documents/Group5/ros2_ws/install/leo_rover_custom_interface_package/include/leo_rover_custom_interface_package/leo_rover_custom_interface_package/msg/detail
[1.484s] -- Up-to-date: /home/student35/Documents/Group5/ros2_ws/install/leo_rover_custom_interface_package/include/leo_rover_custom_interface_package/leo_rover_custom_interface_package/msg/detail/gripper_pose__rosidl_typesupport_fastrtps_cpp.hpp
[1.484s] -- Up-to-date: /home/student35/Documents/Group5/ros2_ws/install/leo_rover_custom_interface_package/include/leo_rover_custom_interface_package/leo_rover_custom_interface_package/msg/detail/dds_fastrtps
[1.484s] -- Up-to-date: /home/student35/Documents/Group5/ros2_ws/install/leo_rover_custom_interface_package/include/leo_rover_custom_interface_package/leo_rover_custom_interface_package/msg/detail/gripper__rosidl_typesupport_fastrtps_cpp.hpp
[1.485s] -- Up-to-date: /home/student35/Documents/Group5/ros2_ws/install/leo_rover_custom_interface_package/include/leo_rover_custom_interface_package/leo_rover_custom_interface_package/msg/detail/gripper_state__rosidl_typesupport_fastrtps_cpp.hpp
[1.485s] -- Up-to-date: /home/student35/Documents/Group5/ros2_ws/install/leo_rover_custom_interface_package/include/leo_rover_custom_interface_package/leo_rover_custom_interface_package/msg/rosidl_typesupport_fastrtps_cpp__visibility_control.h
[1.485s] -- Up-to-date: /home/student35/Documents/Group5/ros2_ws/install/leo_rover_custom_interface_package/lib/libleo_rover_custom_interface_package__rosidl_typesupport_fastrtps_cpp.so
[1.485s] -- Up-to-date: /home/student35/Documents/Group5/ros2_ws/install/leo_rover_custom_interface_package/include/leo_rover_custom_interface_package/leo_rover_custom_interface_package
[1.486s] -- Up-to-date: /home/student35/Documents/Group5/ros2_ws/install/leo_rover_custom_interface_package/include/leo_rover_custom_interface_package/leo_rover_custom_interface_package/msg
[1.486s] -- Up-to-date: /home/student35/Documents/Group5/ros2_ws/install/leo_rover_custom_interface_package/include/leo_rover_custom_interface_package/leo_rover_custom_interface_package/msg/rosidl_typesupport_introspection_c__visibility_control.h
[1.486s] -- Up-to-date: /home/student35/Documents/Group5/ros2_ws/install/leo_rover_custom_interface_package/include/leo_rover_custom_interface_package/leo_rover_custom_interface_package/msg/detail
[1.486s] -- Installing: /home/student35/Documents/Group5/ros2_ws/install/leo_rover_custom_interface_package/include/leo_rover_custom_interface_package/leo_rover_custom_interface_package/msg/detail/gripper_pose__type_support.c
[1.487s] -- Up-to-date: /home/student35/Documents/Group5/ros2_ws/install/leo_rover_custom_interface_package/include/leo_rover_custom_interface_package/leo_rover_custom_interface_package/msg/detail/gripper_state__rosidl_typesupport_introspection_c.h
[1.487s] -- Up-to-date: /home/student35/Documents/Group5/ros2_ws/install/leo_rover_custom_interface_package/include/leo_rover_custom_interface_package/leo_rover_custom_interface_package/msg/detail/gripper__rosidl_typesupport_introspection_c.h
[1.487s] -- Up-to-date: /home/student35/Documents/Group5/ros2_ws/install/leo_rover_custom_interface_package/include/leo_rover_custom_interface_package/leo_rover_custom_interface_package/msg/detail/gripper__type_support.c
[1.487s] -- Up-to-date: /home/student35/Documents/Group5/ros2_ws/install/leo_rover_custom_interface_package/include/leo_rover_custom_interface_package/leo_rover_custom_interface_package/msg/detail/gripper_pose__rosidl_typesupport_introspection_c.h
[1.488s] -- Installing: /home/student35/Documents/Group5/ros2_ws/install/leo_rover_custom_interface_package/include/leo_rover_custom_interface_package/leo_rover_custom_interface_package/msg/detail/gripper_state__type_support.c
[1.488s] -- Up-to-date: /home/student35/Documents/Group5/ros2_ws/install/leo_rover_custom_interface_package/lib/libleo_rover_custom_interface_package__rosidl_typesupport_introspection_c.so
[1.488s] -- Up-to-date: /home/student35/Documents/Group5/ros2_ws/install/leo_rover_custom_interface_package/lib/libleo_rover_custom_interface_package__rosidl_typesupport_c.so
[1.489s] -- Up-to-date: /home/student35/Documents/Group5/ros2_ws/install/leo_rover_custom_interface_package/include/leo_rover_custom_interface_package/leo_rover_custom_interface_package
[1.489s] -- Up-to-date: /home/student35/Documents/Group5/ros2_ws/install/leo_rover_custom_interface_package/include/leo_rover_custom_interface_package/leo_rover_custom_interface_package/msg
[1.489s] -- Up-to-date: /home/student35/Documents/Group5/ros2_ws/install/leo_rover_custom_interface_package/include/leo_rover_custom_interface_package/leo_rover_custom_interface_package/msg/detail
[1.489s] -- Up-to-date: /home/student35/Documents/Group5/ros2_ws/install/leo_rover_custom_interface_package/include/leo_rover_custom_interface_package/leo_rover_custom_interface_package/msg/detail/gripper_pose__rosidl_typesupport_introspection_cpp.hpp
[1.489s] -- Up-to-date: /home/student35/Documents/Group5/ros2_ws/install/leo_rover_custom_interface_package/include/leo_rover_custom_interface_package/leo_rover_custom_interface_package/msg/detail/gripper_pose__type_support.cpp
[1.490s] -- Up-to-date: /home/student35/Documents/Group5/ros2_ws/install/leo_rover_custom_interface_package/include/leo_rover_custom_interface_package/leo_rover_custom_interface_package/msg/detail/gripper__rosidl_typesupport_introspection_cpp.hpp
[1.490s] -- Up-to-date: /home/student35/Documents/Group5/ros2_ws/install/leo_rover_custom_interface_package/include/leo_rover_custom_interface_package/leo_rover_custom_interface_package/msg/detail/gripper_state__type_support.cpp
[1.490s] -- Up-to-date: /home/student35/Documents/Group5/ros2_ws/install/leo_rover_custom_interface_package/include/leo_rover_custom_interface_package/leo_rover_custom_interface_package/msg/detail/gripper__type_support.cpp
[1.490s] -- Up-to-date: /home/student35/Documents/Group5/ros2_ws/install/leo_rover_custom_interface_package/include/leo_rover_custom_interface_package/leo_rover_custom_interface_package/msg/detail/gripper_state__rosidl_typesupport_introspection_cpp.hpp
[1.491s] -- Up-to-date: /home/student35/Documents/Group5/ros2_ws/install/leo_rover_custom_interface_package/lib/libleo_rover_custom_interface_package__rosidl_typesupport_introspection_cpp.so
[1.491s] -- Up-to-date: /home/student35/Documents/Group5/ros2_ws/install/leo_rover_custom_interface_package/lib/libleo_rover_custom_interface_package__rosidl_typesupport_cpp.so
[1.491s] -- Up-to-date: /home/student35/Documents/Group5/ros2_ws/install/leo_rover_custom_interface_package/share/leo_rover_custom_interface_package/environment/pythonpath.sh
[1.491s] -- Up-to-date: /home/student35/Documents/Group5/ros2_ws/install/leo_rover_custom_interface_package/share/leo_rover_custom_interface_package/environment/pythonpath.dsv
[1.492s] -- Up-to-date: /home/student35/Documents/Group5/ros2_ws/install/leo_rover_custom_interface_package/lib/python3.12/site-packages/leo_rover_custom_interface_package-0.0.0-py3.12.egg-info
[1.492s] -- Installing: /home/student35/Documents/Group5/ros2_ws/install/leo_rover_custom_interface_package/lib/python3.12/site-packages/leo_rover_custom_interface_package-0.0.0-py3.12.egg-info/dependency_links.txt
[1.492s] -- Installing: /home/student35/Documents/Group5/ros2_ws/install/leo_rover_custom_interface_package/lib/python3.12/site-packages/leo_rover_custom_interface_package-0.0.0-py3.12.egg-info/SOURCES.txt
[1.492s] -- Installing: /home/student35/Documents/Group5/ros2_ws/install/leo_rover_custom_interface_package/lib/python3.12/site-packages/leo_rover_custom_interface_package-0.0.0-py3.12.egg-info/PKG-INFO
[1.492s] -- Installing: /home/student35/Documents/Group5/ros2_ws/install/leo_rover_custom_interface_package/lib/python3.12/site-packages/leo_rover_custom_interface_package-0.0.0-py3.12.egg-info/top_level.txt
[1.493s] -- Up-to-date: /home/student35/Documents/Group5/ros2_ws/install/leo_rover_custom_interface_package/lib/python3.12/site-packages/leo_rover_custom_interface_package
[1.493s] -- Up-to-date: /home/student35/Documents/Group5/ros2_ws/install/leo_rover_custom_interface_package/lib/python3.12/site-packages/leo_rover_custom_interface_package/__init__.py
[1.493s] -- Up-to-date: /home/student35/Documents/Group5/ros2_ws/install/leo_rover_custom_interface_package/lib/python3.12/site-packages/leo_rover_custom_interface_package/leo_rover_custom_interface_package_s__rosidl_typesupport_introspection_c.so
[1.493s] -- Up-to-date: /home/student35/Documents/Group5/ros2_ws/install/leo_rover_custom_interface_package/lib/python3.12/site-packages/leo_rover_custom_interface_package/leo_rover_custom_interface_package_s__rosidl_typesupport_fastrtps_c.so
[1.494s] -- Up-to-date: /home/student35/Documents/Group5/ros2_ws/install/leo_rover_custom_interface_package/lib/python3.12/site-packages/leo_rover_custom_interface_package/_leo_rover_custom_interface_package_s.ep.rosidl_typesupport_fastrtps_c.c
[1.494s] -- Up-to-date: /home/student35/Documents/Group5/ros2_ws/install/leo_rover_custom_interface_package/lib/python3.12/site-packages/leo_rover_custom_interface_package/_leo_rover_custom_interface_package_s.ep.rosidl_typesupport_c.c
[1.494s] -- Up-to-date: /home/student35/Documents/Group5/ros2_ws/install/leo_rover_custom_interface_package/lib/python3.12/site-packages/leo_rover_custom_interface_package/leo_rover_custom_interface_package_s__rosidl_typesupport_c.so
[1.494s] -- Up-to-date: /home/student35/Documents/Group5/ros2_ws/install/leo_rover_custom_interface_package/lib/python3.12/site-packages/leo_rover_custom_interface_package/_leo_rover_custom_interface_package_s.ep.rosidl_typesupport_introspection_c.c
[1.494s] -- Up-to-date: /home/student35/Documents/Group5/ros2_ws/install/leo_rover_custom_interface_package/lib/python3.12/site-packages/leo_rover_custom_interface_package/msg
[1.495s] -- Up-to-date: /home/student35/Documents/Group5/ros2_ws/install/leo_rover_custom_interface_package/lib/python3.12/site-packages/leo_rover_custom_interface_package/msg/__init__.py
[1.495s] -- Up-to-date: /home/student35/Documents/Group5/ros2_ws/install/leo_rover_custom_interface_package/lib/python3.12/site-packages/leo_rover_custom_interface_package/msg/_gripper_state.py
[1.495s] -- Up-to-date: /home/student35/Documents/Group5/ros2_ws/install/leo_rover_custom_interface_package/lib/python3.12/site-packages/leo_rover_custom_interface_package/msg/_gripper_s.c
[1.495s] -- Up-to-date: /home/student35/Documents/Group5/ros2_ws/install/leo_rover_custom_interface_package/lib/python3.12/site-packages/leo_rover_custom_interface_package/msg/_gripper_state_s.c
[1.495s] -- Up-to-date: /home/student35/Documents/Group5/ros2_ws/install/leo_rover_custom_interface_package/lib/python3.12/site-packages/leo_rover_custom_interface_package/msg/_gripper_pose.py
[1.496s] -- Up-to-date: /home/student35/Documents/Group5/ros2_ws/install/leo_rover_custom_interface_package/lib/python3.12/site-packages/leo_rover_custom_interface_package/msg/_gripper_pose_s.c
[1.496s] -- Up-to-date: /home/student35/Documents/Group5/ros2_ws/install/leo_rover_custom_interface_package/lib/python3.12/site-packages/leo_rover_custom_interface_package/msg/_gripper.py
[1.597s] Listing '/home/student35/Documents/Group5/ros2_ws/install/leo_rover_custom_interface_package/lib/python3.12/site-packages/leo_rover_custom_interface_package'...
[1.597s] Listing '/home/student35/Documents/Group5/ros2_ws/install/leo_rover_custom_interface_package/lib/python3.12/site-packages/leo_rover_custom_interface_package/msg'...
[1.605s] -- Up-to-date: /home/student35/Documents/Group5/ros2_ws/install/leo_rover_custom_interface_package/lib/python3.12/site-packages/leo_rover_custom_interface_package/leo_rover_custom_interface_package_s__rosidl_typesupport_fastrtps_c.so
[1.606s] -- Up-to-date: /home/student35/Documents/Group5/ros2_ws/install/leo_rover_custom_interface_package/lib/python3.12/site-packages/leo_rover_custom_interface_package/leo_rover_custom_interface_package_s__rosidl_typesupport_introspection_c.so
[1.607s] -- Up-to-date: /home/student35/Documents/Group5/ros2_ws/install/leo_rover_custom_interface_package/lib/python3.12/site-packages/leo_rover_custom_interface_package/leo_rover_custom_interface_package_s__rosidl_typesupport_c.so
[1.607s] -- Up-to-date: /home/student35/Documents/Group5/ros2_ws/install/leo_rover_custom_interface_package/lib/libleo_rover_custom_interface_package__rosidl_generator_py.so
[1.608s] -- Up-to-date: /home/student35/Documents/Group5/ros2_ws/install/leo_rover_custom_interface_package/share/leo_rover_custom_interface_package/msg/GripperState.idl
[1.609s] -- Up-to-date: /home/student35/Documents/Group5/ros2_ws/install/leo_rover_custom_interface_package/share/leo_rover_custom_interface_package/msg/GripperPose.idl
[1.609s] -- Up-to-date: /home/student35/Documents/Group5/ros2_ws/install/leo_rover_custom_interface_package/share/leo_rover_custom_interface_package/msg/GripperState.msg
[1.610s] -- Up-to-date: /home/student35/Documents/Group5/ros2_ws/install/leo_rover_custom_interface_package/share/leo_rover_custom_interface_package/msg/GripperPose.msg
[1.610s] -- Up-to-date: /home/student35/Documents/Group5/ros2_ws/install/leo_rover_custom_interface_package/share/ament_index/resource_index/package_run_dependencies/leo_rover_custom_interface_package
[1.611s] -- Up-to-date: /home/student35/Documents/Group5/ros2_ws/install/leo_rover_custom_interface_package/share/ament_index/resource_index/parent_prefix_path/leo_rover_custom_interface_package
[1.611s] -- Up-to-date: /home/student35/Documents/Group5/ros2_ws/install/leo_rover_custom_interface_package/share/leo_rover_custom_interface_package/environment/ament_prefix_path.sh
[1.611s] -- Up-to-date: /home/student35/Documents/Group5/ros2_ws/install/leo_rover_custom_interface_package/share/leo_rover_custom_interface_package/environment/ament_prefix_path.dsv
[1.612s] -- Up-to-date: /home/student35/Documents/Group5/ros2_ws/install/leo_rover_custom_interface_package/share/leo_rover_custom_interface_package/environment/path.sh
[1.613s] -- Up-to-date: /home/student35/Documents/Group5/ros2_ws/install/leo_rover_custom_interface_package/share/leo_rover_custom_interface_package/environment/path.dsv
[1.614s] -- Up-to-date: /home/student35/Documents/Group5/ros2_ws/install/leo_rover_custom_interface_package/share/leo_rover_custom_interface_package/local_setup.bash
[1.614s] -- Up-to-date: /home/student35/Documents/Group5/ros2_ws/install/leo_rover_custom_interface_package/share/leo_rover_custom_interface_package/local_setup.sh
[1.618s] -- Up-to-date: /home/student35/Documents/Group5/ros2_ws/install/leo_rover_custom_interface_package/share/leo_rover_custom_interface_package/local_setup.zsh
[1.618s] -- Up-to-date: /home/student35/Documents/Group5/ros2_ws/install/leo_rover_custom_interface_package/share/leo_rover_custom_interface_package/local_setup.dsv
[1.618s] -- Installing: /home/student35/Documents/Group5/ros2_ws/install/leo_rover_custom_interface_package/share/leo_rover_custom_interface_package/package.dsv
[1.619s] -- Up-to-date: /home/student35/Documents/Group5/ros2_ws/install/leo_rover_custom_interface_package/share/ament_index/resource_index/packages/leo_rover_custom_interface_package
[1.619s] -- Up-to-date: /home/student35/Documents/Group5/ros2_ws/install/leo_rover_custom_interface_package/share/leo_rover_custom_interface_package/cmake/export_leo_rover_custom_interface_package__rosidl_generator_cExport.cmake
[1.619s] -- Up-to-date: /home/student35/Documents/Group5/ros2_ws/install/leo_rover_custom_interface_package/share/leo_rover_custom_interface_package/cmake/export_leo_rover_custom_interface_package__rosidl_generator_cExport-noconfig.cmake
[1.620s] -- Up-to-date: /home/student35/Documents/Group5/ros2_ws/install/leo_rover_custom_interface_package/share/leo_rover_custom_interface_package/cmake/export_leo_rover_custom_interface_package__rosidl_typesupport_fastrtps_cExport.cmake
[1.621s] -- Up-to-date: /home/student35/Documents/Group5/ros2_ws/install/leo_rover_custom_interface_package/share/leo_rover_custom_interface_package/cmake/export_leo_rover_custom_interface_package__rosidl_typesupport_fastrtps_cExport-noconfig.cmake
[1.621s] -- Up-to-date: /home/student35/Documents/Group5/ros2_ws/install/leo_rover_custom_interface_package/share/leo_rover_custom_interface_package/cmake/export_leo_rover_custom_interface_package__rosidl_generator_cppExport.cmake
[1.622s] -- Up-to-date: /home/student35/Documents/Group5/ros2_ws/install/leo_rover_custom_interface_package/share/leo_rover_custom_interface_package/cmake/export_leo_rover_custom_interface_package__rosidl_typesupport_fastrtps_cppExport.cmake
[1.622s] -- Up-to-date: /home/student35/Documents/Group5/ros2_ws/install/leo_rover_custom_interface_package/share/leo_rover_custom_interface_package/cmake/export_leo_rover_custom_interface_package__rosidl_typesupport_fastrtps_cppExport-noconfig.cmake
[1.622s] -- Up-to-date: /home/student35/Documents/Group5/ros2_ws/install/leo_rover_custom_interface_package/share/leo_rover_custom_interface_package/cmake/leo_rover_custom_interface_package__rosidl_typesupport_introspection_cExport.cmake
[1.622s] -- Up-to-date: /home/student35/Documents/Group5/ros2_ws/install/leo_rover_custom_interface_package/share/leo_rover_custom_interface_package/cmake/leo_rover_custom_interface_package__rosidl_typesupport_introspection_cExport-noconfig.cmake
[1.623s] -- Up-to-date: /home/student35/Documents/Group5/ros2_ws/install/leo_rover_custom_interface_package/share/leo_rover_custom_interface_package/cmake/leo_rover_custom_interface_package__rosidl_typesupport_cExport.cmake
[1.623s] -- Up-to-date: /home/student35/Documents/Group5/ros2_ws/install/leo_rover_custom_interface_package/share/leo_rover_custom_interface_package/cmake/leo_rover_custom_interface_package__rosidl_typesupport_cExport-noconfig.cmake
[1.624s] -- Up-to-date: /home/student35/Documents/Group5/ros2_ws/install/leo_rover_custom_interface_package/share/leo_rover_custom_interface_package/cmake/leo_rover_custom_interface_package__rosidl_typesupport_introspection_cppExport.cmake
[1.625s] -- Up-to-date: /home/student35/Documents/Group5/ros2_ws/install/leo_rover_custom_interface_package/share/leo_rover_custom_interface_package/cmake/leo_rover_custom_interface_package__rosidl_typesupport_introspection_cppExport-noconfig.cmake
[1.626s] -- Up-to-date: /home/student35/Documents/Group5/ros2_ws/install/leo_rover_custom_interface_package/share/leo_rover_custom_interface_package/cmake/leo_rover_custom_interface_package__rosidl_typesupport_cppExport.cmake
[1.630s] -- Up-to-date: /home/student35/Documents/Group5/ros2_ws/install/leo_rover_custom_interface_package/share/leo_rover_custom_interface_package/cmake/leo_rover_custom_interface_package__rosidl_typesupport_cppExport-noconfig.cmake
[1.630s] -- Up-to-date: /home/student35/Documents/Group5/ros2_ws/install/leo_rover_custom_interface_package/share/leo_rover_custom_interface_package/cmake/export_leo_rover_custom_interface_package__rosidl_generator_pyExport.cmake
[1.631s] -- Up-to-date: /home/student35/Documents/Group5/ros2_ws/install/leo_rover_custom_interface_package/share/leo_rover_custom_interface_package/cmake/export_leo_rover_custom_interface_package__rosidl_generator_pyExport-noconfig.cmake
[1.631s] -- Up-to-date: /home/student35/Documents/Group5/ros2_ws/install/leo_rover_custom_interface_package/share/leo_rover_custom_interface_package/cmake/rosidl_cmake-extras.cmake
[1.632s] -- Up-to-date: /home/student35/Documents/Group5/ros2_ws/install/leo_rover_custom_interface_package/share/leo_rover_custom_interface_package/cmake/ament_cmake_export_dependencies-extras.cmake
[1.632s] -- Up-to-date: /home/student35/Documents/Group5/ros2_ws/install/leo_rover_custom_interface_package/share/leo_rover_custom_interface_package/cmake/ament_cmake_export_include_directories-extras.cmake
[1.633s] -- Up-to-date: /home/student35/Documents/Group5/ros2_ws/install/leo_rover_custom_interface_package/share/leo_rover_custom_interface_package/cmake/ament_cmake_export_libraries-extras.cmake
[1.633s] -- Up-to-date: /home/student35/Documents/Group5/ros2_ws/install/leo_rover_custom_interface_package/share/leo_rover_custom_interface_package/cmake/ament_cmake_export_targets-extras.cmake
[1.634s] -- Up-to-date: /home/student35/Documents/Group5/ros2_ws/install/leo_rover_custom_interface_package/share/leo_rover_custom_interface_package/cmake/rosidl_cmake_export_typesupport_targets-extras.cmake
[1.634s] -- Up-to-date: /home/student35/Documents/Group5/ros2_ws/install/leo_rover_custom_interface_package/share/leo_rover_custom_interface_package/cmake/rosidl_cmake_export_typesupport_libraries-extras.cmake
[1.635s] -- Up-to-date: /home/student35/Documents/Group5/ros2_ws/install/leo_rover_custom_interface_package/share/leo_rover_custom_interface_package/cmake/leo_rover_custom_interface_packageConfig.cmake
[1.636s] -- Up-to-date: /home/student35/Documents/Group5/ros2_ws/install/leo_rover_custom_interface_package/share/leo_rover_custom_interface_package/cmake/leo_rover_custom_interface_packageConfig-version.cmake
[1.637s] -- Up-to-date: /home/student35/Documents/Group5/ros2_ws/install/leo_rover_custom_interface_package/share/leo_rover_custom_interface_package/package.xml
[1.638s] Invoked command in '/home/student35/Documents/Group5/ros2_ws/build/leo_rover_custom_interface_package' returned '0': CMAKE_PREFIX_PATH=${CMAKE_PREFIX_PATH}:/home/student35/Documents/Group5/ros2_ws/install/manipulator_control:/home/student35/ros2_tutorial_workspace/install/the_simplest_python_package:/home/student35/ros2_tutorial_workspace/install/python_package_with_a_node:/home/student35/ros2_tutorial_workspace/install/python_package_that_uses_the_library:/home/student35/ros2_tutorial_workspace/install/python_package_with_a_library:/home/student35/ros2_tutorial_workspace/install/python_package_that_uses_the_services:/home/student35/ros2_tutorial_workspace/install/python_package_that_uses_the_messages:/home/student35/ros2_tutorial_workspace/install/python_package_that_uses_the_actions:/home/student35/ros2_tutorial_workspace/install/python_package_that_uses_tf2:/home/student35/ros2_tutorial_workspace/install/python_package_that_uses_parameters_and_launch_files:/home/student35/ros2_tutorial_workspace/install/python_package_that_uses_nottf2:/home/student35/ros2_tutorial_workspace/install/python_package_that_uses_nav2:/home/student35/ros2_tutorial_workspace/install/python_package_that_uses_geometry_msgs:/home/student35/ros2_tutorial_workspace/install/python_package_that_uses_gazebo:/home/student35/Documents/SoftwareForRobotics/Week03/ros2_ws/install/custom_package_with_node:/home/student35/Documents/SoftwareForRobotics/Week03/ros2_ws/install/custom_package_with_library:/home/student35/assessments/week2/install/kia:/home/student35/assessments/week2/install/ford:/opt/ros/jazzy DEBUGINFOD_URLS=https://debuginfod.ubuntu.com /usr/bin/cmake --install /home/student35/Documents/Group5/ros2_ws/build/leo_rover_custom_interface_package
