[1.895s] Invoking command in '/home/student35/Documents/Group5/ros2_ws/src/manipulator_control': AMENT_PREFIX_PATH=/home/student35/Documents/Group5/ros2_ws/install/leo_rover_custom_interface_package:${AMENT_PREFIX_PATH} CMAKE_PREFIX_PATH=/home/student35/Documents/Group5/ros2_ws/install/leo_rover_custom_interface_package:${CMAKE_PREFIX_PATH} DEBUGINFOD_URLS=https://debuginfod.ubuntu.com LD_LIBRARY_PATH=/home/student35/Documents/Group5/ros2_ws/install/leo_rover_custom_interface_package/lib:${LD_LIBRARY_PATH} PYTHONPATH=/home/student35/Documents/Group5/ros2_ws/build/manipulator_control/prefix_override:/usr/lib/python3/dist-packages/colcon_core/task/python/colcon_distutils_commands:/home/student35/Documents/Group5/ros2_ws/install/manipulator_control/lib/python3.12/site-packages:/home/student35/Documents/Group5/ros2_ws/install/leo_rover_custom_interface_package/lib/python3.12/site-packages:${PYTHONPATH} /usr/bin/python3 -W ignore:setup.py install is deprecated -W ignore:easy_install command is deprecated setup.py egg_info --egg-base ../../build/manipulator_control build --build-base /home/student35/Documents/Group5/ros2_ws/build/manipulator_control/build install --record /home/student35/Documents/Group5/ros2_ws/build/manipulator_control/install.log --single-version-externally-managed install_data
[2.285s] running egg_info
[2.308s] writing ../../build/manipulator_control/manipulator_control.egg-info/PKG-INFO
[2.309s] writing dependency_links to ../../build/manipulator_control/manipulator_control.egg-info/dependency_links.txt
[2.309s] writing entry points to ../../build/manipulator_control/manipulator_control.egg-info/entry_points.txt
[2.310s] writing requirements to ../../build/manipulator_control/manipulator_control.egg-info/requires.txt
[2.310s] writing top-level names to ../../build/manipulator_control/manipulator_control.egg-info/top_level.txt
[2.364s] reading manifest file '../../build/manipulator_control/manipulator_control.egg-info/SOURCES.txt'
[2.365s] writing manifest file '../../build/manipulator_control/manipulator_control.egg-info/SOURCES.txt'
[2.366s] running build
[2.366s] running build_py
[2.367s] copying manipulator_control/manipulator_control_node.py -> /home/student35/Documents/Group5/ros2_ws/build/manipulator_control/build/lib/manipulator_control
[2.367s] running install
[2.376s] running install_lib
[2.400s] copying /home/student35/Documents/Group5/ros2_ws/build/manipulator_control/build/lib/manipulator_control/manipulator_control_node.py -> /home/student35/Documents/Group5/ros2_ws/install/manipulator_control/lib/python3.12/site-packages/manipulator_control
[2.401s] byte-compiling /home/student35/Documents/Group5/ros2_ws/install/manipulator_control/lib/python3.12/site-packages/manipulator_control/manipulator_control_node.py to manipulator_control_node.cpython-312.pyc
[2.403s] running install_data
[2.403s] running install_egg_info
[2.430s] removing '/home/student35/Documents/Group5/ros2_ws/install/manipulator_control/lib/python3.12/site-packages/manipulator_control-0.0.0-py3.12.egg-info' (and everything under it)
[2.431s] Copying ../../build/manipulator_control/manipulator_control.egg-info to /home/student35/Documents/Group5/ros2_ws/install/manipulator_control/lib/python3.12/site-packages/manipulator_control-0.0.0-py3.12.egg-info
[2.432s] running install_scripts
[2.623s] Installing manipulator_control_node script to /home/student35/Documents/Group5/ros2_ws/install/manipulator_control/lib/manipulator_control
[2.623s] writing list of installed files to '/home/student35/Documents/Group5/ros2_ws/build/manipulator_control/install.log'
[2.670s] Invoked command in '/home/student35/Documents/Group5/ros2_ws/src/manipulator_control' returned '0': AMENT_PREFIX_PATH=/home/student35/Documents/Group5/ros2_ws/install/leo_rover_custom_interface_package:${AMENT_PREFIX_PATH} CMAKE_PREFIX_PATH=/home/student35/Documents/Group5/ros2_ws/install/leo_rover_custom_interface_package:${CMAKE_PREFIX_PATH} DEBUGINFOD_URLS=https://debuginfod.ubuntu.com LD_LIBRARY_PATH=/home/student35/Documents/Group5/ros2_ws/install/leo_rover_custom_interface_package/lib:${LD_LIBRARY_PATH} PYTHONPATH=/home/student35/Documents/Group5/ros2_ws/build/manipulator_control/prefix_override:/usr/lib/python3/dist-packages/colcon_core/task/python/colcon_distutils_commands:/home/student35/Documents/Group5/ros2_ws/install/manipulator_control/lib/python3.12/site-packages:/home/student35/Documents/Group5/ros2_ws/install/leo_rover_custom_interface_package/lib/python3.12/site-packages:${PYTHONPATH} /usr/bin/python3 -W ignore:setup.py install is deprecated -W ignore:easy_install command is deprecated setup.py egg_info --egg-base ../../build/manipulator_control build --build-base /home/student35/Documents/Group5/ros2_ws/build/manipulator_control/build install --record /home/student35/Documents/Group5/ros2_ws/build/manipulator_control/install.log --single-version-externally-managed install_data
