[0.199s] DEBUG:colcon:Command line arguments: ['/usr/bin/colcon', 'build']
[0.200s] DEBUG:colcon:Parsed command line arguments: Namespace(log_base=None, log_level=None, verb_name='build', build_base='build', install_base='install', merge_install=False, symlink_install=False, test_result_base=None, continue_on_error=False, executor='parallel', parallel_workers=12, event_handlers=None, ignore_user_meta=False, metas=['./colcon.meta'], base_paths=['.'], packages_ignore=None, packages_ignore_regex=None, paths=None, packages_up_to=None, packages_up_to_regex=None, packages_above=None, packages_above_and_dependencies=None, packages_above_depth=None, packages_select_by_dep=None, packages_skip_by_dep=None, packages_skip_up_to=None, packages_select_build_failed=False, packages_skip_build_finished=False, packages_select_test_failures=False, packages_skip_test_passed=False, packages_select=None, packages_skip=None, packages_select_regex=None, packages_skip_regex=None, packages_start=None, packages_end=None, allow_overriding=[], cmake_args=None, cmake_target=None, cmake_target_skip_unavailable=False, cmake_clean_cache=False, cmake_clean_first=False, cmake_force_configure=False, ament_cmake_args=None, catkin_cmake_args=None, catkin_skip_building_tests=False, mixin_files=None, mixin=None, verb_parser=<colcon_mixin.mixin.mixin_argument.MixinArgumentDecorator object at 0x730713077890>, verb_extension=<colcon_core.verb.build.BuildVerb object at 0x7307131cbfb0>, main=<bound method BuildVerb.main of <colcon_core.verb.build.BuildVerb object at 0x7307131cbfb0>>, mixin_verb=('build',))
[0.250s] Level 1:colcon.colcon_core.package_discovery:discover_packages(colcon_meta) check parameters
[0.250s] Level 1:colcon.colcon_core.package_discovery:discover_packages(recursive) check parameters
[0.250s] Level 1:colcon.colcon_core.package_discovery:discover_packages(ignore) check parameters
[0.250s] Level 1:colcon.colcon_core.package_discovery:discover_packages(path) check parameters
[0.250s] Level 1:colcon.colcon_core.package_discovery:discover_packages(colcon_meta) discover
[0.250s] Level 1:colcon.colcon_core.package_discovery:discover_packages(recursive) discover
[0.250s] INFO:colcon.colcon_core.package_discovery:Crawling recursively for packages in '/home/student35/Documents/Group5/ros2_ws'
[0.250s] Level 1:colcon.colcon_core.package_identification:_identify(.) by extensions ['ignore', 'ignore_ament_install']
[0.250s] Level 1:colcon.colcon_core.package_identification:_identify(.) by extension 'ignore'
[0.251s] Level 1:colcon.colcon_core.package_identification:_identify(.) by extension 'ignore_ament_install'
[0.251s] Level 1:colcon.colcon_core.package_identification:_identify(.) by extensions ['colcon_pkg']
[0.251s] Level 1:colcon.colcon_core.package_identification:_identify(.) by extension 'colcon_pkg'
[0.251s] Level 1:colcon.colcon_core.package_identification:_identify(.) by extensions ['colcon_meta']
[0.251s] Level 1:colcon.colcon_core.package_identification:_identify(.) by extension 'colcon_meta'
[0.251s] Level 1:colcon.colcon_core.package_identification:_identify(.) by extensions ['ros']
[0.251s] Level 1:colcon.colcon_core.package_identification:_identify(.) by extension 'ros'
[0.284s] Level 1:colcon.colcon_core.package_identification:_identify(.) by extensions ['cmake', 'python']
[0.285s] Level 1:colcon.colcon_core.package_identification:_identify(.) by extension 'cmake'
[0.285s] Level 1:colcon.colcon_core.package_identification:_identify(.) by extension 'python'
[0.285s] Level 1:colcon.colcon_core.package_identification:_identify(.) by extensions ['python_setup_py']
[0.285s] Level 1:colcon.colcon_core.package_identification:_identify(.) by extension 'python_setup_py'
[0.285s] Level 1:colcon.colcon_core.package_identification:_identify(build) by extensions ['ignore', 'ignore_ament_install']
[0.285s] Level 1:colcon.colcon_core.package_identification:_identify(build) by extension 'ignore'
[0.285s] Level 1:colcon.colcon_core.package_identification:_identify(build) ignored
[0.285s] Level 1:colcon.colcon_core.package_identification:_identify(install) by extensions ['ignore', 'ignore_ament_install']
[0.285s] Level 1:colcon.colcon_core.package_identification:_identify(install) by extension 'ignore'
[0.285s] Level 1:colcon.colcon_core.package_identification:_identify(install) ignored
[0.286s] Level 1:colcon.colcon_core.package_identification:_identify(log) by extensions ['ignore', 'ignore_ament_install']
[0.286s] Level 1:colcon.colcon_core.package_identification:_identify(log) by extension 'ignore'
[0.286s] Level 1:colcon.colcon_core.package_identification:_identify(log) ignored
[0.286s] Level 1:colcon.colcon_core.package_identification:_identify(src) by extensions ['ignore', 'ignore_ament_install']
[0.286s] Level 1:colcon.colcon_core.package_identification:_identify(src) by extension 'ignore'
[0.286s] Level 1:colcon.colcon_core.package_identification:_identify(src) by extension 'ignore_ament_install'
[0.286s] Level 1:colcon.colcon_core.package_identification:_identify(src) by extensions ['colcon_pkg']
[0.286s] Level 1:colcon.colcon_core.package_identification:_identify(src) by extension 'colcon_pkg'
[0.286s] Level 1:colcon.colcon_core.package_identification:_identify(src) by extensions ['colcon_meta']
[0.286s] Level 1:colcon.colcon_core.package_identification:_identify(src) by extension 'colcon_meta'
[0.286s] Level 1:colcon.colcon_core.package_identification:_identify(src) by extensions ['ros']
[0.286s] Level 1:colcon.colcon_core.package_identification:_identify(src) by extension 'ros'
[0.286s] Level 1:colcon.colcon_core.package_identification:_identify(src) by extensions ['cmake', 'python']
[0.286s] Level 1:colcon.colcon_core.package_identification:_identify(src) by extension 'cmake'
[0.286s] Level 1:colcon.colcon_core.package_identification:_identify(src) by extension 'python'
[0.286s] Level 1:colcon.colcon_core.package_identification:_identify(src) by extensions ['python_setup_py']
[0.286s] Level 1:colcon.colcon_core.package_identification:_identify(src) by extension 'python_setup_py'
[0.286s] Level 1:colcon.colcon_core.package_identification:_identify(src/leo_rover_custom_interface_package) by extensions ['ignore', 'ignore_ament_install']
[0.287s] Level 1:colcon.colcon_core.package_identification:_identify(src/leo_rover_custom_interface_package) by extension 'ignore'
[0.287s] Level 1:colcon.colcon_core.package_identification:_identify(src/leo_rover_custom_interface_package) by extension 'ignore_ament_install'
[0.287s] Level 1:colcon.colcon_core.package_identification:_identify(src/leo_rover_custom_interface_package) by extensions ['colcon_pkg']
[0.287s] Level 1:colcon.colcon_core.package_identification:_identify(src/leo_rover_custom_interface_package) by extension 'colcon_pkg'
[0.287s] Level 1:colcon.colcon_core.package_identification:_identify(src/leo_rover_custom_interface_package) by extensions ['colcon_meta']
[0.287s] Level 1:colcon.colcon_core.package_identification:_identify(src/leo_rover_custom_interface_package) by extension 'colcon_meta'
[0.287s] Level 1:colcon.colcon_core.package_identification:_identify(src/leo_rover_custom_interface_package) by extensions ['ros']
[0.287s] Level 1:colcon.colcon_core.package_identification:_identify(src/leo_rover_custom_interface_package) by extension 'ros'
[0.290s] DEBUG:colcon.colcon_core.package_identification:Package 'src/leo_rover_custom_interface_package' with type 'ros.ament_cmake' and name 'leo_rover_custom_interface_package'
[0.290s] Level 1:colcon.colcon_core.package_identification:_identify(src/manipulator_control) by extensions ['ignore', 'ignore_ament_install']
[0.290s] Level 1:colcon.colcon_core.package_identification:_identify(src/manipulator_control) by extension 'ignore'
[0.290s] Level 1:colcon.colcon_core.package_identification:_identify(src/manipulator_control) by extension 'ignore_ament_install'
[0.291s] Level 1:colcon.colcon_core.package_identification:_identify(src/manipulator_control) by extensions ['colcon_pkg']
[0.291s] Level 1:colcon.colcon_core.package_identification:_identify(src/manipulator_control) by extension 'colcon_pkg'
[0.291s] Level 1:colcon.colcon_core.package_identification:_identify(src/manipulator_control) by extensions ['colcon_meta']
[0.291s] Level 1:colcon.colcon_core.package_identification:_identify(src/manipulator_control) by extension 'colcon_meta'
[0.291s] Level 1:colcon.colcon_core.package_identification:_identify(src/manipulator_control) by extensions ['ros']
[0.291s] Level 1:colcon.colcon_core.package_identification:_identify(src/manipulator_control) by extension 'ros'
[0.292s] DEBUG:colcon.colcon_core.package_identification:Package 'src/manipulator_control' with type 'ros.ament_python' and name 'manipulator_control'
[0.292s] Level 1:colcon.colcon_core.package_discovery:discover_packages(recursive) using defaults
[0.292s] Level 1:colcon.colcon_core.package_discovery:discover_packages(ignore) discover
[0.292s] Level 1:colcon.colcon_core.package_discovery:discover_packages(ignore) using defaults
[0.292s] Level 1:colcon.colcon_core.package_discovery:discover_packages(path) discover
[0.292s] Level 1:colcon.colcon_core.package_discovery:discover_packages(path) using defaults
[0.315s] Level 1:colcon.colcon_core.package_discovery:discover_packages(prefix_path) check parameters
[0.315s] Level 1:colcon.colcon_core.package_discovery:discover_packages(prefix_path) discover
[0.318s] DEBUG:colcon.colcon_installed_package_information.package_discovery:Found 2 installed packages in /home/student35/Documents/Group5/ros2_ws/install
[0.318s] DEBUG:colcon.colcon_installed_package_information.package_discovery:Found 14 installed packages in /home/student35/ros2_tutorial_workspace/install
[0.319s] DEBUG:colcon.colcon_installed_package_information.package_discovery:Found 2 installed packages in /home/student35/Documents/SoftwareForRobotics/Week03/ros2_ws/install
[0.319s] DEBUG:colcon.colcon_installed_package_information.package_discovery:Found 2 installed packages in /home/student35/assessments/week2/install
[0.320s] DEBUG:colcon.colcon_installed_package_information.package_discovery:Found 2 installed packages in /home/student35/Documents/SoftwareForRobotics/Week02/ros2_ws/install
[0.321s] DEBUG:colcon.colcon_installed_package_information.package_discovery:Found 386 installed packages in /opt/ros/jazzy
[0.323s] Level 1:colcon.colcon_core.package_discovery:discover_packages(prefix_path) using defaults
[0.381s] Level 5:colcon.colcon_core.verb:set package 'leo_rover_custom_interface_package' build argument 'cmake_args' from command line to 'None'
[0.381s] Level 5:colcon.colcon_core.verb:set package 'leo_rover_custom_interface_package' build argument 'cmake_target' from command line to 'None'
[0.381s] Level 5:colcon.colcon_core.verb:set package 'leo_rover_custom_interface_package' build argument 'cmake_target_skip_unavailable' from command line to 'False'
[0.382s] Level 5:colcon.colcon_core.verb:set package 'leo_rover_custom_interface_package' build argument 'cmake_clean_cache' from command line to 'False'
[0.382s] Level 5:colcon.colcon_core.verb:set package 'leo_rover_custom_interface_package' build argument 'cmake_clean_first' from command line to 'False'
[0.382s] Level 5:colcon.colcon_core.verb:set package 'leo_rover_custom_interface_package' build argument 'cmake_force_configure' from command line to 'False'
[0.382s] Level 5:colcon.colcon_core.verb:set package 'leo_rover_custom_interface_package' build argument 'ament_cmake_args' from command line to 'None'
[0.382s] Level 5:colcon.colcon_core.verb:set package 'leo_rover_custom_interface_package' build argument 'catkin_cmake_args' from command line to 'None'
[0.382s] Level 5:colcon.colcon_core.verb:set package 'leo_rover_custom_interface_package' build argument 'catkin_skip_building_tests' from command line to 'False'
[0.382s] DEBUG:colcon.colcon_core.verb:Building package 'leo_rover_custom_interface_package' with the following arguments: {'ament_cmake_args': None, 'build_base': '/home/student35/Documents/Group5/ros2_ws/build/leo_rover_custom_interface_package', 'catkin_cmake_args': None, 'catkin_skip_building_tests': False, 'cmake_args': None, 'cmake_clean_cache': False, 'cmake_clean_first': False, 'cmake_force_configure': False, 'cmake_target': None, 'cmake_target_skip_unavailable': False, 'install_base': '/home/student35/Documents/Group5/ros2_ws/install/leo_rover_custom_interface_package', 'merge_install': False, 'path': '/home/student35/Documents/Group5/ros2_ws/src/leo_rover_custom_interface_package', 'symlink_install': False, 'test_result_base': None}
[0.382s] Level 5:colcon.colcon_core.verb:set package 'manipulator_control' build argument 'cmake_args' from command line to 'None'
[0.382s] Level 5:colcon.colcon_core.verb:set package 'manipulator_control' build argument 'cmake_target' from command line to 'None'
[0.382s] Level 5:colcon.colcon_core.verb:set package 'manipulator_control' build argument 'cmake_target_skip_unavailable' from command line to 'False'
[0.382s] Level 5:colcon.colcon_core.verb:set package 'manipulator_control' build argument 'cmake_clean_cache' from command line to 'False'
[0.382s] Level 5:colcon.colcon_core.verb:set package 'manipulator_control' build argument 'cmake_clean_first' from command line to 'False'
[0.382s] Level 5:colcon.colcon_core.verb:set package 'manipulator_control' build argument 'cmake_force_configure' from command line to 'False'
[0.382s] Level 5:colcon.colcon_core.verb:set package 'manipulator_control' build argument 'ament_cmake_args' from command line to 'None'
[0.382s] Level 5:colcon.colcon_core.verb:set package 'manipulator_control' build argument 'catkin_cmake_args' from command line to 'None'
[0.382s] Level 5:colcon.colcon_core.verb:set package 'manipulator_control' build argument 'catkin_skip_building_tests' from command line to 'False'
[0.382s] DEBUG:colcon.colcon_core.verb:Building package 'manipulator_control' with the following arguments: {'ament_cmake_args': None, 'build_base': '/home/student35/Documents/Group5/ros2_ws/build/manipulator_control', 'catkin_cmake_args': None, 'catkin_skip_building_tests': False, 'cmake_args': None, 'cmake_clean_cache': False, 'cmake_clean_first': False, 'cmake_force_configure': False, 'cmake_target': None, 'cmake_target_skip_unavailable': False, 'install_base': '/home/student35/Documents/Group5/ros2_ws/install/manipulator_control', 'merge_install': False, 'path': '/home/student35/Documents/Group5/ros2_ws/src/manipulator_control', 'symlink_install': False, 'test_result_base': None}
[0.382s] INFO:colcon.colcon_core.executor:Executing jobs using 'parallel' executor
[0.384s] DEBUG:colcon.colcon_parallel_executor.executor.parallel:run_until_complete
[0.384s] INFO:colcon.colcon_ros.task.ament_cmake.build:Building ROS package in '/home/student35/Documents/Group5/ros2_ws/src/leo_rover_custom_interface_package' with build type 'ament_cmake'
[0.385s] INFO:colcon.colcon_cmake.task.cmake.build:Building CMake package in '/home/student35/Documents/Group5/ros2_ws/src/leo_rover_custom_interface_package'
[0.391s] INFO:colcon.colcon_core.plugin_system:Skipping extension 'colcon_core.shell.bat': Not used on non-Windows systems
[0.393s] INFO:colcon.colcon_core.shell:Skip shell extension 'powershell' for command environment: Not usable outside of PowerShell
[0.393s] DEBUG:colcon.colcon_core.shell:Skip shell extension 'dsv' for command environment
[0.416s] DEBUG:colcon.colcon_core.event_handler.log_command:Invoking command in '/home/student35/Documents/Group5/ros2_ws/build/leo_rover_custom_interface_package': CMAKE_PREFIX_PATH=${CMAKE_PREFIX_PATH}:/home/student35/Documents/Group5/ros2_ws/install/manipulator_control:/home/student35/ros2_tutorial_workspace/install/the_simplest_python_package:/home/student35/ros2_tutorial_workspace/install/python_package_with_a_node:/home/student35/ros2_tutorial_workspace/install/python_package_that_uses_the_library:/home/student35/ros2_tutorial_workspace/install/python_package_with_a_library:/home/student35/ros2_tutorial_workspace/install/python_package_that_uses_the_services:/home/student35/ros2_tutorial_workspace/install/python_package_that_uses_the_messages:/home/student35/ros2_tutorial_workspace/install/python_package_that_uses_the_actions:/home/student35/ros2_tutorial_workspace/install/python_package_that_uses_tf2:/home/student35/ros2_tutorial_workspace/install/python_package_that_uses_parameters_and_launch_files:/home/student35/ros2_tutorial_workspace/install/python_package_that_uses_nottf2:/home/student35/ros2_tutorial_workspace/install/python_package_that_uses_nav2:/home/student35/ros2_tutorial_workspace/install/python_package_that_uses_geometry_msgs:/home/student35/ros2_tutorial_workspace/install/python_package_that_uses_gazebo:/home/student35/Documents/SoftwareForRobotics/Week03/ros2_ws/install/custom_package_with_node:/home/student35/Documents/SoftwareForRobotics/Week03/ros2_ws/install/custom_package_with_library:/home/student35/assessments/week2/install/kia:/home/student35/assessments/week2/install/ford:/opt/ros/jazzy DEBUGINFOD_URLS=https://debuginfod.ubuntu.com /usr/bin/cmake --build /home/student35/Documents/Group5/ros2_ws/build/leo_rover_custom_interface_package -- -j12 -l12
[1.772s] DEBUG:colcon.colcon_core.event_handler.log_command:Invoked command in '/home/student35/Documents/Group5/ros2_ws/build/leo_rover_custom_interface_package' returned '0': CMAKE_PREFIX_PATH=${CMAKE_PREFIX_PATH}:/home/student35/Documents/Group5/ros2_ws/install/manipulator_control:/home/student35/ros2_tutorial_workspace/install/the_simplest_python_package:/home/student35/ros2_tutorial_workspace/install/python_package_with_a_node:/home/student35/ros2_tutorial_workspace/install/python_package_that_uses_the_library:/home/student35/ros2_tutorial_workspace/install/python_package_with_a_library:/home/student35/ros2_tutorial_workspace/install/python_package_that_uses_the_services:/home/student35/ros2_tutorial_workspace/install/python_package_that_uses_the_messages:/home/student35/ros2_tutorial_workspace/install/python_package_that_uses_the_actions:/home/student35/ros2_tutorial_workspace/install/python_package_that_uses_tf2:/home/student35/ros2_tutorial_workspace/install/python_package_that_uses_parameters_and_launch_files:/home/student35/ros2_tutorial_workspace/install/python_package_that_uses_nottf2:/home/student35/ros2_tutorial_workspace/install/python_package_that_uses_nav2:/home/student35/ros2_tutorial_workspace/install/python_package_that_uses_geometry_msgs:/home/student35/ros2_tutorial_workspace/install/python_package_that_uses_gazebo:/home/student35/Documents/SoftwareForRobotics/Week03/ros2_ws/install/custom_package_with_node:/home/student35/Documents/SoftwareForRobotics/Week03/ros2_ws/install/custom_package_with_library:/home/student35/assessments/week2/install/kia:/home/student35/assessments/week2/install/ford:/opt/ros/jazzy DEBUGINFOD_URLS=https://debuginfod.ubuntu.com /usr/bin/cmake --build /home/student35/Documents/Group5/ros2_ws/build/leo_rover_custom_interface_package -- -j12 -l12
[1.798s] DEBUG:colcon.colcon_core.event_handler.log_command:Invoking command in '/home/student35/Documents/Group5/ros2_ws/build/leo_rover_custom_interface_package': CMAKE_PREFIX_PATH=${CMAKE_PREFIX_PATH}:/home/student35/Documents/Group5/ros2_ws/install/manipulator_control:/home/student35/ros2_tutorial_workspace/install/the_simplest_python_package:/home/student35/ros2_tutorial_workspace/install/python_package_with_a_node:/home/student35/ros2_tutorial_workspace/install/python_package_that_uses_the_library:/home/student35/ros2_tutorial_workspace/install/python_package_with_a_library:/home/student35/ros2_tutorial_workspace/install/python_package_that_uses_the_services:/home/student35/ros2_tutorial_workspace/install/python_package_that_uses_the_messages:/home/student35/ros2_tutorial_workspace/install/python_package_that_uses_the_actions:/home/student35/ros2_tutorial_workspace/install/python_package_that_uses_tf2:/home/student35/ros2_tutorial_workspace/install/python_package_that_uses_parameters_and_launch_files:/home/student35/ros2_tutorial_workspace/install/python_package_that_uses_nottf2:/home/student35/ros2_tutorial_workspace/install/python_package_that_uses_nav2:/home/student35/ros2_tutorial_workspace/install/python_package_that_uses_geometry_msgs:/home/student35/ros2_tutorial_workspace/install/python_package_that_uses_gazebo:/home/student35/Documents/SoftwareForRobotics/Week03/ros2_ws/install/custom_package_with_node:/home/student35/Documents/SoftwareForRobotics/Week03/ros2_ws/install/custom_package_with_library:/home/student35/assessments/week2/install/kia:/home/student35/assessments/week2/install/ford:/opt/ros/jazzy DEBUGINFOD_URLS=https://debuginfod.ubuntu.com /usr/bin/cmake --install /home/student35/Documents/Group5/ros2_ws/build/leo_rover_custom_interface_package
[1.954s] Level 1:colcon.colcon_core.environment:create_environment_scripts_only(leo_rover_custom_interface_package)
[1.955s] DEBUG:colcon.colcon_core.event_handler.log_command:Invoked command in '/home/student35/Documents/Group5/ros2_ws/build/leo_rover_custom_interface_package' returned '0': CMAKE_PREFIX_PATH=${CMAKE_PREFIX_PATH}:/home/student35/Documents/Group5/ros2_ws/install/manipulator_control:/home/student35/ros2_tutorial_workspace/install/the_simplest_python_package:/home/student35/ros2_tutorial_workspace/install/python_package_with_a_node:/home/student35/ros2_tutorial_workspace/install/python_package_that_uses_the_library:/home/student35/ros2_tutorial_workspace/install/python_package_with_a_library:/home/student35/ros2_tutorial_workspace/install/python_package_that_uses_the_services:/home/student35/ros2_tutorial_workspace/install/python_package_that_uses_the_messages:/home/student35/ros2_tutorial_workspace/install/python_package_that_uses_the_actions:/home/student35/ros2_tutorial_workspace/install/python_package_that_uses_tf2:/home/student35/ros2_tutorial_workspace/install/python_package_that_uses_parameters_and_launch_files:/home/student35/ros2_tutorial_workspace/install/python_package_that_uses_nottf2:/home/student35/ros2_tutorial_workspace/install/python_package_that_uses_nav2:/home/student35/ros2_tutorial_workspace/install/python_package_that_uses_geometry_msgs:/home/student35/ros2_tutorial_workspace/install/python_package_that_uses_gazebo:/home/student35/Documents/SoftwareForRobotics/Week03/ros2_ws/install/custom_package_with_node:/home/student35/Documents/SoftwareForRobotics/Week03/ros2_ws/install/custom_package_with_library:/home/student35/assessments/week2/install/kia:/home/student35/assessments/week2/install/ford:/opt/ros/jazzy DEBUGINFOD_URLS=https://debuginfod.ubuntu.com /usr/bin/cmake --install /home/student35/Documents/Group5/ros2_ws/build/leo_rover_custom_interface_package
[1.959s] Level 1:colcon.colcon_core.environment:checking '/home/student35/Documents/Group5/ros2_ws/install/leo_rover_custom_interface_package' for CMake module files
[1.960s] Level 1:colcon.colcon_core.environment:checking '/home/student35/Documents/Group5/ros2_ws/install/leo_rover_custom_interface_package' for CMake config files
[1.961s] Level 1:colcon.colcon_core.shell:create_environment_hook('leo_rover_custom_interface_package', 'cmake_prefix_path')
[1.961s] INFO:colcon.colcon_core.shell:Creating environment hook '/home/student35/Documents/Group5/ros2_ws/install/leo_rover_custom_interface_package/share/leo_rover_custom_interface_package/hook/cmake_prefix_path.ps1'
[1.962s] INFO:colcon.colcon_core.shell:Creating environment descriptor '/home/student35/Documents/Group5/ros2_ws/install/leo_rover_custom_interface_package/share/leo_rover_custom_interface_package/hook/cmake_prefix_path.dsv'
[1.962s] INFO:colcon.colcon_core.shell:Creating environment hook '/home/student35/Documents/Group5/ros2_ws/install/leo_rover_custom_interface_package/share/leo_rover_custom_interface_package/hook/cmake_prefix_path.sh'
[1.964s] Level 1:colcon.colcon_core.environment:checking '/home/student35/Documents/Group5/ros2_ws/install/leo_rover_custom_interface_package/lib'
[1.964s] Level 1:colcon.colcon_core.shell:create_environment_hook('leo_rover_custom_interface_package', 'ld_library_path_lib')
[1.964s] INFO:colcon.colcon_core.shell:Creating environment hook '/home/student35/Documents/Group5/ros2_ws/install/leo_rover_custom_interface_package/share/leo_rover_custom_interface_package/hook/ld_library_path_lib.ps1'
[1.965s] INFO:colcon.colcon_core.shell:Creating environment descriptor '/home/student35/Documents/Group5/ros2_ws/install/leo_rover_custom_interface_package/share/leo_rover_custom_interface_package/hook/ld_library_path_lib.dsv'
[1.965s] INFO:colcon.colcon_core.shell:Creating environment hook '/home/student35/Documents/Group5/ros2_ws/install/leo_rover_custom_interface_package/share/leo_rover_custom_interface_package/hook/ld_library_path_lib.sh'
[1.965s] Level 1:colcon.colcon_core.environment:checking '/home/student35/Documents/Group5/ros2_ws/install/leo_rover_custom_interface_package/bin'
[1.966s] Level 1:colcon.colcon_core.environment:checking '/home/student35/Documents/Group5/ros2_ws/install/leo_rover_custom_interface_package/lib/pkgconfig/leo_rover_custom_interface_package.pc'
[1.966s] Level 1:colcon.colcon_core.environment:checking '/home/student35/Documents/Group5/ros2_ws/install/leo_rover_custom_interface_package/lib/python3.12/site-packages'
[1.966s] Level 1:colcon.colcon_core.shell:create_environment_hook('leo_rover_custom_interface_package', 'pythonpath')
[1.966s] INFO:colcon.colcon_core.shell:Creating environment hook '/home/student35/Documents/Group5/ros2_ws/install/leo_rover_custom_interface_package/share/leo_rover_custom_interface_package/hook/pythonpath.ps1'
[1.967s] INFO:colcon.colcon_core.shell:Creating environment descriptor '/home/student35/Documents/Group5/ros2_ws/install/leo_rover_custom_interface_package/share/leo_rover_custom_interface_package/hook/pythonpath.dsv'
[1.967s] INFO:colcon.colcon_core.shell:Creating environment hook '/home/student35/Documents/Group5/ros2_ws/install/leo_rover_custom_interface_package/share/leo_rover_custom_interface_package/hook/pythonpath.sh'
[1.968s] Level 1:colcon.colcon_core.environment:checking '/home/student35/Documents/Group5/ros2_ws/install/leo_rover_custom_interface_package/bin'
[1.968s] INFO:colcon.colcon_core.shell:Creating package script '/home/student35/Documents/Group5/ros2_ws/install/leo_rover_custom_interface_package/share/leo_rover_custom_interface_package/package.ps1'
[1.969s] INFO:colcon.colcon_core.shell:Creating package descriptor '/home/student35/Documents/Group5/ros2_ws/install/leo_rover_custom_interface_package/share/leo_rover_custom_interface_package/package.dsv'
[1.970s] INFO:colcon.colcon_core.shell:Creating package script '/home/student35/Documents/Group5/ros2_ws/install/leo_rover_custom_interface_package/share/leo_rover_custom_interface_package/package.sh'
[1.971s] INFO:colcon.colcon_core.shell:Creating package script '/home/student35/Documents/Group5/ros2_ws/install/leo_rover_custom_interface_package/share/leo_rover_custom_interface_package/package.bash'
[1.973s] INFO:colcon.colcon_core.shell:Creating package script '/home/student35/Documents/Group5/ros2_ws/install/leo_rover_custom_interface_package/share/leo_rover_custom_interface_package/package.zsh'
[1.974s] Level 1:colcon.colcon_core.environment:create_file_with_runtime_dependencies(/home/student35/Documents/Group5/ros2_ws/install/leo_rover_custom_interface_package/share/colcon-core/packages/leo_rover_custom_interface_package)
[1.975s] Level 1:colcon.colcon_core.environment:create_environment_scripts_only(leo_rover_custom_interface_package)
[1.976s] Level 1:colcon.colcon_core.environment:checking '/home/student35/Documents/Group5/ros2_ws/install/leo_rover_custom_interface_package' for CMake module files
[1.977s] Level 1:colcon.colcon_core.environment:checking '/home/student35/Documents/Group5/ros2_ws/install/leo_rover_custom_interface_package' for CMake config files
[1.978s] Level 1:colcon.colcon_core.shell:create_environment_hook('leo_rover_custom_interface_package', 'cmake_prefix_path')
[1.979s] INFO:colcon.colcon_core.shell:Creating environment hook '/home/student35/Documents/Group5/ros2_ws/install/leo_rover_custom_interface_package/share/leo_rover_custom_interface_package/hook/cmake_prefix_path.ps1'
[1.980s] INFO:colcon.colcon_core.shell:Creating environment descriptor '/home/student35/Documents/Group5/ros2_ws/install/leo_rover_custom_interface_package/share/leo_rover_custom_interface_package/hook/cmake_prefix_path.dsv'
[1.980s] INFO:colcon.colcon_core.shell:Creating environment hook '/home/student35/Documents/Group5/ros2_ws/install/leo_rover_custom_interface_package/share/leo_rover_custom_interface_package/hook/cmake_prefix_path.sh'
[1.982s] Level 1:colcon.colcon_core.environment:checking '/home/student35/Documents/Group5/ros2_ws/install/leo_rover_custom_interface_package/lib'
[1.982s] Level 1:colcon.colcon_core.shell:create_environment_hook('leo_rover_custom_interface_package', 'ld_library_path_lib')
[1.982s] INFO:colcon.colcon_core.shell:Creating environment hook '/home/student35/Documents/Group5/ros2_ws/install/leo_rover_custom_interface_package/share/leo_rover_custom_interface_package/hook/ld_library_path_lib.ps1'
[1.983s] INFO:colcon.colcon_core.shell:Creating environment descriptor '/home/student35/Documents/Group5/ros2_ws/install/leo_rover_custom_interface_package/share/leo_rover_custom_interface_package/hook/ld_library_path_lib.dsv'
[1.984s] INFO:colcon.colcon_core.shell:Creating environment hook '/home/student35/Documents/Group5/ros2_ws/install/leo_rover_custom_interface_package/share/leo_rover_custom_interface_package/hook/ld_library_path_lib.sh'
[1.985s] Level 1:colcon.colcon_core.environment:checking '/home/student35/Documents/Group5/ros2_ws/install/leo_rover_custom_interface_package/bin'
[1.985s] Level 1:colcon.colcon_core.environment:checking '/home/student35/Documents/Group5/ros2_ws/install/leo_rover_custom_interface_package/lib/pkgconfig/leo_rover_custom_interface_package.pc'
[1.985s] Level 1:colcon.colcon_core.environment:checking '/home/student35/Documents/Group5/ros2_ws/install/leo_rover_custom_interface_package/lib/python3.12/site-packages'
[1.986s] Level 1:colcon.colcon_core.shell:create_environment_hook('leo_rover_custom_interface_package', 'pythonpath')
[1.986s] INFO:colcon.colcon_core.shell:Creating environment hook '/home/student35/Documents/Group5/ros2_ws/install/leo_rover_custom_interface_package/share/leo_rover_custom_interface_package/hook/pythonpath.ps1'
[1.987s] INFO:colcon.colcon_core.shell:Creating environment descriptor '/home/student35/Documents/Group5/ros2_ws/install/leo_rover_custom_interface_package/share/leo_rover_custom_interface_package/hook/pythonpath.dsv'
[1.988s] INFO:colcon.colcon_core.shell:Creating environment hook '/home/student35/Documents/Group5/ros2_ws/install/leo_rover_custom_interface_package/share/leo_rover_custom_interface_package/hook/pythonpath.sh'
[1.990s] Level 1:colcon.colcon_core.environment:checking '/home/student35/Documents/Group5/ros2_ws/install/leo_rover_custom_interface_package/bin'
[1.990s] INFO:colcon.colcon_core.shell:Creating package script '/home/student35/Documents/Group5/ros2_ws/install/leo_rover_custom_interface_package/share/leo_rover_custom_interface_package/package.ps1'
[1.991s] INFO:colcon.colcon_core.shell:Creating package descriptor '/home/student35/Documents/Group5/ros2_ws/install/leo_rover_custom_interface_package/share/leo_rover_custom_interface_package/package.dsv'
[1.992s] INFO:colcon.colcon_core.shell:Creating package script '/home/student35/Documents/Group5/ros2_ws/install/leo_rover_custom_interface_package/share/leo_rover_custom_interface_package/package.sh'
[1.992s] INFO:colcon.colcon_core.shell:Creating package script '/home/student35/Documents/Group5/ros2_ws/install/leo_rover_custom_interface_package/share/leo_rover_custom_interface_package/package.bash'
[1.993s] INFO:colcon.colcon_core.shell:Creating package script '/home/student35/Documents/Group5/ros2_ws/install/leo_rover_custom_interface_package/share/leo_rover_custom_interface_package/package.zsh'
[1.993s] Level 1:colcon.colcon_core.environment:create_file_with_runtime_dependencies(/home/student35/Documents/Group5/ros2_ws/install/leo_rover_custom_interface_package/share/colcon-core/packages/leo_rover_custom_interface_package)
[1.994s] INFO:colcon.colcon_ros.task.ament_python.build:Building ROS package in '/home/student35/Documents/Group5/ros2_ws/src/manipulator_control' with build type 'ament_python'
[1.994s] Level 1:colcon.colcon_core.shell:create_environment_hook('manipulator_control', 'ament_prefix_path')
[1.995s] INFO:colcon.colcon_core.shell:Creating environment hook '/home/student35/Documents/Group5/ros2_ws/install/manipulator_control/share/manipulator_control/hook/ament_prefix_path.ps1'
[1.997s] INFO:colcon.colcon_core.shell:Creating environment descriptor '/home/student35/Documents/Group5/ros2_ws/install/manipulator_control/share/manipulator_control/hook/ament_prefix_path.dsv'
[1.998s] INFO:colcon.colcon_core.shell:Creating environment hook '/home/student35/Documents/Group5/ros2_ws/install/manipulator_control/share/manipulator_control/hook/ament_prefix_path.sh'
[2.000s] INFO:colcon.colcon_core.shell:Skip shell extension 'powershell' for command environment: Not usable outside of PowerShell
[2.000s] DEBUG:colcon.colcon_core.shell:Skip shell extension 'dsv' for command environment
[2.530s] INFO:colcon.colcon_core.task.python.build:Building Python package in '/home/student35/Documents/Group5/ros2_ws/src/manipulator_control'
[2.530s] INFO:colcon.colcon_core.shell:Skip shell extension 'powershell' for command environment: Not usable outside of PowerShell
[2.530s] DEBUG:colcon.colcon_core.shell:Skip shell extension 'dsv' for command environment
[3.492s] DEBUG:colcon.colcon_core.event_handler.log_command:Invoking command in '/home/student35/Documents/Group5/ros2_ws/src/manipulator_control': DEBUGINFOD_URLS=https://debuginfod.ubuntu.com PYTHONPATH=/home/student35/Documents/Group5/ros2_ws/build/manipulator_control/prefix_override:/usr/lib/python3/dist-packages/colcon_core/task/python/colcon_distutils_commands:/home/student35/Documents/Group5/ros2_ws/install/manipulator_control/lib/python3.12/site-packages:/home/student35/Documents/Group5/ros2_ws/install/leo_rover_custom_interface_package/lib/python3.12/site-packages:/home/student35/Documents/Group5/ros2_ws/install/manipulator_control/lib/python3.12/site-packages:/home/student35/ros2_tutorial_workspace/install/the_simplest_python_package/lib/python3.12/site-packages:/home/student35/ros2_tutorial_workspace/install/python_package_with_a_node/lib/python3.12/site-packages:/home/student35/ros2_tutorial_workspace/install/python_package_that_uses_the_library/lib/python3.12/site-packages:/home/student35/ros2_tutorial_workspace/install/python_package_with_a_library/lib/python3.12/site-packages:/home/student35/ros2_tutorial_workspace/install/python_package_that_uses_the_services/lib/python3.12/site-packages:/home/student35/ros2_tutorial_workspace/install/python_package_that_uses_the_messages/lib/python3.12/site-packages:/home/student35/ros2_tutorial_workspace/install/python_package_that_uses_the_actions/lib/python3.12/site-packages:/home/student35/ros2_tutorial_workspace/install/python_package_that_uses_tf2/lib/python3.12/site-packages:/home/student35/ros2_tutorial_workspace/install/python_package_that_uses_parameters_and_launch_files/lib/python3.12/site-packages:/home/student35/ros2_tutorial_workspace/install/python_package_that_uses_nottf2/lib/python3.12/site-packages:/home/student35/ros2_tutorial_workspace/install/python_package_that_uses_nav2/lib/python3.12/site-packages:/home/student35/ros2_tutorial_workspace/install/python_package_that_uses_geometry_msgs/lib/python3.12/site-packages:/home/student35/ros2_tutorial_workspace/install/python_package_that_uses_gazebo/lib/python3.12/site-packages:/home/student35/ros2_tutorial_workspace/install/package_with_interfaces/lib/python3.12/site-packages:/home/student35/Documents/SoftwareForRobotics/Week03/ros2_ws/install/custom_package_with_node/lib/python3.12/site-packages:/home/student35/Documents/SoftwareForRobotics/Week03/ros2_ws/install/custom_package_with_library/lib/python3.12/site-packages:/home/student35/assessments/week2/install/kia/lib/python3.12/site-packages:/home/student35/assessments/week2/install/ford/lib/python3.12/site-packages:/opt/ros/jazzy/lib/python3.12/site-packages /usr/bin/python3 -W ignore:setup.py install is deprecated -W ignore:easy_install command is deprecated setup.py egg_info --egg-base ../../build/manipulator_control build --build-base /home/student35/Documents/Group5/ros2_ws/build/manipulator_control/build install --record /home/student35/Documents/Group5/ros2_ws/build/manipulator_control/install.log --single-version-externally-managed install_data
[4.391s] Level 1:colcon.colcon_core.environment:checking '/home/student35/Documents/Group5/ros2_ws/install/manipulator_control' for CMake module files
[4.393s] DEBUG:colcon.colcon_core.event_handler.log_command:Invoked command in '/home/student35/Documents/Group5/ros2_ws/src/manipulator_control' returned '0': DEBUGINFOD_URLS=https://debuginfod.ubuntu.com PYTHONPATH=/home/student35/Documents/Group5/ros2_ws/build/manipulator_control/prefix_override:/usr/lib/python3/dist-packages/colcon_core/task/python/colcon_distutils_commands:/home/student35/Documents/Group5/ros2_ws/install/manipulator_control/lib/python3.12/site-packages:/home/student35/Documents/Group5/ros2_ws/install/leo_rover_custom_interface_package/lib/python3.12/site-packages:/home/student35/Documents/Group5/ros2_ws/install/manipulator_control/lib/python3.12/site-packages:/home/student35/ros2_tutorial_workspace/install/the_simplest_python_package/lib/python3.12/site-packages:/home/student35/ros2_tutorial_workspace/install/python_package_with_a_node/lib/python3.12/site-packages:/home/student35/ros2_tutorial_workspace/install/python_package_that_uses_the_library/lib/python3.12/site-packages:/home/student35/ros2_tutorial_workspace/install/python_package_with_a_library/lib/python3.12/site-packages:/home/student35/ros2_tutorial_workspace/install/python_package_that_uses_the_services/lib/python3.12/site-packages:/home/student35/ros2_tutorial_workspace/install/python_package_that_uses_the_messages/lib/python3.12/site-packages:/home/student35/ros2_tutorial_workspace/install/python_package_that_uses_the_actions/lib/python3.12/site-packages:/home/student35/ros2_tutorial_workspace/install/python_package_that_uses_tf2/lib/python3.12/site-packages:/home/student35/ros2_tutorial_workspace/install/python_package_that_uses_parameters_and_launch_files/lib/python3.12/site-packages:/home/student35/ros2_tutorial_workspace/install/python_package_that_uses_nottf2/lib/python3.12/site-packages:/home/student35/ros2_tutorial_workspace/install/python_package_that_uses_nav2/lib/python3.12/site-packages:/home/student35/ros2_tutorial_workspace/install/python_package_that_uses_geometry_msgs/lib/python3.12/site-packages:/home/student35/ros2_tutorial_workspace/install/python_package_that_uses_gazebo/lib/python3.12/site-packages:/home/student35/ros2_tutorial_workspace/install/package_with_interfaces/lib/python3.12/site-packages:/home/student35/Documents/SoftwareForRobotics/Week03/ros2_ws/install/custom_package_with_node/lib/python3.12/site-packages:/home/student35/Documents/SoftwareForRobotics/Week03/ros2_ws/install/custom_package_with_library/lib/python3.12/site-packages:/home/student35/assessments/week2/install/kia/lib/python3.12/site-packages:/home/student35/assessments/week2/install/ford/lib/python3.12/site-packages:/opt/ros/jazzy/lib/python3.12/site-packages /usr/bin/python3 -W ignore:setup.py install is deprecated -W ignore:easy_install command is deprecated setup.py egg_info --egg-base ../../build/manipulator_control build --build-base /home/student35/Documents/Group5/ros2_ws/build/manipulator_control/build install --record /home/student35/Documents/Group5/ros2_ws/build/manipulator_control/install.log --single-version-externally-managed install_data
[4.394s] Level 1:colcon.colcon_core.environment:checking '/home/student35/Documents/Group5/ros2_ws/install/manipulator_control' for CMake config files
[4.395s] Level 1:colcon.colcon_core.environment:checking '/home/student35/Documents/Group5/ros2_ws/install/manipulator_control/lib'
[4.395s] Level 1:colcon.colcon_core.environment:checking '/home/student35/Documents/Group5/ros2_ws/install/manipulator_control/bin'
[4.396s] Level 1:colcon.colcon_core.environment:checking '/home/student35/Documents/Group5/ros2_ws/install/manipulator_control/lib/pkgconfig/manipulator_control.pc'
[4.396s] Level 1:colcon.colcon_core.environment:checking '/home/student35/Documents/Group5/ros2_ws/install/manipulator_control/lib/python3.12/site-packages'
[4.396s] Level 1:colcon.colcon_core.shell:create_environment_hook('manipulator_control', 'pythonpath')
[4.396s] INFO:colcon.colcon_core.shell:Creating environment hook '/home/student35/Documents/Group5/ros2_ws/install/manipulator_control/share/manipulator_control/hook/pythonpath.ps1'
[4.397s] INFO:colcon.colcon_core.shell:Creating environment descriptor '/home/student35/Documents/Group5/ros2_ws/install/manipulator_control/share/manipulator_control/hook/pythonpath.dsv'
[4.398s] INFO:colcon.colcon_core.shell:Creating environment hook '/home/student35/Documents/Group5/ros2_ws/install/manipulator_control/share/manipulator_control/hook/pythonpath.sh'
[4.399s] Level 1:colcon.colcon_core.environment:checking '/home/student35/Documents/Group5/ros2_ws/install/manipulator_control/bin'
[4.399s] Level 1:colcon.colcon_core.environment:create_environment_scripts_only(manipulator_control)
[4.399s] INFO:colcon.colcon_core.shell:Creating package script '/home/student35/Documents/Group5/ros2_ws/install/manipulator_control/share/manipulator_control/package.ps1'
[4.401s] INFO:colcon.colcon_core.shell:Creating package descriptor '/home/student35/Documents/Group5/ros2_ws/install/manipulator_control/share/manipulator_control/package.dsv'
[4.402s] INFO:colcon.colcon_core.shell:Creating package script '/home/student35/Documents/Group5/ros2_ws/install/manipulator_control/share/manipulator_control/package.sh'
[4.408s] INFO:colcon.colcon_core.shell:Creating package script '/home/student35/Documents/Group5/ros2_ws/install/manipulator_control/share/manipulator_control/package.bash'
[4.409s] INFO:colcon.colcon_core.shell:Creating package script '/home/student35/Documents/Group5/ros2_ws/install/manipulator_control/share/manipulator_control/package.zsh'
[4.410s] Level 1:colcon.colcon_core.environment:create_file_with_runtime_dependencies(/home/student35/Documents/Group5/ros2_ws/install/manipulator_control/share/colcon-core/packages/manipulator_control)
[4.412s] DEBUG:colcon.colcon_parallel_executor.executor.parallel:closing loop
[4.413s] DEBUG:colcon.colcon_parallel_executor.executor.parallel:loop closed
[4.413s] DEBUG:colcon.colcon_parallel_executor.executor.parallel:run_until_complete finished with '0'
[4.415s] DEBUG:colcon.colcon_core.event_reactor:joining thread
[4.437s] INFO:colcon.colcon_core.plugin_system:Skipping extension 'colcon_notification.desktop_notification.terminal_notifier': Not used on non-Darwin systems
[4.438s] INFO:colcon.colcon_core.plugin_system:Skipping extension 'colcon_notification.desktop_notification.win32': Not used on non-Windows systems
[4.439s] INFO:colcon.colcon_notification.desktop_notification:Sending desktop notification using 'notify2'
[4.483s] DEBUG:colcon.colcon_core.event_reactor:joined thread
[4.484s] INFO:colcon.colcon_core.shell:Creating prefix script '/home/student35/Documents/Group5/ros2_ws/install/local_setup.ps1'
[4.489s] INFO:colcon.colcon_core.shell:Creating prefix util module '/home/student35/Documents/Group5/ros2_ws/install/_local_setup_util_ps1.py'
[4.500s] INFO:colcon.colcon_core.shell:Creating prefix chain script '/home/student35/Documents/Group5/ros2_ws/install/setup.ps1'
[4.507s] INFO:colcon.colcon_core.shell:Creating prefix script '/home/student35/Documents/Group5/ros2_ws/install/local_setup.sh'
[4.517s] INFO:colcon.colcon_core.shell:Creating prefix util module '/home/student35/Documents/Group5/ros2_ws/install/_local_setup_util_sh.py'
[4.519s] INFO:colcon.colcon_core.shell:Creating prefix chain script '/home/student35/Documents/Group5/ros2_ws/install/setup.sh'
[4.525s] INFO:colcon.colcon_core.shell:Creating prefix script '/home/student35/Documents/Group5/ros2_ws/install/local_setup.bash'
[4.529s] INFO:colcon.colcon_core.shell:Creating prefix chain script '/home/student35/Documents/Group5/ros2_ws/install/setup.bash'
[4.536s] INFO:colcon.colcon_core.shell:Creating prefix script '/home/student35/Documents/Group5/ros2_ws/install/local_setup.zsh'
[4.539s] INFO:colcon.colcon_core.shell:Creating prefix chain script '/home/student35/Documents/Group5/ros2_ws/install/setup.zsh'
